Python executable: /arc/home/RongjunHuang/.conda/envs/ICRAR/bin/python
Python 3.13.3
PYTHONUNBUFFERED: 1
CANFAR base root : /arc/projects/mauve
Local fallback   : /arc/home/RongjunHuang/ICRAR/extended
MASS_DISABLE_STAT: 0
MASS_NCPUS       : 16
MASS_ROW_BLOCK_SIZE: default


=== Using the following files ===
Primary root : /arc/projects/mauve
Fallback root: /arc/home/RongjunHuang/ICRAR/extended
Input keyword: <none>
Cube         : /arc/projects/mauve/cubes/v3.0/NGC4396_DATACUBE_FINAL_WCS_Pall_mad_red_v3.fits
Binning map  : /arc/projects/mauve/products/v0.6/NGC4396/NGC4396_SPATIAL_BINNING_maps.fits
SFH map      : /arc/projects/mauve/products/v0.6/NGC4396/NGC4396_SFH_maps.fits
Weights      : /arc/projects/mauve/products/v0.6/NGC4396/NGC4396_sfh-weights.fits
Photometry   : /arc/home/RongjunHuang/ICRAR/extended/BaSTI+Chabrier.dat
Output       : NGC4396_SPATIAL_BINNING_maps_extended.fits 

Thread control: forcing 16 BLAS/OpenMP threads
Vectorized processing row-block size: 16
Loading: /arc/projects/mauve/products/v0.6/NGC4396/NGC4396_SPATIAL_BINNING_maps.fits
Filename: /arc/projects/mauve/products/v0.6/NGC4396/NGC4396_SPATIAL_BINNING_maps.fits
No.    Name      Ver    Type      Cards   Dimensions   Format
  0  PRIMARY       1 PrimaryHDU       4   ()      
  1  BINID         1 ImageHDU        26   (883, 755)   float64   
  2  FLUX          1 ImageHDU        26   (883, 755)   float64   
  3  SNR           1 ImageHDU        26   (883, 755)   float64   
  4  SNRBIN        1 ImageHDU        26   (883, 755)   float64   
  5  XBIN          1 ImageHDU        26   (883, 755)   float64   
  6  YBIN          1 ImageHDU        26   (883, 755)   float64   
None
Loading: /arc/projects/mauve/products/v0.6/NGC4396/NGC4396_sfh-weights.fits
Filename: /arc/projects/mauve/products/v0.6/NGC4396/NGC4396_sfh-weights.fits
No.    Name      Ver    Type      Cards   Dimensions   Format
  0  PRIMARY       1 PrimaryHDU      23   ()      
  1  WEIGHTS       1 BinTableHDU     27   2338R x 1C   [477D]   
  2  GRID          1 BinTableHDU     31   477R x 3C   [D, D, D]   
None
Loaded 636 out of 636 rows of data from BaSTI+Chabrier.dat
Raw SFH weight-sum [min, p16, p50, p84, max] = [1.0000e+00, 1.0000e+00, 1.0000e+00, 1.0000e+00, 1.0000e+00]
Normalized SFH weight-sum check [min, max] = [1.000000, 1.000000]
Composite ML_R candidates [median] (light_r, light_norm_to_r, light_v_to_r, mass_harmonic) = [0.8151, 0.8659, 0.8975, 0.2656]
Template-library LIGHT normalization for ML_R: /arc/home/RongjunHuang/ICRAR/extended/MILES_safe (LMIN=4800.0, LMAX=7000.0 Angstrom)
Selected SFH-weight interpretation for ML_R: light_norm_to_r
BINID range check for ML_R mapping: max BINID=2337, n_weight_rows=2338
Loading: /arc/projects/mauve/cubes/v3.0/NGC4396_DATACUBE_FINAL_WCS_Pall_mad_red_v3.fits
Using STAT variance extension for photometric error propagation.
Cube dimensions (nz, ny, nx): 3761, 755, 883
Approx. DATA footprint: 9.34 GiB
Approx. STAT footprint: 9.34 GiB
Building exact speclite linear operator for AB maggies...
  Linear-operator chunk 1/8 (wave bins 0:512, elapsed 0.0s)
  Linear-operator chunk 2/8 (wave bins 512:1024, elapsed 0.0s)
  Linear-operator chunk 3/8 (wave bins 1024:1536, elapsed 0.1s)
  Linear-operator chunk 4/8 (wave bins 1536:2048, elapsed 0.1s)
  Linear-operator chunk 5/8 (wave bins 2048:2560, elapsed 0.1s)
  Linear-operator chunk 6/8 (wave bins 2560:3072, elapsed 0.1s)
  Linear-operator chunk 7/8 (wave bins 3072:3584, elapsed 0.2s)
  Linear-operator chunk 8/8 (wave bins 3584:3761, elapsed 0.2s)
Using contiguous filter-support slice: [641:3441] (2800 bins).
Photometric propagation method: exact discrete first-order Jacobian through speclite AB-maggies operator (support bins=2800/3761).
STAT assumption: independent spectral-bin variances (no covariance provided by cube).
Computing AB maggies with vectorized blocks... (estimated support-slice stream volume: 13.91 GiB, DATA+STAT)
Processed rows 0:16/755 (  2.1%, block 1/48, block 1128.44s, elapsed 18.81 min, ETA 883.94 min)
Processed rows 16:32/755 (  4.2%, block 2/48, block 0.83s, elapsed 18.82 min, ETA 432.89 min)
Processed rows 32:48/755 (  6.4%, block 3/48, block 0.84s, elapsed 18.84 min, ETA 282.53 min)
Processed rows 48:64/755 (  8.5%, block 4/48, block 0.81s, elapsed 18.85 min, ETA 207.34 min)
Processed rows 64:80/755 ( 10.6%, block 5/48, block 0.81s, elapsed 18.86 min, ETA 162.21 min)
Processed rows 80:96/755 ( 12.7%, block 6/48, block 0.86s, elapsed 18.88 min, ETA 132.14 min)
Processed rows 96:112/755 ( 14.8%, block 7/48, block 0.80s, elapsed 18.89 min, ETA 110.64 min)
Processed rows 112:128/755 ( 17.0%, block 8/48, block 0.81s, elapsed 18.90 min, ETA 94.52 min)
Processed rows 128:144/755 ( 19.1%, block 9/48, block 0.81s, elapsed 18.92 min, ETA 81.97 min)
Processed rows 144:160/755 ( 21.2%, block 10/48, block 0.88s, elapsed 18.93 min, ETA 71.94 min)
Processed rows 160:176/755 ( 23.3%, block 11/48, block 0.82s, elapsed 18.95 min, ETA 63.72 min)
Processed rows 176:192/755 ( 25.4%, block 12/48, block 0.79s, elapsed 18.96 min, ETA 56.88 min)
Processed rows 192:208/755 ( 27.5%, block 13/48, block 0.88s, elapsed 18.97 min, ETA 51.08 min)
Processed rows 208:224/755 ( 29.7%, block 14/48, block 0.80s, elapsed 18.99 min, ETA 46.11 min)
Processed rows 224:240/755 ( 31.8%, block 15/48, block 0.80s, elapsed 19.00 min, ETA 41.80 min)
Processed rows 240:256/755 ( 33.9%, block 16/48, block 0.87s, elapsed 19.01 min, ETA 38.03 min)
Processed rows 256:272/755 ( 36.0%, block 17/48, block 0.81s, elapsed 19.03 min, ETA 34.70 min)
Processed rows 272:288/755 ( 38.1%, block 18/48, block 0.81s, elapsed 19.04 min, ETA 31.74 min)
Processed rows 288:304/755 ( 40.3%, block 19/48, block 0.80s, elapsed 19.05 min, ETA 29.08 min)
Processed rows 304:320/755 ( 42.4%, block 20/48, block 0.81s, elapsed 19.07 min, ETA 26.70 min)
Processed rows 320:336/755 ( 44.5%, block 21/48, block 0.84s, elapsed 19.08 min, ETA 24.53 min)
Processed rows 336:352/755 ( 46.6%, block 22/48, block 0.82s, elapsed 19.10 min, ETA 22.57 min)
Processed rows 352:368/755 ( 48.7%, block 23/48, block 0.88s, elapsed 19.11 min, ETA 20.77 min)
Processed rows 368:384/755 ( 50.9%, block 24/48, block 0.84s, elapsed 19.12 min, ETA 19.12 min)
Processed rows 384:400/755 ( 53.0%, block 25/48, block 0.88s, elapsed 19.14 min, ETA 17.61 min)
Processed rows 400:416/755 ( 55.1%, block 26/48, block 0.80s, elapsed 19.15 min, ETA 16.21 min)
Processed rows 416:432/755 ( 57.2%, block 27/48, block 1.04s, elapsed 19.17 min, ETA 14.91 min)
Processed rows 432:448/755 ( 59.3%, block 28/48, block 0.83s, elapsed 19.18 min, ETA 13.70 min)
Processed rows 448:464/755 ( 61.5%, block 29/48, block 0.79s, elapsed 19.20 min, ETA 12.58 min)
Processed rows 464:480/755 ( 63.6%, block 30/48, block 0.82s, elapsed 19.21 min, ETA 11.53 min)
Processed rows 480:496/755 ( 65.7%, block 31/48, block 0.80s, elapsed 19.22 min, ETA 10.54 min)
Processed rows 496:512/755 ( 67.8%, block 32/48, block 0.87s, elapsed 19.24 min, ETA 9.62 min)
Processed rows 512:528/755 ( 69.9%, block 33/48, block 0.81s, elapsed 19.25 min, ETA 8.75 min)
Processed rows 528:544/755 ( 72.1%, block 34/48, block 0.81s, elapsed 19.27 min, ETA 7.93 min)
Processed rows 544:560/755 ( 74.2%, block 35/48, block 0.88s, elapsed 19.28 min, ETA 7.16 min)
Processed rows 560:576/755 ( 76.3%, block 36/48, block 0.89s, elapsed 19.29 min, ETA 6.43 min)
Processed rows 576:592/755 ( 78.4%, block 37/48, block 0.86s, elapsed 19.31 min, ETA 5.74 min)
Processed rows 592:608/755 ( 80.5%, block 38/48, block 1.13s, elapsed 19.33 min, ETA 5.09 min)
Processed rows 608:624/755 ( 82.6%, block 39/48, block 0.85s, elapsed 19.34 min, ETA 4.46 min)
Processed rows 624:640/755 ( 84.8%, block 40/48, block 0.88s, elapsed 19.36 min, ETA 3.87 min)
Processed rows 640:656/755 ( 86.9%, block 41/48, block 0.87s, elapsed 19.37 min, ETA 3.31 min)
Processed rows 656:672/755 ( 89.0%, block 42/48, block 0.84s, elapsed 19.39 min, ETA 2.77 min)
Processed rows 672:688/755 ( 91.1%, block 43/48, block 0.87s, elapsed 19.40 min, ETA 2.26 min)
Processed rows 688:704/755 ( 93.2%, block 44/48, block 0.79s, elapsed 19.41 min, ETA 1.76 min)
Processed rows 704:720/755 ( 95.4%, block 45/48, block 0.81s, elapsed 19.43 min, ETA 1.30 min)
Processed rows 720:736/755 ( 97.5%, block 46/48, block 0.86s, elapsed 19.44 min, ETA 0.85 min)
Processed rows 736:752/755 ( 99.6%, block 47/48, block 0.85s, elapsed 19.45 min, ETA 0.41 min)
Processed rows 752:755/755 (100.0%, block 48/48, block 0.17s, elapsed 19.46 min, ETA 0.00 min)
AB maggies vectorized pass completed in 19.46 min
Estimated effective streaming throughput: 12.2 MiB/s over support-slice read volume
Filter-support fraction [p16, p50, p84] = [0.000000, 0.000000, 1.000000]
Strict all-finite support pixels vs accepted relaxed-support pixels = 266,548 vs 267,119 (threshold=0.9900)
/arc/home/RongjunHuang/ICRAR/extended/Mass.py:1272: RuntimeWarning: invalid value encountered in log10
  m_r_map = np.where(maggies_map > 0, -2.5 * np.log10(maggies_map), np.nan).astype(np.float32)
Finite binned flux-error bins: 2338/2338 (STAT=2338, sample=2338)
Finite binned magnitude-error bins: 2338/2338
Median binned relative flux error : 7.2304e-04
Binned magnitude error min/max   : 2.1691e-04 .. 6.2355e-03 mag
Binned magnitude error [p16, p50, p84] = [7.1941e-04, 7.8504e-04, 8.5066e-04] mag
Warning: No EBV error extension found; EBV uncertainty term will be omitted.
R-band magnitude calculation completed!
Filter used: bessell-R
Magnitude range: 17.59 to 26.63
Distance modulus: 31.09 mag
Total R-band magnitude (uncorrected) : 12.240 mag (AB)
Total R-band magnitude (corrected)   : 11.978 mag (AB)
Total R-band luminosity              : 9.488 log10(L☉)
Total stellar mass (R)               : 9.454 log10(M☉)
Integrated stellar M/L_R             : 0.9244 M☉/L☉
Median LOGMSTAR_ERR      : 3.1698e-04 dex
LOGMSTAR_ERR [p16, p50, p84] = [2.9277e-04, 3.1698e-04, 3.4599e-04] dex
LOGMSTAR_ERR min/max     : 8.6766e-05 .. 2.4942e-03 dex
Error budget note (LOGMSTAR): includes photometric+extinction propagation; excludes M/L model, distance, and inclination/area systematic uncertainties.
Saved extended file to /arc/home/RongjunHuang/ICRAR/extended/NGC4396_SPATIAL_BINNING_maps_extended.fits
M/L_R layer saved ➜ /arc/home/RongjunHuang/ICRAR/extended/NGC4396_SPATIAL_BINNING_maps_extended.fits
Stellar-mass layer saved ➜ /arc/home/RongjunHuang/ICRAR/extended/NGC4396_SPATIAL_BINNING_maps_extended.fits
Galaxy NGC4396 inclination: 83.0° (cos θ = 0.122)
Inclination correction ENABLED: applying b/a = 0.233 (adopting intrinsic thickness q₀ = 0.2 for disc galaxy)
Median LOGMASS_SURFACE_DENSITY_ERR: 3.1698e-04 dex
LOGMASS_SURFACE_DENSITY_ERR [p16, p50, p84] = [2.9277e-04, 3.1698e-04, 3.4599e-04] dex
LOGMASS_SURFACE_DENSITY_ERR min/max: 8.6766e-05 .. 2.4942e-03 dex
Consistency check |LOGMSTAR_ERR - LOGMASS_SURFACE_DENSITY_ERR| median=5.4210e-20 dex, max=4.3368e-19 dex
Stellar mass surface density layer saved ➜ /arc/home/RongjunHuang/ICRAR/extended/NGC4396_SPATIAL_BINNING_maps_extended.fits
r-band magnitude layer saved ➜ /arc/home/RongjunHuang/ICRAR/extended/NGC4396_SPATIAL_BINNING_maps_extended.fits
r-band uncorrected magnitude layer saved ➜ /arc/home/RongjunHuang/ICRAR/extended/NGC4396_SPATIAL_BINNING_maps_extended.fits
✅  NGC4396 finished in 19m43s
