Python executable: /arc/home/RongjunHuang/.conda/envs/ICRAR/bin/python
Python 3.13.3
PYTHONUNBUFFERED: 1
CANFAR base root : /arc/projects/mauve
Local fallback   : /arc/home/RongjunHuang/ICRAR/extended
MASS_DISABLE_STAT: 0
MASS_NCPUS       : 16
MASS_ROW_BLOCK_SIZE: default


=== Using the following files ===
Primary root : /arc/projects/mauve
Fallback root: /arc/home/RongjunHuang/ICRAR/extended
Input keyword: <none>
Cube         : /arc/projects/mauve/cubes/v3.0/NGC4501_DATACUBE_FINAL_WCS_Pall_mad_red_v3.fits
Binning map  : /arc/projects/mauve/products/v0.6/NGC4501/NGC4501_SPATIAL_BINNING_maps.fits
SFH map      : /arc/projects/mauve/products/v0.6/NGC4501/NGC4501_SFH_maps.fits
Weights      : /arc/projects/mauve/products/v0.6/NGC4501/NGC4501_sfh-weights.fits
Photometry   : /arc/home/RongjunHuang/ICRAR/extended/BaSTI+Chabrier.dat
Output       : NGC4501_SPATIAL_BINNING_maps_extended.fits 

Thread control: forcing 16 BLAS/OpenMP threads
Vectorized processing row-block size: 16
Loading: /arc/projects/mauve/products/v0.6/NGC4501/NGC4501_SPATIAL_BINNING_maps.fits
Filename: /arc/projects/mauve/products/v0.6/NGC4501/NGC4501_SPATIAL_BINNING_maps.fits
No.    Name      Ver    Type      Cards   Dimensions   Format
  0  PRIMARY       1 PrimaryHDU       4   ()      
  1  BINID         1 ImageHDU        26   (1205, 1236)   float64   
  2  FLUX          1 ImageHDU        26   (1205, 1236)   float64   
  3  SNR           1 ImageHDU        26   (1205, 1236)   float64   
  4  SNRBIN        1 ImageHDU        26   (1205, 1236)   float64   
  5  XBIN          1 ImageHDU        26   (1205, 1236)   float64   
  6  YBIN          1 ImageHDU        26   (1205, 1236)   float64   
None
Loading: /arc/projects/mauve/products/v0.6/NGC4501/NGC4501_sfh-weights.fits
Filename: /arc/projects/mauve/products/v0.6/NGC4501/NGC4501_sfh-weights.fits
No.    Name      Ver    Type      Cards   Dimensions   Format
  0  PRIMARY       1 PrimaryHDU      23   ()      
  1  WEIGHTS       1 BinTableHDU     27   75413R x 1C   [477D]   
  2  GRID          1 BinTableHDU     31   477R x 3C   [D, D, D]   
None
Loaded 636 out of 636 rows of data from BaSTI+Chabrier.dat
Raw SFH weight-sum [min, p16, p50, p84, max] = [1.0000e+00, 1.0000e+00, 1.0000e+00, 1.0000e+00, 1.0000e+00]
Normalized SFH weight-sum check [min, max] = [1.000000, 1.000000]
Composite ML_R candidates [median] (light_r, light_norm_to_r, light_v_to_r, mass_harmonic) = [1.9886, 2.1076, 2.1679, 0.5117]
Template-library LIGHT normalization for ML_R: /arc/home/RongjunHuang/ICRAR/extended/MILES_safe (LMIN=4800.0, LMAX=7000.0 Angstrom)
Selected SFH-weight interpretation for ML_R: light_norm_to_r
BINID range check for ML_R mapping: max BINID=75412, n_weight_rows=75413
Loading: /arc/projects/mauve/cubes/v3.0/NGC4501_DATACUBE_FINAL_WCS_Pall_mad_red_v3.fits
Using STAT variance extension for photometric error propagation.
Cube dimensions (nz, ny, nx): 3761, 1236, 1205
Approx. DATA footprint: 20.87 GiB
Approx. STAT footprint: 20.87 GiB
Building exact speclite linear operator for AB maggies...
  Linear-operator chunk 1/8 (wave bins 0:512, elapsed 0.0s)
  Linear-operator chunk 2/8 (wave bins 512:1024, elapsed 0.1s)
  Linear-operator chunk 3/8 (wave bins 1024:1536, elapsed 0.1s)
  Linear-operator chunk 4/8 (wave bins 1536:2048, elapsed 0.1s)
  Linear-operator chunk 5/8 (wave bins 2048:2560, elapsed 0.1s)
  Linear-operator chunk 6/8 (wave bins 2560:3072, elapsed 0.1s)
  Linear-operator chunk 7/8 (wave bins 3072:3584, elapsed 0.1s)
  Linear-operator chunk 8/8 (wave bins 3584:3761, elapsed 0.2s)
Using contiguous filter-support slice: [641:3441] (2800 bins).
Photometric propagation method: exact discrete first-order Jacobian through speclite AB-maggies operator (support bins=2800/3761).
STAT assumption: independent spectral-bin variances (no covariance provided by cube).
Computing AB maggies with vectorized blocks... (estimated support-slice stream volume: 31.07 GiB, DATA+STAT)
Processed rows 0:16/1236 (  1.3%, block 1/78, block 2081.11s, elapsed 34.69 min, ETA 2670.75 min)
Processed rows 16:32/1236 (  2.6%, block 2/78, block 0.95s, elapsed 34.70 min, ETA 1318.64 min)
Processed rows 32:48/1236 (  3.9%, block 3/78, block 0.91s, elapsed 34.72 min, ETA 867.90 min)
Processed rows 48:64/1236 (  5.2%, block 4/78, block 0.93s, elapsed 34.73 min, ETA 642.54 min)
Processed rows 64:80/1236 (  6.5%, block 5/78, block 0.92s, elapsed 34.75 min, ETA 507.31 min)
Processed rows 80:96/1236 (  7.8%, block 6/78, block 0.92s, elapsed 34.76 min, ETA 417.15 min)
Processed rows 96:112/1236 (  9.1%, block 7/78, block 0.92s, elapsed 34.78 min, ETA 352.74 min)
Processed rows 112:128/1236 ( 10.4%, block 8/78, block 0.90s, elapsed 34.79 min, ETA 304.44 min)
Processed rows 128:144/1236 ( 11.7%, block 9/78, block 0.92s, elapsed 34.81 min, ETA 266.86 min)
Processed rows 144:160/1236 ( 12.9%, block 10/78, block 0.92s, elapsed 34.82 min, ETA 236.80 min)
Processed rows 160:176/1236 ( 14.2%, block 11/78, block 0.91s, elapsed 34.84 min, ETA 212.20 min)
Processed rows 176:192/1236 ( 15.5%, block 12/78, block 0.92s, elapsed 34.85 min, ETA 191.70 min)
Processed rows 192:208/1236 ( 16.8%, block 13/78, block 0.92s, elapsed 34.87 min, ETA 174.35 min)
Processed rows 208:224/1236 ( 18.1%, block 14/78, block 0.91s, elapsed 34.88 min, ETA 159.47 min)
Processed rows 224:240/1236 ( 19.4%, block 15/78, block 0.91s, elapsed 34.90 min, ETA 146.58 min)
Processed rows 240:256/1236 ( 20.7%, block 16/78, block 0.92s, elapsed 34.91 min, ETA 135.29 min)
Processed rows 256:272/1236 ( 22.0%, block 17/78, block 0.94s, elapsed 34.93 min, ETA 125.34 min)
Processed rows 272:288/1236 ( 23.3%, block 18/78, block 0.93s, elapsed 34.95 min, ETA 116.49 min)
Processed rows 288:304/1236 ( 24.6%, block 19/78, block 0.92s, elapsed 34.96 min, ETA 108.56 min)
Processed rows 304:320/1236 ( 25.9%, block 20/78, block 0.91s, elapsed 34.98 min, ETA 101.43 min)
Processed rows 320:336/1236 ( 27.2%, block 21/78, block 0.92s, elapsed 34.99 min, ETA 94.98 min)
Processed rows 336:352/1236 ( 28.5%, block 22/78, block 0.89s, elapsed 35.01 min, ETA 89.11 min)
Processed rows 352:368/1236 ( 29.8%, block 23/78, block 0.93s, elapsed 35.02 min, ETA 83.75 min)
Processed rows 368:384/1236 ( 31.1%, block 24/78, block 0.91s, elapsed 35.04 min, ETA 78.83 min)
Processed rows 384:400/1236 ( 32.4%, block 25/78, block 0.91s, elapsed 35.05 min, ETA 74.31 min)
Processed rows 400:416/1236 ( 33.7%, block 26/78, block 0.92s, elapsed 35.07 min, ETA 70.14 min)
Processed rows 416:432/1236 ( 35.0%, block 27/78, block 0.93s, elapsed 35.08 min, ETA 66.27 min)
Processed rows 432:448/1236 ( 36.2%, block 28/78, block 1.44s, elapsed 35.11 min, ETA 62.69 min)
Processed rows 448:464/1236 ( 37.5%, block 29/78, block 0.88s, elapsed 35.12 min, ETA 59.34 min)
Processed rows 464:480/1236 ( 38.8%, block 30/78, block 0.94s, elapsed 35.14 min, ETA 56.22 min)
Processed rows 480:496/1236 ( 40.1%, block 31/78, block 0.95s, elapsed 35.15 min, ETA 53.30 min)
Processed rows 496:512/1236 ( 41.4%, block 32/78, block 0.94s, elapsed 35.17 min, ETA 50.56 min)
Processed rows 512:528/1236 ( 42.7%, block 33/78, block 0.89s, elapsed 35.18 min, ETA 47.98 min)
Processed rows 528:544/1236 ( 44.0%, block 34/78, block 0.92s, elapsed 35.20 min, ETA 45.55 min)
Processed rows 544:560/1236 ( 45.3%, block 35/78, block 0.90s, elapsed 35.21 min, ETA 43.26 min)
Processed rows 560:576/1236 ( 46.6%, block 36/78, block 0.90s, elapsed 35.23 min, ETA 41.10 min)
Processed rows 576:592/1236 ( 47.9%, block 37/78, block 0.92s, elapsed 35.24 min, ETA 39.05 min)
Processed rows 592:608/1236 ( 49.2%, block 38/78, block 0.92s, elapsed 35.26 min, ETA 37.12 min)
Processed rows 608:624/1236 ( 50.5%, block 39/78, block 0.92s, elapsed 35.28 min, ETA 35.28 min)
Processed rows 624:640/1236 ( 51.8%, block 40/78, block 0.90s, elapsed 35.29 min, ETA 33.53 min)
Processed rows 640:656/1236 ( 53.1%, block 41/78, block 0.93s, elapsed 35.31 min, ETA 31.86 min)
Processed rows 656:672/1236 ( 54.4%, block 42/78, block 0.91s, elapsed 35.32 min, ETA 30.27 min)
Processed rows 672:688/1236 ( 55.7%, block 43/78, block 0.91s, elapsed 35.34 min, ETA 28.76 min)
Processed rows 688:704/1236 ( 57.0%, block 44/78, block 0.91s, elapsed 35.35 min, ETA 27.32 min)
Processed rows 704:720/1236 ( 58.3%, block 45/78, block 0.94s, elapsed 35.37 min, ETA 25.94 min)
Processed rows 720:736/1236 ( 59.5%, block 46/78, block 0.93s, elapsed 35.38 min, ETA 24.61 min)
Processed rows 736:752/1236 ( 60.8%, block 47/78, block 0.93s, elapsed 35.40 min, ETA 23.35 min)
Processed rows 752:768/1236 ( 62.1%, block 48/78, block 0.93s, elapsed 35.41 min, ETA 22.13 min)
Processed rows 768:784/1236 ( 63.4%, block 49/78, block 0.93s, elapsed 35.43 min, ETA 20.97 min)
Processed rows 784:800/1236 ( 64.7%, block 50/78, block 0.97s, elapsed 35.44 min, ETA 19.85 min)
Processed rows 800:816/1236 ( 66.0%, block 51/78, block 0.91s, elapsed 35.46 min, ETA 18.77 min)
Processed rows 816:832/1236 ( 67.3%, block 52/78, block 0.92s, elapsed 35.48 min, ETA 17.74 min)
Processed rows 832:848/1236 ( 68.6%, block 53/78, block 0.91s, elapsed 35.49 min, ETA 16.74 min)
Processed rows 848:864/1236 ( 69.9%, block 54/78, block 0.90s, elapsed 35.51 min, ETA 15.78 min)
Processed rows 864:880/1236 ( 71.2%, block 55/78, block 0.95s, elapsed 35.52 min, ETA 14.85 min)
Processed rows 880:896/1236 ( 72.5%, block 56/78, block 0.93s, elapsed 35.54 min, ETA 13.96 min)
Processed rows 896:912/1236 ( 73.8%, block 57/78, block 0.96s, elapsed 35.55 min, ETA 13.10 min)
Processed rows 912:928/1236 ( 75.1%, block 58/78, block 0.92s, elapsed 35.57 min, ETA 12.26 min)
Processed rows 928:944/1236 ( 76.4%, block 59/78, block 0.95s, elapsed 35.58 min, ETA 11.46 min)
Processed rows 944:960/1236 ( 77.7%, block 60/78, block 0.93s, elapsed 35.60 min, ETA 10.68 min)
Processed rows 960:976/1236 ( 79.0%, block 61/78, block 0.93s, elapsed 35.62 min, ETA 9.93 min)
Processed rows 976:992/1236 ( 80.3%, block 62/78, block 0.92s, elapsed 35.63 min, ETA 9.19 min)
Processed rows 992:1008/1236 ( 81.6%, block 63/78, block 0.92s, elapsed 35.65 min, ETA 8.49 min)
Processed rows 1008:1024/1236 ( 82.8%, block 64/78, block 0.93s, elapsed 35.66 min, ETA 7.80 min)
Processed rows 1024:1040/1236 ( 84.1%, block 65/78, block 0.92s, elapsed 35.68 min, ETA 7.14 min)
Processed rows 1040:1056/1236 ( 85.4%, block 66/78, block 0.92s, elapsed 35.69 min, ETA 6.49 min)
Processed rows 1056:1072/1236 ( 86.7%, block 67/78, block 0.92s, elapsed 35.71 min, ETA 5.86 min)
Processed rows 1072:1088/1236 ( 88.0%, block 68/78, block 0.93s, elapsed 35.72 min, ETA 5.25 min)
Processed rows 1088:1104/1236 ( 89.3%, block 69/78, block 0.91s, elapsed 35.74 min, ETA 4.66 min)
Processed rows 1104:1120/1236 ( 90.6%, block 70/78, block 0.92s, elapsed 35.75 min, ETA 4.09 min)
Processed rows 1120:1136/1236 ( 91.9%, block 71/78, block 0.92s, elapsed 35.77 min, ETA 3.53 min)
Processed rows 1136:1152/1236 ( 93.2%, block 72/78, block 0.90s, elapsed 35.78 min, ETA 2.98 min)
Processed rows 1152:1168/1236 ( 94.5%, block 73/78, block 0.93s, elapsed 35.80 min, ETA 2.45 min)
Processed rows 1168:1184/1236 ( 95.8%, block 74/78, block 0.92s, elapsed 35.81 min, ETA 1.94 min)
Processed rows 1184:1200/1236 ( 97.1%, block 75/78, block 0.93s, elapsed 35.83 min, ETA 1.43 min)
Processed rows 1200:1216/1236 ( 98.4%, block 76/78, block 0.92s, elapsed 35.85 min, ETA 0.94 min)
Processed rows 1216:1232/1236 ( 99.7%, block 77/78, block 0.93s, elapsed 35.86 min, ETA 0.47 min)
Processed rows 1232:1236/1236 (100.0%, block 78/78, block 0.25s, elapsed 35.86 min, ETA 0.00 min)
AB maggies vectorized pass completed in 35.86 min
Estimated effective streaming throughput: 14.8 MiB/s over support-slice read volume
Filter-support fraction [p16, p50, p84] = [0.000000, 0.000000, 1.000000]
Strict all-finite support pixels vs accepted relaxed-support pixels = 665,896 vs 666,636 (threshold=0.9900)
/arc/home/RongjunHuang/ICRAR/extended/Mass.py:1272: RuntimeWarning: invalid value encountered in log10
  m_r_map = np.where(maggies_map > 0, -2.5 * np.log10(maggies_map), np.nan).astype(np.float32)
Finite binned flux-error bins: 75413/75413 (STAT=75413, sample=75413)
Finite binned magnitude-error bins: 75413/75413
Median binned relative flux error : 6.2761e-04
Binned magnitude error min/max   : 1.7044e-04 .. 9.7279e-03 mag
Binned magnitude error [p16, p50, p84] = [6.1168e-04, 6.8142e-04, 7.4970e-04] mag
Warning: No EBV error extension found; EBV uncertainty term will be omitted.
R-band magnitude calculation completed!
Filter used: bessell-R
Magnitude range: 17.91 to 25.60
Distance modulus: 31.09 mag
Total R-band magnitude (uncorrected) : 9.365 mag (AB)
Total R-band magnitude (corrected)   : 8.728 mag (AB)
Total R-band luminosity              : 10.788 log10(L☉)
Total stellar mass (R)               : 11.117 log10(M☉)
Integrated stellar M/L_R             : 2.1354 M☉/L☉
Median LOGMSTAR_ERR      : 2.8400e-04 dex
LOGMSTAR_ERR [p16, p50, p84] = [2.6116e-04, 2.8400e-04, 3.1700e-04] dex
LOGMSTAR_ERR min/max     : 6.8178e-05 .. 3.8912e-03 dex
Error budget note (LOGMSTAR): includes photometric+extinction propagation; excludes M/L model, distance, and inclination/area systematic uncertainties.
Saved extended file to /arc/home/RongjunHuang/ICRAR/extended/NGC4501_SPATIAL_BINNING_maps_extended.fits
M/L_R layer saved ➜ /arc/home/RongjunHuang/ICRAR/extended/NGC4501_SPATIAL_BINNING_maps_extended.fits
Stellar-mass layer saved ➜ /arc/home/RongjunHuang/ICRAR/extended/NGC4501_SPATIAL_BINNING_maps_extended.fits
Galaxy NGC4501 inclination: 65.0° (cos θ = 0.423)
Inclination correction ENABLED: applying b/a = 0.460 (adopting intrinsic thickness q₀ = 0.2 for disc galaxy)
Median LOGMASS_SURFACE_DENSITY_ERR: 2.8400e-04 dex
LOGMASS_SURFACE_DENSITY_ERR [p16, p50, p84] = [2.6116e-04, 2.8400e-04, 3.1700e-04] dex
LOGMASS_SURFACE_DENSITY_ERR min/max: 6.8178e-05 .. 3.8912e-03 dex
Consistency check |LOGMSTAR_ERR - LOGMASS_SURFACE_DENSITY_ERR| median=0.0000e+00 dex, max=2.1684e-19 dex
Stellar mass surface density layer saved ➜ /arc/home/RongjunHuang/ICRAR/extended/NGC4501_SPATIAL_BINNING_maps_extended.fits
r-band magnitude layer saved ➜ /arc/home/RongjunHuang/ICRAR/extended/NGC4501_SPATIAL_BINNING_maps_extended.fits
r-band uncorrected magnitude layer saved ➜ /arc/home/RongjunHuang/ICRAR/extended/NGC4501_SPATIAL_BINNING_maps_extended.fits
✅  NGC4501 finished in 36m29s
