Python executable: /arc/home/RongjunHuang/.conda/envs/ICRAR/bin/python
Python 3.13.3
PYTHONUNBUFFERED: 1
CANFAR base root : /arc/projects/mauve
Local fallback   : /arc/home/RongjunHuang/ICRAR/extended
MASS_DISABLE_STAT: 0
MASS_NCPUS       : 16
MASS_ROW_BLOCK_SIZE: default


=== Using the following files ===
Primary root : /arc/projects/mauve
Fallback root: /arc/home/RongjunHuang/ICRAR/extended
Input keyword: <none>
Cube         : /arc/projects/mauve/cubes/v3.0/NGC4383_DATACUBE_FINAL_WCS_Pall_mad_red_v3.fits
Binning map  : /arc/projects/mauve/products/v0.6/NGC4383/NGC4383_SPATIAL_BINNING_maps.fits
SFH map      : /arc/projects/mauve/products/v0.6/NGC4383/NGC4383_SFH_maps.fits
Weights      : /arc/projects/mauve/products/v0.6/NGC4383/NGC4383_sfh-weights.fits
Photometry   : /arc/home/RongjunHuang/ICRAR/extended/BaSTI+Chabrier.dat
Output       : NGC4383_SPATIAL_BINNING_maps_extended.fits 

Thread control: forcing 16 BLAS/OpenMP threads
Vectorized processing row-block size: 16
Loading: /arc/projects/mauve/products/v0.6/NGC4383/NGC4383_SPATIAL_BINNING_maps.fits
Filename: /arc/projects/mauve/products/v0.6/NGC4383/NGC4383_SPATIAL_BINNING_maps.fits
No.    Name      Ver    Type      Cards   Dimensions   Format
  0  PRIMARY       1 PrimaryHDU       4   ()      
  1  BINID         1 ImageHDU        26   (633, 705)   float64   
  2  FLUX          1 ImageHDU        26   (633, 705)   float64   
  3  SNR           1 ImageHDU        26   (633, 705)   float64   
  4  SNRBIN        1 ImageHDU        26   (633, 705)   float64   
  5  XBIN          1 ImageHDU        26   (633, 705)   float64   
  6  YBIN          1 ImageHDU        26   (633, 705)   float64   
None
Loading: /arc/projects/mauve/products/v0.6/NGC4383/NGC4383_sfh-weights.fits
Filename: /arc/projects/mauve/products/v0.6/NGC4383/NGC4383_sfh-weights.fits
No.    Name      Ver    Type      Cards   Dimensions   Format
  0  PRIMARY       1 PrimaryHDU      23   ()      
  1  WEIGHTS       1 BinTableHDU     27   9028R x 1C   [477D]   
  2  GRID          1 BinTableHDU     31   477R x 3C   [D, D, D]   
None
Loaded 636 out of 636 rows of data from BaSTI+Chabrier.dat
Raw SFH weight-sum [min, p16, p50, p84, max] = [1.0000e+00, 1.0000e+00, 1.0000e+00, 1.0000e+00, 1.0000e+00]
Normalized SFH weight-sum check [min, max] = [1.000000, 1.000000]
Composite ML_R candidates [median] (light_r, light_norm_to_r, light_v_to_r, mass_harmonic) = [0.6429, 0.6817, 0.7013, 0.2367]
Template-library LIGHT normalization for ML_R: /arc/home/RongjunHuang/ICRAR/extended/MILES_safe (LMIN=4800.0, LMAX=7000.0 Angstrom)
Selected SFH-weight interpretation for ML_R: light_norm_to_r
BINID range check for ML_R mapping: max BINID=9027, n_weight_rows=9028
Loading: /arc/projects/mauve/cubes/v3.0/NGC4383_DATACUBE_FINAL_WCS_Pall_mad_red_v3.fits
Using STAT variance extension for photometric error propagation.
Cube dimensions (nz, ny, nx): 3761, 705, 633
Approx. DATA footprint: 6.25 GiB
Approx. STAT footprint: 6.25 GiB
Building exact speclite linear operator for AB maggies...
  Linear-operator chunk 1/8 (wave bins 0:512, elapsed 0.0s)
  Linear-operator chunk 2/8 (wave bins 512:1024, elapsed 0.0s)
  Linear-operator chunk 3/8 (wave bins 1024:1536, elapsed 0.1s)
  Linear-operator chunk 4/8 (wave bins 1536:2048, elapsed 0.1s)
  Linear-operator chunk 5/8 (wave bins 2048:2560, elapsed 0.1s)
  Linear-operator chunk 6/8 (wave bins 2560:3072, elapsed 0.1s)
  Linear-operator chunk 7/8 (wave bins 3072:3584, elapsed 0.1s)
  Linear-operator chunk 8/8 (wave bins 3584:3761, elapsed 0.2s)
Using contiguous filter-support slice: [641:3441] (2800 bins).
Photometric propagation method: exact discrete first-order Jacobian through speclite AB-maggies operator (support bins=2800/3761).
STAT assumption: independent spectral-bin variances (no covariance provided by cube).
Computing AB maggies with vectorized blocks... (estimated support-slice stream volume: 9.31 GiB, DATA+STAT)
Processed rows 0:16/705 (  2.3%, block 1/45, block 895.26s, elapsed 14.92 min, ETA 656.52 min)
Processed rows 16:32/705 (  4.5%, block 2/45, block 0.60s, elapsed 14.93 min, ETA 321.02 min)
Processed rows 32:48/705 (  6.8%, block 3/45, block 0.59s, elapsed 14.94 min, ETA 209.17 min)
Processed rows 48:64/705 (  9.1%, block 4/45, block 0.58s, elapsed 14.95 min, ETA 153.24 min)
Processed rows 64:80/705 ( 11.3%, block 5/45, block 0.58s, elapsed 14.96 min, ETA 119.68 min)
Processed rows 80:96/705 ( 13.6%, block 6/45, block 0.59s, elapsed 14.97 min, ETA 97.30 min)
Processed rows 96:112/705 ( 15.9%, block 7/45, block 0.59s, elapsed 14.98 min, ETA 81.32 min)
Processed rows 112:128/705 ( 18.2%, block 8/45, block 0.77s, elapsed 14.99 min, ETA 69.34 min)
Processed rows 128:144/705 ( 20.4%, block 9/45, block 0.58s, elapsed 15.00 min, ETA 60.01 min)
Processed rows 144:160/705 ( 22.7%, block 10/45, block 0.58s, elapsed 15.01 min, ETA 52.54 min)
Processed rows 160:176/705 ( 25.0%, block 11/45, block 0.58s, elapsed 15.02 min, ETA 46.43 min)
Processed rows 176:192/705 ( 27.2%, block 12/45, block 0.59s, elapsed 15.03 min, ETA 41.34 min)
Processed rows 192:208/705 ( 29.5%, block 13/45, block 0.58s, elapsed 15.04 min, ETA 37.02 min)
Processed rows 208:224/705 ( 31.8%, block 14/45, block 0.58s, elapsed 15.05 min, ETA 33.33 min)
Processed rows 224:240/705 ( 34.0%, block 15/45, block 0.59s, elapsed 15.06 min, ETA 30.12 min)
Processed rows 240:256/705 ( 36.3%, block 16/45, block 0.58s, elapsed 15.07 min, ETA 27.32 min)
Processed rows 256:272/705 ( 38.6%, block 17/45, block 0.58s, elapsed 15.08 min, ETA 24.84 min)
Processed rows 272:288/705 ( 40.9%, block 18/45, block 0.57s, elapsed 15.09 min, ETA 22.63 min)
Processed rows 288:304/705 ( 43.1%, block 19/45, block 0.58s, elapsed 15.10 min, ETA 20.66 min)
Processed rows 304:320/705 ( 45.4%, block 20/45, block 0.58s, elapsed 15.11 min, ETA 18.89 min)
Processed rows 320:336/705 ( 47.7%, block 21/45, block 0.59s, elapsed 15.12 min, ETA 17.28 min)
Processed rows 336:352/705 ( 49.9%, block 22/45, block 0.59s, elapsed 15.13 min, ETA 15.82 min)
Processed rows 352:368/705 ( 52.2%, block 23/45, block 0.58s, elapsed 15.14 min, ETA 14.48 min)
Processed rows 368:384/705 ( 54.5%, block 24/45, block 0.58s, elapsed 15.15 min, ETA 13.25 min)
Processed rows 384:400/705 ( 56.7%, block 25/45, block 0.59s, elapsed 15.16 min, ETA 12.13 min)
Processed rows 400:416/705 ( 59.0%, block 26/45, block 0.58s, elapsed 15.17 min, ETA 11.08 min)
Processed rows 416:432/705 ( 61.3%, block 27/45, block 0.58s, elapsed 15.18 min, ETA 10.12 min)
Processed rows 432:448/705 ( 63.5%, block 28/45, block 0.58s, elapsed 15.19 min, ETA 9.22 min)
Processed rows 448:464/705 ( 65.8%, block 29/45, block 0.58s, elapsed 15.20 min, ETA 8.38 min)
Processed rows 464:480/705 ( 68.1%, block 30/45, block 0.59s, elapsed 15.21 min, ETA 7.60 min)
Processed rows 480:496/705 ( 70.4%, block 31/45, block 0.59s, elapsed 15.22 min, ETA 6.87 min)
Processed rows 496:512/705 ( 72.6%, block 32/45, block 0.58s, elapsed 15.23 min, ETA 6.19 min)
Processed rows 512:528/705 ( 74.9%, block 33/45, block 0.59s, elapsed 15.24 min, ETA 5.54 min)
Processed rows 528:544/705 ( 77.2%, block 34/45, block 0.59s, elapsed 15.25 min, ETA 4.93 min)
Processed rows 544:560/705 ( 79.4%, block 35/45, block 0.59s, elapsed 15.26 min, ETA 4.36 min)
Processed rows 560:576/705 ( 81.7%, block 36/45, block 0.59s, elapsed 15.27 min, ETA 3.82 min)
Processed rows 576:592/705 ( 84.0%, block 37/45, block 0.59s, elapsed 15.27 min, ETA 3.30 min)
Processed rows 592:608/705 ( 86.2%, block 38/45, block 0.60s, elapsed 15.28 min, ETA 2.82 min)
Processed rows 608:624/705 ( 88.5%, block 39/45, block 0.59s, elapsed 15.29 min, ETA 2.35 min)
Processed rows 624:640/705 ( 90.8%, block 40/45, block 0.61s, elapsed 15.30 min, ETA 1.91 min)
Processed rows 640:656/705 ( 93.0%, block 41/45, block 0.60s, elapsed 15.31 min, ETA 1.49 min)
Processed rows 656:672/705 ( 95.3%, block 42/45, block 0.60s, elapsed 15.32 min, ETA 1.09 min)
Processed rows 672:688/705 ( 97.6%, block 43/45, block 0.61s, elapsed 15.34 min, ETA 0.71 min)
Processed rows 688:704/705 ( 99.9%, block 44/45, block 0.60s, elapsed 15.35 min, ETA 0.35 min)
Processed rows 704:705/705 (100.0%, block 45/45, block 0.04s, elapsed 15.35 min, ETA 0.00 min)
AB maggies vectorized pass completed in 15.35 min
Estimated effective streaming throughput: 10.4 MiB/s over support-slice read volume
Filter-support fraction [p16, p50, p84] = [0.000000, 1.000000, 1.000000]
Strict all-finite support pixels vs accepted relaxed-support pixels = 228,434 vs 228,983 (threshold=0.9900)
/arc/home/RongjunHuang/ICRAR/extended/Mass.py:1272: RuntimeWarning: invalid value encountered in log10
  m_r_map = np.where(maggies_map > 0, -2.5 * np.log10(maggies_map), np.nan).astype(np.float32)
Finite binned flux-error bins: 9028/9028 (STAT=9028, sample=9028)
Finite binned magnitude-error bins: 9028/9028
Median binned relative flux error : 5.6977e-04
Binned magnitude error min/max   : 1.9680e-04 .. 2.6781e-03 mag
Binned magnitude error [p16, p50, p84] = [5.1955e-04, 6.1862e-04, 6.7688e-04] mag
Warning: No EBV error extension found; EBV uncertainty term will be omitted.
R-band magnitude calculation completed!
Filter used: bessell-R
Magnitude range: 18.63 to 26.73
Distance modulus: 31.09 mag
Total R-band magnitude (uncorrected) : 11.841 mag (AB)
Total R-band magnitude (corrected)   : 11.333 mag (AB)
Total R-band luminosity              : 9.746 log10(L☉)
Total stellar mass (R)               : 9.592 log10(M☉)
Integrated stellar M/L_R             : 0.7010 M☉/L☉
Median LOGMSTAR_ERR      : 2.6298e-04 dex
LOGMSTAR_ERR [p16, p50, p84] = [2.4114e-04, 2.6298e-04, 2.8059e-04] dex
LOGMSTAR_ERR min/max     : 7.8718e-05 .. 1.0712e-03 dex
Error budget note (LOGMSTAR): includes photometric+extinction propagation; excludes M/L model, distance, and inclination/area systematic uncertainties.
Saved extended file to /arc/home/RongjunHuang/ICRAR/extended/NGC4383_SPATIAL_BINNING_maps_extended.fits
M/L_R layer saved ➜ /arc/home/RongjunHuang/ICRAR/extended/NGC4383_SPATIAL_BINNING_maps_extended.fits
Stellar-mass layer saved ➜ /arc/home/RongjunHuang/ICRAR/extended/NGC4383_SPATIAL_BINNING_maps_extended.fits
Galaxy NGC4383 inclination: 56.0° (cos θ = 0.559)
Inclination correction ENABLED: applying b/a = 0.583 (adopting intrinsic thickness q₀ = 0.2 for disc galaxy)
Median LOGMASS_SURFACE_DENSITY_ERR: 2.6298e-04 dex
LOGMASS_SURFACE_DENSITY_ERR [p16, p50, p84] = [2.4114e-04, 2.6298e-04, 2.8059e-04] dex
LOGMASS_SURFACE_DENSITY_ERR min/max: 7.8718e-05 .. 1.0712e-03 dex
Consistency check |LOGMSTAR_ERR - LOGMASS_SURFACE_DENSITY_ERR| median=0.0000e+00 dex, max=2.1684e-19 dex
Stellar mass surface density layer saved ➜ /arc/home/RongjunHuang/ICRAR/extended/NGC4383_SPATIAL_BINNING_maps_extended.fits
r-band magnitude layer saved ➜ /arc/home/RongjunHuang/ICRAR/extended/NGC4383_SPATIAL_BINNING_maps_extended.fits
r-band uncorrected magnitude layer saved ➜ /arc/home/RongjunHuang/ICRAR/extended/NGC4383_SPATIAL_BINNING_maps_extended.fits
✅  NGC4383 finished in 15m33s
