Python executable: /arc/home/RongjunHuang/.conda/envs/ICRAR/bin/python
Python 3.13.3
PYTHONUNBUFFERED: 1
CANFAR base root : /arc/projects/mauve
Local fallback   : /arc/home/RongjunHuang/ICRAR/extended
MASS_DISABLE_STAT: 0
MASS_NCPUS       : 16
MASS_ROW_BLOCK_SIZE: default


=== Using the following files ===
Primary root : /arc/projects/mauve
Fallback root: /arc/home/RongjunHuang/ICRAR/extended
Input keyword: <none>
Cube         : /arc/projects/mauve/cubes/v3.0/NGC4064_DATACUBE_FINAL_WCS_Pall_mad_red_v3.fits
Binning map  : /arc/projects/mauve/products/v0.6/NGC4064/NGC4064_SPATIAL_BINNING_maps.fits
SFH map      : /arc/projects/mauve/products/v0.6/NGC4064/NGC4064_SFH_maps.fits
Weights      : /arc/projects/mauve/products/v0.6/NGC4064/NGC4064_sfh-weights.fits
Photometry   : /arc/home/RongjunHuang/ICRAR/extended/BaSTI+Chabrier.dat
Output       : NGC4064_SPATIAL_BINNING_maps_extended.fits 

Thread control: forcing 16 BLAS/OpenMP threads
Vectorized processing row-block size: 16
Loading: /arc/projects/mauve/products/v0.6/NGC4064/NGC4064_SPATIAL_BINNING_maps.fits
Filename: /arc/projects/mauve/products/v0.6/NGC4064/NGC4064_SPATIAL_BINNING_maps.fits
No.    Name      Ver    Type      Cards   Dimensions   Format
  0  PRIMARY       1 PrimaryHDU       4   ()      
  1  BINID         1 ImageHDU        26   (566, 665)   float64   
  2  FLUX          1 ImageHDU        26   (566, 665)   float64   
  3  SNR           1 ImageHDU        26   (566, 665)   float64   
  4  SNRBIN        1 ImageHDU        26   (566, 665)   float64   
  5  XBIN          1 ImageHDU        26   (566, 665)   float64   
  6  YBIN          1 ImageHDU        26   (566, 665)   float64   
None
Loading: /arc/projects/mauve/products/v0.6/NGC4064/NGC4064_sfh-weights.fits
Filename: /arc/projects/mauve/products/v0.6/NGC4064/NGC4064_sfh-weights.fits
No.    Name      Ver    Type      Cards   Dimensions   Format
  0  PRIMARY       1 PrimaryHDU      23   ()      
  1  WEIGHTS       1 BinTableHDU     27   9411R x 1C   [477D]   
  2  GRID          1 BinTableHDU     31   477R x 3C   [D, D, D]   
None
Loaded 636 out of 636 rows of data from BaSTI+Chabrier.dat
Raw SFH weight-sum [min, p16, p50, p84, max] = [1.0000e+00, 1.0000e+00, 1.0000e+00, 1.0000e+00, 1.0000e+00]
Normalized SFH weight-sum check [min, max] = [1.000000, 1.000000]
Composite ML_R candidates [median] (light_r, light_norm_to_r, light_v_to_r, mass_harmonic) = [1.1730, 1.2354, 1.2718, 0.3767]
Template-library LIGHT normalization for ML_R: /arc/home/RongjunHuang/ICRAR/extended/MILES_safe (LMIN=4800.0, LMAX=7000.0 Angstrom)
Selected SFH-weight interpretation for ML_R: light_norm_to_r
BINID range check for ML_R mapping: max BINID=9410, n_weight_rows=9411
Loading: /arc/projects/mauve/cubes/v3.0/NGC4064_DATACUBE_FINAL_WCS_Pall_mad_red_v3.fits
Using STAT variance extension for photometric error propagation.
Cube dimensions (nz, ny, nx): 3761, 665, 566
Approx. DATA footprint: 5.27 GiB
Approx. STAT footprint: 5.27 GiB
Building exact speclite linear operator for AB maggies...
  Linear-operator chunk 1/8 (wave bins 0:512, elapsed 0.1s)
  Linear-operator chunk 2/8 (wave bins 512:1024, elapsed 0.1s)
  Linear-operator chunk 3/8 (wave bins 1024:1536, elapsed 0.1s)
  Linear-operator chunk 4/8 (wave bins 1536:2048, elapsed 0.1s)
  Linear-operator chunk 5/8 (wave bins 2048:2560, elapsed 0.2s)
  Linear-operator chunk 6/8 (wave bins 2560:3072, elapsed 0.2s)
  Linear-operator chunk 7/8 (wave bins 3072:3584, elapsed 0.2s)
  Linear-operator chunk 8/8 (wave bins 3584:3761, elapsed 0.2s)
Using contiguous filter-support slice: [641:3441] (2800 bins).
Photometric propagation method: exact discrete first-order Jacobian through speclite AB-maggies operator (support bins=2800/3761).
STAT assumption: independent spectral-bin variances (no covariance provided by cube).
Computing AB maggies with vectorized blocks... (estimated support-slice stream volume: 7.85 GiB, DATA+STAT)
Processed rows 0:16/665 (  2.4%, block 1/42, block 725.84s, elapsed 12.10 min, ETA 495.99 min)
Processed rows 16:32/665 (  4.8%, block 2/42, block 0.60s, elapsed 12.11 min, ETA 242.15 min)
Processed rows 32:48/665 (  7.2%, block 3/42, block 0.51s, elapsed 12.12 min, ETA 157.50 min)
Processed rows 48:64/665 (  9.6%, block 4/42, block 0.48s, elapsed 12.12 min, ETA 115.18 min)
Processed rows 64:80/665 ( 12.0%, block 5/42, block 0.55s, elapsed 12.13 min, ETA 89.78 min)
Processed rows 80:96/665 ( 14.4%, block 6/42, block 0.53s, elapsed 12.14 min, ETA 72.85 min)
Processed rows 96:112/665 ( 16.8%, block 7/42, block 0.51s, elapsed 12.15 min, ETA 60.75 min)
Processed rows 112:128/665 ( 19.2%, block 8/42, block 0.56s, elapsed 12.16 min, ETA 51.68 min)
Processed rows 128:144/665 ( 21.7%, block 9/42, block 0.50s, elapsed 12.17 min, ETA 44.62 min)
Processed rows 144:160/665 ( 24.1%, block 10/42, block 0.55s, elapsed 12.18 min, ETA 38.97 min)
Processed rows 160:176/665 ( 26.5%, block 11/42, block 0.58s, elapsed 12.19 min, ETA 34.35 min)
Processed rows 176:192/665 ( 28.9%, block 12/42, block 0.53s, elapsed 12.20 min, ETA 30.49 min)
Processed rows 192:208/665 ( 31.3%, block 13/42, block 0.61s, elapsed 12.21 min, ETA 27.23 min)
Processed rows 208:224/665 ( 33.7%, block 14/42, block 0.55s, elapsed 12.22 min, ETA 24.43 min)
Processed rows 224:240/665 ( 36.1%, block 15/42, block 0.57s, elapsed 12.22 min, ETA 22.00 min)
Processed rows 240:256/665 ( 38.5%, block 16/42, block 0.56s, elapsed 12.23 min, ETA 19.88 min)
Processed rows 256:272/665 ( 40.9%, block 17/42, block 0.73s, elapsed 12.25 min, ETA 18.01 min)
Processed rows 272:288/665 ( 43.3%, block 18/42, block 0.52s, elapsed 12.26 min, ETA 16.34 min)
Processed rows 288:304/665 ( 45.7%, block 19/42, block 0.55s, elapsed 12.26 min, ETA 14.85 min)
Processed rows 304:320/665 ( 48.1%, block 20/42, block 0.53s, elapsed 12.27 min, ETA 13.50 min)
Processed rows 320:336/665 ( 50.5%, block 21/42, block 0.59s, elapsed 12.28 min, ETA 12.28 min)
Processed rows 336:352/665 ( 52.9%, block 22/42, block 0.56s, elapsed 12.29 min, ETA 11.17 min)
Processed rows 352:368/665 ( 55.3%, block 23/42, block 0.57s, elapsed 12.30 min, ETA 10.16 min)
Processed rows 368:384/665 ( 57.7%, block 24/42, block 0.57s, elapsed 12.31 min, ETA 9.23 min)
Processed rows 384:400/665 ( 60.2%, block 25/42, block 0.56s, elapsed 12.32 min, ETA 8.38 min)
Processed rows 400:416/665 ( 62.6%, block 26/42, block 0.60s, elapsed 12.33 min, ETA 7.59 min)
Processed rows 416:432/665 ( 65.0%, block 27/42, block 0.59s, elapsed 12.34 min, ETA 6.86 min)
Processed rows 432:448/665 ( 67.4%, block 28/42, block 0.58s, elapsed 12.35 min, ETA 6.18 min)
Processed rows 448:464/665 ( 69.8%, block 29/42, block 0.51s, elapsed 12.36 min, ETA 5.54 min)
Processed rows 464:480/665 ( 72.2%, block 30/42, block 0.50s, elapsed 12.37 min, ETA 4.95 min)
Processed rows 480:496/665 ( 74.6%, block 31/42, block 0.55s, elapsed 12.38 min, ETA 4.39 min)
Processed rows 496:512/665 ( 77.0%, block 32/42, block 0.49s, elapsed 12.38 min, ETA 3.87 min)
Processed rows 512:528/665 ( 79.4%, block 33/42, block 0.53s, elapsed 12.39 min, ETA 3.38 min)
Processed rows 528:544/665 ( 81.8%, block 34/42, block 0.51s, elapsed 12.40 min, ETA 2.92 min)
Processed rows 544:560/665 ( 84.2%, block 35/42, block 0.49s, elapsed 12.41 min, ETA 2.48 min)
Processed rows 560:576/665 ( 86.6%, block 36/42, block 0.47s, elapsed 12.42 min, ETA 2.07 min)
Processed rows 576:592/665 ( 89.0%, block 37/42, block 0.51s, elapsed 12.43 min, ETA 1.68 min)
Processed rows 592:608/665 ( 91.4%, block 38/42, block 0.48s, elapsed 12.43 min, ETA 1.31 min)
Processed rows 608:624/665 ( 93.8%, block 39/42, block 0.56s, elapsed 12.44 min, ETA 0.96 min)
Processed rows 624:640/665 ( 96.2%, block 40/42, block 0.49s, elapsed 12.45 min, ETA 0.62 min)
Processed rows 640:656/665 ( 98.6%, block 41/42, block 0.55s, elapsed 12.46 min, ETA 0.30 min)
Processed rows 656:665/665 (100.0%, block 42/42, block 0.27s, elapsed 12.47 min, ETA 0.00 min)
AB maggies vectorized pass completed in 12.47 min
Estimated effective streaming throughput: 10.8 MiB/s over support-slice read volume
Filter-support fraction [p16, p50, p84] = [0.000000, 0.000000, 1.000000]
Strict all-finite support pixels vs accepted relaxed-support pixels = 181,113 vs 181,559 (threshold=0.9900)
Finite binned flux-error bins: 9411/9411 (STAT=9411, sample=9411)
Finite binned magnitude-error bins: 9411/9411
Median binned relative flux error : 6.2205e-04
Binned magnitude error min/max   : 2.1869e-04 .. 1.9201e-03 mag
Binned magnitude error [p16, p50, p84] = [6.1528e-04, 6.7538e-04, 7.2300e-04] mag
Warning: No EBV error extension found; EBV uncertainty term will be omitted.
R-band magnitude calculation completed!
Filter used: bessell-R
Magnitude range: 17.49 to 25.75
Distance modulus: 31.09 mag
Total R-band magnitude (uncorrected) : 11.420 mag (AB)
Total R-band magnitude (corrected)   : 10.862 mag (AB)
Total R-band luminosity              : 9.934 log10(L☉)
Total stellar mass (R)               : 10.008 log10(M☉)
Integrated stellar M/L_R             : 1.1847 M☉/L☉
Median LOGMSTAR_ERR      : 2.8253e-04 dex
LOGMSTAR_ERR [p16, p50, p84] = [2.6426e-04, 2.8253e-04, 3.0008e-04] dex
LOGMSTAR_ERR min/max     : 8.7477e-05 .. 7.6804e-04 dex
Error budget note (LOGMSTAR): includes photometric+extinction propagation; excludes M/L model, distance, and inclination/area systematic uncertainties.
Saved extended file to /arc/home/RongjunHuang/ICRAR/extended/NGC4064_SPATIAL_BINNING_maps_extended.fits
M/L_R layer saved ➜ /arc/home/RongjunHuang/ICRAR/extended/NGC4064_SPATIAL_BINNING_maps_extended.fits
Stellar-mass layer saved ➜ /arc/home/RongjunHuang/ICRAR/extended/NGC4064_SPATIAL_BINNING_maps_extended.fits
Galaxy NGC4064 inclination: 70.0° (cos θ = 0.342)
Inclination correction ENABLED: applying b/a = 0.390 (adopting intrinsic thickness q₀ = 0.2 for disc galaxy)
Median LOGMASS_SURFACE_DENSITY_ERR: 2.8253e-04 dex
LOGMASS_SURFACE_DENSITY_ERR [p16, p50, p84] = [2.6426e-04, 2.8253e-04, 3.0008e-04] dex
LOGMASS_SURFACE_DENSITY_ERR min/max: 8.7477e-05 .. 7.6804e-04 dex
Consistency check |LOGMSTAR_ERR - LOGMASS_SURFACE_DENSITY_ERR| median=0.0000e+00 dex, max=2.1684e-19 dex
Stellar mass surface density layer saved ➜ /arc/home/RongjunHuang/ICRAR/extended/NGC4064_SPATIAL_BINNING_maps_extended.fits
r-band magnitude layer saved ➜ /arc/home/RongjunHuang/ICRAR/extended/NGC4064_SPATIAL_BINNING_maps_extended.fits
r-band uncorrected magnitude layer saved ➜ /arc/home/RongjunHuang/ICRAR/extended/NGC4064_SPATIAL_BINNING_maps_extended.fits
✅  NGC4064 finished in 12m38s
