Python executable: /arc/home/RongjunHuang/.conda/envs/ICRAR/bin/python
Python 3.13.3
PYTHONUNBUFFERED: 1
CANFAR base root : /arc/projects/mauve
Local fallback   : /arc/home/RongjunHuang/ICRAR/extended
MASS_DISABLE_STAT: 0
MASS_NCPUS       : 16
MASS_ROW_BLOCK_SIZE: default


=== Using the following files ===
Primary root : /arc/projects/mauve
Fallback root: /arc/home/RongjunHuang/ICRAR/extended
Input keyword: <none>
Cube         : /arc/projects/mauve/cubes/v3.0/NGC4522_DATACUBE_FINAL_WCS_Pall_mad_red_v3.fits
Binning map  : /arc/projects/mauve/products/v0.6/NGC4522/NGC4522_SPATIAL_BINNING_maps.fits
SFH map      : /arc/projects/mauve/products/v0.6/NGC4522/NGC4522_SFH_maps.fits
Weights      : /arc/projects/mauve/products/v0.6/NGC4522/NGC4522_sfh-weights.fits
Photometry   : /arc/home/RongjunHuang/ICRAR/extended/BaSTI+Chabrier.dat
Output       : NGC4522_SPATIAL_BINNING_maps_extended.fits 

Thread control: forcing 16 BLAS/OpenMP threads
Vectorized processing row-block size: 16
Loading: /arc/projects/mauve/products/v0.6/NGC4522/NGC4522_SPATIAL_BINNING_maps.fits
Filename: /arc/projects/mauve/products/v0.6/NGC4522/NGC4522_SPATIAL_BINNING_maps.fits
No.    Name      Ver    Type      Cards   Dimensions   Format
  0  PRIMARY       1 PrimaryHDU       4   ()      
  1  BINID         1 ImageHDU        26   (590, 659)   float64   
  2  FLUX          1 ImageHDU        26   (590, 659)   float64   
  3  SNR           1 ImageHDU        26   (590, 659)   float64   
  4  SNRBIN        1 ImageHDU        26   (590, 659)   float64   
  5  XBIN          1 ImageHDU        26   (590, 659)   float64   
  6  YBIN          1 ImageHDU        26   (590, 659)   float64   
None
Loading: /arc/projects/mauve/products/v0.6/NGC4522/NGC4522_sfh-weights.fits
Filename: /arc/projects/mauve/products/v0.6/NGC4522/NGC4522_sfh-weights.fits
No.    Name      Ver    Type      Cards   Dimensions   Format
  0  PRIMARY       1 PrimaryHDU      23   ()      
  1  WEIGHTS       1 BinTableHDU     27   2717R x 1C   [477D]   
  2  GRID          1 BinTableHDU     31   477R x 3C   [D, D, D]   
None
Loaded 636 out of 636 rows of data from BaSTI+Chabrier.dat
Raw SFH weight-sum [min, p16, p50, p84, max] = [1.0000e+00, 1.0000e+00, 1.0000e+00, 1.0000e+00, 1.0000e+00]
Normalized SFH weight-sum check [min, max] = [1.000000, 1.000000]
Composite ML_R candidates [median] (light_r, light_norm_to_r, light_v_to_r, mass_harmonic) = [0.5381, 0.5596, 0.5719, 0.2288]
Template-library LIGHT normalization for ML_R: /arc/home/RongjunHuang/ICRAR/extended/MILES_safe (LMIN=4800.0, LMAX=7000.0 Angstrom)
Selected SFH-weight interpretation for ML_R: light_norm_to_r
BINID range check for ML_R mapping: max BINID=2716, n_weight_rows=2717
Loading: /arc/projects/mauve/cubes/v3.0/NGC4522_DATACUBE_FINAL_WCS_Pall_mad_red_v3.fits
Using STAT variance extension for photometric error propagation.
Cube dimensions (nz, ny, nx): 3761, 659, 590
Approx. DATA footprint: 5.45 GiB
Approx. STAT footprint: 5.45 GiB
Building exact speclite linear operator for AB maggies...
  Linear-operator chunk 1/8 (wave bins 0:512, elapsed 0.0s)
  Linear-operator chunk 2/8 (wave bins 512:1024, elapsed 0.1s)
  Linear-operator chunk 3/8 (wave bins 1024:1536, elapsed 0.1s)
  Linear-operator chunk 4/8 (wave bins 1536:2048, elapsed 0.1s)
  Linear-operator chunk 5/8 (wave bins 2048:2560, elapsed 0.1s)
  Linear-operator chunk 6/8 (wave bins 2560:3072, elapsed 0.1s)
  Linear-operator chunk 7/8 (wave bins 3072:3584, elapsed 0.1s)
  Linear-operator chunk 8/8 (wave bins 3584:3761, elapsed 0.1s)
Using contiguous filter-support slice: [641:3441] (2800 bins).
Photometric propagation method: exact discrete first-order Jacobian through speclite AB-maggies operator (support bins=2800/3761).
STAT assumption: independent spectral-bin variances (no covariance provided by cube).
Computing AB maggies with vectorized blocks... (estimated support-slice stream volume: 8.11 GiB, DATA+STAT)
Processed rows 0:16/659 (  2.4%, block 1/42, block 628.46s, elapsed 10.47 min, ETA 429.45 min)
Processed rows 16:32/659 (  4.9%, block 2/42, block 0.61s, elapsed 10.48 min, ETA 209.69 min)
Processed rows 32:48/659 (  7.3%, block 3/42, block 0.56s, elapsed 10.49 min, ETA 136.42 min)
Processed rows 48:64/659 (  9.7%, block 4/42, block 0.53s, elapsed 10.50 min, ETA 99.77 min)
Processed rows 64:80/659 ( 12.1%, block 5/42, block 0.55s, elapsed 10.51 min, ETA 77.79 min)
Processed rows 80:96/659 ( 14.6%, block 6/42, block 0.57s, elapsed 10.52 min, ETA 63.13 min)
Processed rows 96:112/659 ( 17.0%, block 7/42, block 0.52s, elapsed 10.53 min, ETA 52.65 min)
Processed rows 112:128/659 ( 19.4%, block 8/42, block 0.55s, elapsed 10.54 min, ETA 44.79 min)
Processed rows 128:144/659 ( 21.9%, block 9/42, block 0.53s, elapsed 10.55 min, ETA 38.68 min)
Processed rows 144:160/659 ( 24.3%, block 10/42, block 0.56s, elapsed 10.56 min, ETA 33.78 min)
Processed rows 160:176/659 ( 26.7%, block 11/42, block 0.56s, elapsed 10.57 min, ETA 29.78 min)
Processed rows 176:192/659 ( 29.1%, block 12/42, block 0.59s, elapsed 10.58 min, ETA 26.44 min)
Processed rows 192:208/659 ( 31.6%, block 13/42, block 0.55s, elapsed 10.59 min, ETA 23.61 min)
Processed rows 208:224/659 ( 34.0%, block 14/42, block 0.55s, elapsed 10.59 min, ETA 21.19 min)
Processed rows 224:240/659 ( 36.4%, block 15/42, block 0.71s, elapsed 10.61 min, ETA 19.09 min)
Processed rows 240:256/659 ( 38.8%, block 16/42, block 0.56s, elapsed 10.62 min, ETA 17.25 min)
Processed rows 256:272/659 ( 41.3%, block 17/42, block 0.57s, elapsed 10.63 min, ETA 15.63 min)
Processed rows 272:288/659 ( 43.7%, block 18/42, block 0.58s, elapsed 10.63 min, ETA 14.18 min)
Processed rows 288:304/659 ( 46.1%, block 19/42, block 0.57s, elapsed 10.64 min, ETA 12.89 min)
Processed rows 304:320/659 ( 48.6%, block 20/42, block 0.57s, elapsed 10.65 min, ETA 11.72 min)
Processed rows 320:336/659 ( 51.0%, block 21/42, block 0.51s, elapsed 10.66 min, ETA 10.66 min)
Processed rows 336:352/659 ( 53.4%, block 22/42, block 0.54s, elapsed 10.67 min, ETA 9.70 min)
Processed rows 352:368/659 ( 55.8%, block 23/42, block 0.58s, elapsed 10.68 min, ETA 8.82 min)
Processed rows 368:384/659 ( 58.3%, block 24/42, block 0.57s, elapsed 10.69 min, ETA 8.02 min)
Processed rows 384:400/659 ( 60.7%, block 25/42, block 0.55s, elapsed 10.70 min, ETA 7.28 min)
Processed rows 400:416/659 ( 63.1%, block 26/42, block 0.58s, elapsed 10.71 min, ETA 6.59 min)
Processed rows 416:432/659 ( 65.6%, block 27/42, block 0.53s, elapsed 10.72 min, ETA 5.95 min)
Processed rows 432:448/659 ( 68.0%, block 28/42, block 0.53s, elapsed 10.73 min, ETA 5.36 min)
Processed rows 448:464/659 ( 70.4%, block 29/42, block 0.56s, elapsed 10.74 min, ETA 4.81 min)
Processed rows 464:480/659 ( 72.8%, block 30/42, block 0.60s, elapsed 10.75 min, ETA 4.30 min)
Processed rows 480:496/659 ( 75.3%, block 31/42, block 0.57s, elapsed 10.76 min, ETA 3.82 min)
Processed rows 496:512/659 ( 77.7%, block 32/42, block 0.58s, elapsed 10.77 min, ETA 3.36 min)
Processed rows 512:528/659 ( 80.1%, block 33/42, block 0.55s, elapsed 10.77 min, ETA 2.94 min)
Processed rows 528:544/659 ( 82.5%, block 34/42, block 0.54s, elapsed 10.78 min, ETA 2.54 min)
Processed rows 544:560/659 ( 85.0%, block 35/42, block 0.55s, elapsed 10.79 min, ETA 2.16 min)
Processed rows 560:576/659 ( 87.4%, block 36/42, block 0.55s, elapsed 10.80 min, ETA 1.80 min)
Processed rows 576:592/659 ( 89.8%, block 37/42, block 0.58s, elapsed 10.81 min, ETA 1.46 min)
Processed rows 592:608/659 ( 92.3%, block 38/42, block 0.57s, elapsed 10.82 min, ETA 1.14 min)
Processed rows 608:624/659 ( 94.7%, block 39/42, block 0.56s, elapsed 10.83 min, ETA 0.83 min)
Processed rows 624:640/659 ( 97.1%, block 40/42, block 0.52s, elapsed 10.84 min, ETA 0.54 min)
Processed rows 640:656/659 ( 99.5%, block 41/42, block 0.53s, elapsed 10.85 min, ETA 0.26 min)
Processed rows 656:659/659 (100.0%, block 42/42, block 0.10s, elapsed 10.85 min, ETA 0.00 min)
AB maggies vectorized pass completed in 10.85 min
Estimated effective streaming throughput: 12.8 MiB/s over support-slice read volume
Filter-support fraction [p16, p50, p84] = [0.000000, 0.000000, 1.000000]
Strict all-finite support pixels vs accepted relaxed-support pixels = 178,682 vs 179,101 (threshold=0.9900)
/arc/home/RongjunHuang/ICRAR/extended/Mass.py:1272: RuntimeWarning: invalid value encountered in log10
  m_r_map = np.where(maggies_map > 0, -2.5 * np.log10(maggies_map), np.nan).astype(np.float32)
Finite binned flux-error bins: 2717/2717 (STAT=2717, sample=2717)
Finite binned magnitude-error bins: 2717/2717
Median binned relative flux error : 6.3572e-04
Binned magnitude error min/max   : 4.9028e-04 .. 3.2154e-03 mag
Binned magnitude error [p16, p50, p84] = [6.3835e-04, 6.9022e-04, 7.4916e-04] mag
Warning: No EBV error extension found; EBV uncertainty term will be omitted.
R-band magnitude calculation completed!
Filter used: bessell-R
Magnitude range: 20.81 to 26.39
Distance modulus: 31.09 mag
Total R-band magnitude (uncorrected) : 12.354 mag (AB)
Total R-band magnitude (corrected)   : 11.674 mag (AB)
Total R-band luminosity              : 9.609 log10(L☉)
Total stellar mass (R)               : 9.406 log10(M☉)
Integrated stellar M/L_R             : 0.6260 M☉/L☉
Median LOGMSTAR_ERR      : 2.8853e-04 dex
LOGMSTAR_ERR [p16, p50, p84] = [2.6720e-04, 2.8853e-04, 3.1517e-04] dex
LOGMSTAR_ERR min/max     : 1.9611e-04 .. 1.2862e-03 dex
Error budget note (LOGMSTAR): includes photometric+extinction propagation; excludes M/L model, distance, and inclination/area systematic uncertainties.
Saved extended file to /arc/home/RongjunHuang/ICRAR/extended/NGC4522_SPATIAL_BINNING_maps_extended.fits
M/L_R layer saved ➜ /arc/home/RongjunHuang/ICRAR/extended/NGC4522_SPATIAL_BINNING_maps_extended.fits
Stellar-mass layer saved ➜ /arc/home/RongjunHuang/ICRAR/extended/NGC4522_SPATIAL_BINNING_maps_extended.fits
Galaxy NGC4522 inclination: 82.0° (cos θ = 0.139)
Inclination correction ENABLED: applying b/a = 0.242 (adopting intrinsic thickness q₀ = 0.2 for disc galaxy)
Median LOGMASS_SURFACE_DENSITY_ERR: 2.8853e-04 dex
LOGMASS_SURFACE_DENSITY_ERR [p16, p50, p84] = [2.6720e-04, 2.8853e-04, 3.1517e-04] dex
LOGMASS_SURFACE_DENSITY_ERR min/max: 1.9611e-04 .. 1.2862e-03 dex
Consistency check |LOGMSTAR_ERR - LOGMASS_SURFACE_DENSITY_ERR| median=0.0000e+00 dex, max=2.1684e-19 dex
Stellar mass surface density layer saved ➜ /arc/home/RongjunHuang/ICRAR/extended/NGC4522_SPATIAL_BINNING_maps_extended.fits
r-band magnitude layer saved ➜ /arc/home/RongjunHuang/ICRAR/extended/NGC4522_SPATIAL_BINNING_maps_extended.fits
r-band uncorrected magnitude layer saved ➜ /arc/home/RongjunHuang/ICRAR/extended/NGC4522_SPATIAL_BINNING_maps_extended.fits
✅  NGC4522 finished in 11m0s
