Python executable: /arc/home/RongjunHuang/.conda/envs/ICRAR/bin/python
Python 3.13.3
PYTHONUNBUFFERED: 1
CANFAR base root : /arc/projects/mauve
Local fallback   : /arc/home/RongjunHuang/ICRAR/extended
MASS_DISABLE_STAT: 0
MASS_NCPUS       : 16
MASS_ROW_BLOCK_SIZE: default


=== Using the following files ===
Primary root : /arc/projects/mauve
Fallback root: /arc/home/RongjunHuang/ICRAR/extended
Input keyword: <none>
Cube         : /arc/projects/mauve/cubes/v3.0/NGC4330_DATACUBE_FINAL_WCS_Pall_mad_red_v3.fits
Binning map  : /arc/projects/mauve/products/v0.6/NGC4330/NGC4330_SPATIAL_BINNING_maps.fits
SFH map      : /arc/projects/mauve/products/v0.6/NGC4330/NGC4330_SFH_maps.fits
Weights      : /arc/projects/mauve/products/v0.6/NGC4330/NGC4330_sfh-weights.fits
Photometry   : /arc/home/RongjunHuang/ICRAR/extended/BaSTI+Chabrier.dat
Output       : NGC4330_SPATIAL_BINNING_maps_extended.fits 

Thread control: forcing 16 BLAS/OpenMP threads
Vectorized processing row-block size: 16
Loading: /arc/projects/mauve/products/v0.6/NGC4330/NGC4330_SPATIAL_BINNING_maps.fits
Filename: /arc/projects/mauve/products/v0.6/NGC4330/NGC4330_SPATIAL_BINNING_maps.fits
No.    Name      Ver    Type      Cards   Dimensions   Format
  0  PRIMARY       1 PrimaryHDU       4   ()      
  1  BINID         1 ImageHDU        26   (881, 760)   float64   
  2  FLUX          1 ImageHDU        26   (881, 760)   float64   
  3  SNR           1 ImageHDU        26   (881, 760)   float64   
  4  SNRBIN        1 ImageHDU        26   (881, 760)   float64   
  5  XBIN          1 ImageHDU        26   (881, 760)   float64   
  6  YBIN          1 ImageHDU        26   (881, 760)   float64   
None
Loading: /arc/projects/mauve/products/v0.6/NGC4330/NGC4330_sfh-weights.fits
Filename: /arc/projects/mauve/products/v0.6/NGC4330/NGC4330_sfh-weights.fits
No.    Name      Ver    Type      Cards   Dimensions   Format
  0  PRIMARY       1 PrimaryHDU      23   ()      
  1  WEIGHTS       1 BinTableHDU     27   2960R x 1C   [477D]   
  2  GRID          1 BinTableHDU     31   477R x 3C   [D, D, D]   
None
Loaded 636 out of 636 rows of data from BaSTI+Chabrier.dat
Raw SFH weight-sum [min, p16, p50, p84, max] = [1.0000e+00, 1.0000e+00, 1.0000e+00, 1.0000e+00, 1.0000e+00]
Normalized SFH weight-sum check [min, max] = [1.000000, 1.000000]
Composite ML_R candidates [median] (light_r, light_norm_to_r, light_v_to_r, mass_harmonic) = [1.1219, 1.2013, 1.2436, 0.3270]
Template-library LIGHT normalization for ML_R: /arc/home/RongjunHuang/ICRAR/extended/MILES_safe (LMIN=4800.0, LMAX=7000.0 Angstrom)
Selected SFH-weight interpretation for ML_R: light_norm_to_r
BINID range check for ML_R mapping: max BINID=2959, n_weight_rows=2960
Loading: /arc/projects/mauve/cubes/v3.0/NGC4330_DATACUBE_FINAL_WCS_Pall_mad_red_v3.fits
Using STAT variance extension for photometric error propagation.
Cube dimensions (nz, ny, nx): 3761, 760, 881
Approx. DATA footprint: 9.38 GiB
Approx. STAT footprint: 9.38 GiB
Building exact speclite linear operator for AB maggies...
  Linear-operator chunk 1/8 (wave bins 0:512, elapsed 0.0s)
  Linear-operator chunk 2/8 (wave bins 512:1024, elapsed 0.0s)
  Linear-operator chunk 3/8 (wave bins 1024:1536, elapsed 0.1s)
  Linear-operator chunk 4/8 (wave bins 1536:2048, elapsed 0.1s)
  Linear-operator chunk 5/8 (wave bins 2048:2560, elapsed 0.1s)
  Linear-operator chunk 6/8 (wave bins 2560:3072, elapsed 0.1s)
  Linear-operator chunk 7/8 (wave bins 3072:3584, elapsed 0.1s)
  Linear-operator chunk 8/8 (wave bins 3584:3761, elapsed 0.1s)
Using contiguous filter-support slice: [641:3441] (2800 bins).
Photometric propagation method: exact discrete first-order Jacobian through speclite AB-maggies operator (support bins=2800/3761).
STAT assumption: independent spectral-bin variances (no covariance provided by cube).
Computing AB maggies with vectorized blocks... (estimated support-slice stream volume: 13.97 GiB, DATA+STAT)
Processed rows 0:16/760 (  2.1%, block 1/48, block 1155.92s, elapsed 19.27 min, ETA 905.47 min)
Processed rows 16:32/760 (  4.2%, block 2/48, block 0.84s, elapsed 19.28 min, ETA 443.43 min)
Processed rows 32:48/760 (  6.3%, block 3/48, block 0.80s, elapsed 19.29 min, ETA 289.39 min)
Processed rows 48:64/760 (  8.4%, block 4/48, block 0.80s, elapsed 19.31 min, ETA 212.37 min)
Processed rows 64:80/760 ( 10.5%, block 5/48, block 0.77s, elapsed 19.32 min, ETA 166.14 min)
Processed rows 80:96/760 ( 12.6%, block 6/48, block 0.82s, elapsed 19.33 min, ETA 135.33 min)
Processed rows 96:112/760 ( 14.7%, block 7/48, block 0.84s, elapsed 19.35 min, ETA 113.32 min)
Processed rows 112:128/760 ( 16.8%, block 8/48, block 0.84s, elapsed 19.36 min, ETA 96.80 min)
Processed rows 128:144/760 ( 18.9%, block 9/48, block 0.78s, elapsed 19.37 min, ETA 83.95 min)
Processed rows 144:160/760 ( 21.1%, block 10/48, block 0.77s, elapsed 19.39 min, ETA 73.67 min)
Processed rows 160:176/760 ( 23.2%, block 11/48, block 0.81s, elapsed 19.40 min, ETA 65.25 min)
Processed rows 176:192/760 ( 25.3%, block 12/48, block 0.82s, elapsed 19.41 min, ETA 58.24 min)
Processed rows 192:208/760 ( 27.4%, block 13/48, block 0.85s, elapsed 19.43 min, ETA 52.31 min)
Processed rows 208:224/760 ( 29.5%, block 14/48, block 0.83s, elapsed 19.44 min, ETA 47.22 min)
Processed rows 224:240/760 ( 31.6%, block 15/48, block 0.80s, elapsed 19.45 min, ETA 42.80 min)
Processed rows 240:256/760 ( 33.7%, block 16/48, block 0.82s, elapsed 19.47 min, ETA 38.94 min)
Processed rows 256:272/760 ( 35.8%, block 17/48, block 0.74s, elapsed 19.48 min, ETA 35.52 min)
Processed rows 272:288/760 ( 37.9%, block 18/48, block 0.80s, elapsed 19.49 min, ETA 32.49 min)
Processed rows 288:304/760 ( 40.0%, block 19/48, block 0.82s, elapsed 19.51 min, ETA 29.78 min)
Processed rows 304:320/760 ( 42.1%, block 20/48, block 0.80s, elapsed 19.52 min, ETA 27.33 min)
Processed rows 320:336/760 ( 44.2%, block 21/48, block 0.80s, elapsed 19.53 min, ETA 25.12 min)
Processed rows 336:352/760 ( 46.3%, block 22/48, block 0.82s, elapsed 19.55 min, ETA 23.10 min)
Processed rows 352:368/760 ( 48.4%, block 23/48, block 0.83s, elapsed 19.56 min, ETA 21.26 min)
Processed rows 368:384/760 ( 50.5%, block 24/48, block 0.76s, elapsed 19.57 min, ETA 19.57 min)
Processed rows 384:400/760 ( 52.6%, block 25/48, block 0.76s, elapsed 19.59 min, ETA 18.02 min)
Processed rows 400:416/760 ( 54.7%, block 26/48, block 0.82s, elapsed 19.60 min, ETA 16.59 min)
Processed rows 416:432/760 ( 56.8%, block 27/48, block 2.80s, elapsed 19.65 min, ETA 15.28 min)
Processed rows 432:448/760 ( 58.9%, block 28/48, block 0.76s, elapsed 19.66 min, ETA 14.04 min)
Processed rows 448:464/760 ( 61.1%, block 29/48, block 0.83s, elapsed 19.67 min, ETA 12.89 min)
Processed rows 464:480/760 ( 63.2%, block 30/48, block 0.84s, elapsed 19.69 min, ETA 11.81 min)
Processed rows 480:496/760 ( 65.3%, block 31/48, block 0.79s, elapsed 19.70 min, ETA 10.80 min)
Processed rows 496:512/760 ( 67.4%, block 32/48, block 0.83s, elapsed 19.72 min, ETA 9.86 min)
Processed rows 512:528/760 ( 69.5%, block 33/48, block 0.80s, elapsed 19.73 min, ETA 8.97 min)
Processed rows 528:544/760 ( 71.6%, block 34/48, block 0.79s, elapsed 19.74 min, ETA 8.13 min)
Processed rows 544:560/760 ( 73.7%, block 35/48, block 0.80s, elapsed 19.76 min, ETA 7.34 min)
Processed rows 560:576/760 ( 75.8%, block 36/48, block 0.81s, elapsed 19.77 min, ETA 6.59 min)
Processed rows 576:592/760 ( 77.9%, block 37/48, block 0.80s, elapsed 19.78 min, ETA 5.88 min)
Processed rows 592:608/760 ( 80.0%, block 38/48, block 1.12s, elapsed 19.80 min, ETA 5.21 min)
Processed rows 608:624/760 ( 82.1%, block 39/48, block 0.79s, elapsed 19.81 min, ETA 4.57 min)
Processed rows 624:640/760 ( 84.2%, block 40/48, block 0.81s, elapsed 19.83 min, ETA 3.97 min)
Processed rows 640:656/760 ( 86.3%, block 41/48, block 0.82s, elapsed 19.84 min, ETA 3.39 min)
Processed rows 656:672/760 ( 88.4%, block 42/48, block 0.81s, elapsed 19.85 min, ETA 2.84 min)
Processed rows 672:688/760 ( 90.5%, block 43/48, block 0.80s, elapsed 19.87 min, ETA 2.31 min)
Processed rows 688:704/760 ( 92.6%, block 44/48, block 0.79s, elapsed 19.88 min, ETA 1.81 min)
Processed rows 704:720/760 ( 94.7%, block 45/48, block 0.81s, elapsed 19.89 min, ETA 1.33 min)
Processed rows 720:736/760 ( 96.8%, block 46/48, block 0.81s, elapsed 19.91 min, ETA 0.87 min)
Processed rows 736:752/760 ( 98.9%, block 47/48, block 0.80s, elapsed 19.92 min, ETA 0.42 min)
Processed rows 752:760/760 (100.0%, block 48/48, block 0.42s, elapsed 19.93 min, ETA 0.00 min)
AB maggies vectorized pass completed in 19.93 min
Estimated effective streaming throughput: 12.0 MiB/s over support-slice read volume
Filter-support fraction [p16, p50, p84] = [0.000000, 0.000000, 1.000000]
Strict all-finite support pixels vs accepted relaxed-support pixels = 263,167 vs 263,697 (threshold=0.9900)
/arc/home/RongjunHuang/ICRAR/extended/Mass.py:1272: RuntimeWarning: invalid value encountered in log10
  m_r_map = np.where(maggies_map > 0, -2.5 * np.log10(maggies_map), np.nan).astype(np.float32)
Finite binned flux-error bins: 2960/2960 (STAT=2960, sample=2960)
Finite binned magnitude-error bins: 2960/2960
Median binned relative flux error : 6.6733e-04
Binned magnitude error min/max   : 5.3132e-04 .. 1.4551e-03 mag
Binned magnitude error [p16, p50, p84] = [6.7377e-04, 7.2454e-04, 7.8292e-04] mag
Warning: No EBV error extension found; EBV uncertainty term will be omitted.
R-band magnitude calculation completed!
Filter used: bessell-R
Magnitude range: 21.82 to 26.80
Distance modulus: 31.09 mag
Total R-band magnitude (uncorrected) : 12.326 mag (AB)
Total R-band magnitude (corrected)   : 11.868 mag (AB)
Total R-band luminosity              : 9.532 log10(L☉)
Total stellar mass (R)               : 9.625 log10(M☉)
Integrated stellar M/L_R             : 1.2384 M☉/L☉
Median LOGMSTAR_ERR      : 3.0063e-04 dex
LOGMSTAR_ERR [p16, p50, p84] = [2.7739e-04, 3.0063e-04, 3.2265e-04] dex
LOGMSTAR_ERR min/max     : 2.1253e-04 .. 5.8205e-04 dex
Error budget note (LOGMSTAR): includes photometric+extinction propagation; excludes M/L model, distance, and inclination/area systematic uncertainties.
Saved extended file to /arc/home/RongjunHuang/ICRAR/extended/NGC4330_SPATIAL_BINNING_maps_extended.fits
M/L_R layer saved ➜ /arc/home/RongjunHuang/ICRAR/extended/NGC4330_SPATIAL_BINNING_maps_extended.fits
Stellar-mass layer saved ➜ /arc/home/RongjunHuang/ICRAR/extended/NGC4330_SPATIAL_BINNING_maps_extended.fits
Galaxy NGC4330 inclination: 90.0° (cos θ = 0.000)
Inclination correction ENABLED: applying b/a = 0.200 (adopting intrinsic thickness q₀ = 0.2 for disc galaxy)
Median LOGMASS_SURFACE_DENSITY_ERR: 3.0063e-04 dex
LOGMASS_SURFACE_DENSITY_ERR [p16, p50, p84] = [2.7739e-04, 3.0063e-04, 3.2265e-04] dex
LOGMASS_SURFACE_DENSITY_ERR min/max: 2.1253e-04 .. 5.8205e-04 dex
Consistency check |LOGMSTAR_ERR - LOGMASS_SURFACE_DENSITY_ERR| median=0.0000e+00 dex, max=1.0842e-19 dex
Stellar mass surface density layer saved ➜ /arc/home/RongjunHuang/ICRAR/extended/NGC4330_SPATIAL_BINNING_maps_extended.fits
r-band magnitude layer saved ➜ /arc/home/RongjunHuang/ICRAR/extended/NGC4330_SPATIAL_BINNING_maps_extended.fits
r-band uncorrected magnitude layer saved ➜ /arc/home/RongjunHuang/ICRAR/extended/NGC4330_SPATIAL_BINNING_maps_extended.fits
✅  NGC4330 finished in 20m6s
