Python executable: /opt/miniconda3/envs/ICRAR/bin/python
Python 3.13.3
PYTHONUNBUFFERED: 1
CANFAR base root : /arc/projects/mauve
Local fallback   : /Users/Igniz/Desktop/ICRAR/extended

Shared input keyword ➜ <none>
Reading gas-line FITS ➜ /Users/Igniz/Desktop/ICRAR/extended/IC3392_gas_BIN_maps.fits
Matched binning FITS ➜ /Users/Igniz/Desktop/ICRAR/extended/IC3392_SPATIAL_BINNING_maps_extended.fits
File not found: None
/Users/Igniz/Desktop/ICRAR/extended/SFR+Z.py:619: RuntimeWarning: divide by zero encountered in divide
  BD = HA6562_FLUX / HB4861_FLUX
--------------------------------------------------------------
Extinction law for k(λ)=A(λ)/E(B−V): mw (mw_rv=3.1)
k(Hβ 4861Å)  = 3.6092   at λ=0.4861 µm
k(Hα 6562Å)  = 2.5355   at λ=0.6562 µm
k([OIII]5006)= 3.4736   at λ=0.5006 µm
k([NII]6583) = 2.5255   at λ=0.6583 µm
k([SII]6716) = 2.4619   at λ=0.6716 µm
k([SII]6730) = 2.4552   at λ=0.6730 µm
--------------------------------------------------------------
/Users/Igniz/Desktop/ICRAR/extended/SFR+Z.py:996: RuntimeWarning: divide by zero encountered in divide
  N2 = NII_scaled / HB4861_FLUX_corr   # N2 = I([N II]λ6548 + λ6584)/I(Hβ)
/Users/Igniz/Desktop/ICRAR/extended/SFR+Z.py:997: RuntimeWarning: divide by zero encountered in divide
  S2 = (SII6716_FLUX_corr + SII6730_FLUX_corr) / HB4861_FLUX_corr  # S2 = I([S II]λ6717 + λ6731)/I(Hβ)
/Users/Igniz/Desktop/ICRAR/extended/SFR+Z.py:998: RuntimeWarning: divide by zero encountered in divide
  R3 = OIII_scaled / HB4861_FLUX_corr  # R3 = I([O III]λ4959 + λ5007)/I(Hβ) (same value as R2 in this case)
/Users/Igniz/Desktop/ICRAR/extended/SFR+Z.py:998: RuntimeWarning: invalid value encountered in divide
  R3 = OIII_scaled / HB4861_FLUX_corr  # R3 = I([O III]λ4959 + λ5007)/I(Hβ) (same value as R2 in this case)
/Users/Igniz/Desktop/ICRAR/extended/SFR+Z.py:1000: RuntimeWarning: invalid value encountered in divide
  log_R3_S2 = np.log10(R3/S2)
/Users/Igniz/Desktop/ICRAR/extended/SFR+Z.py:1000: RuntimeWarning: divide by zero encountered in log10
  log_R3_S2 = np.log10(R3/S2)
/Users/Igniz/Desktop/ICRAR/extended/SFR+Z.py:1025: RuntimeWarning: invalid value encountered in add
  O_H_PG16[upper_mask] = (a1_upper + a2_upper * log_R3_S2[upper_mask] + a3_upper * log_N2[upper_mask] +
/Users/Igniz/Desktop/ICRAR/extended/SFR+Z.py:1095: RuntimeWarning: divide by zero encountered in divide
  oiii_hb = oiii5006_flux / hb4861_flux
/Users/Igniz/Desktop/ICRAR/extended/SFR+Z.py:1095: RuntimeWarning: invalid value encountered in divide
  oiii_hb = oiii5006_flux / hb4861_flux
/Users/Igniz/Desktop/ICRAR/extended/SFR+Z.py:1097: RuntimeWarning: divide by zero encountered in log10
  o3n2_ratio = np.log10(oiii_hb / nii_ha)
/Users/Igniz/Desktop/ICRAR/extended/SFR+Z.py:1142: RuntimeWarning: divide by zero encountered in divide
  oiii_hb = oiii5006_flux / hb4861_flux
/Users/Igniz/Desktop/ICRAR/extended/SFR+Z.py:1142: RuntimeWarning: invalid value encountered in divide
  oiii_hb = oiii5006_flux / hb4861_flux
/Users/Igniz/Desktop/ICRAR/extended/SFR+Z.py:1144: RuntimeWarning: divide by zero encountered in log10
  o3n2_ratio = np.log10(oiii_hb / nii_ha)
/Users/Igniz/Desktop/ICRAR/extended/SFR+Z.py:1201: RuntimeWarning: divide by zero encountered in divide
  oiii_hb = oiii5006_flux / hb4861_flux
/Users/Igniz/Desktop/ICRAR/extended/SFR+Z.py:1201: RuntimeWarning: invalid value encountered in divide
  oiii_hb = oiii5006_flux / hb4861_flux
/Users/Igniz/Desktop/ICRAR/extended/SFR+Z.py:1203: RuntimeWarning: divide by zero encountered in log10
  o3n2_ratio = np.log10(oiii_hb / nii_ha)
/Users/Igniz/Desktop/ICRAR/extended/SFR+Z.py:1303: RuntimeWarning: divide by zero encountered in divide
  oiii_hb = oiii5006_flux / hb4861_flux
/Users/Igniz/Desktop/ICRAR/extended/SFR+Z.py:1303: RuntimeWarning: invalid value encountered in divide
  oiii_hb = oiii5006_flux / hb4861_flux
/Users/Igniz/Desktop/ICRAR/extended/SFR+Z.py:1306: RuntimeWarning: divide by zero encountered in divide
  sii_hb = sii_total / hb4861_flux
/Users/Igniz/Desktop/ICRAR/extended/SFR+Z.py:1309: RuntimeWarning: invalid value encountered in divide
  o3s2_ratio = np.log10(oiii_hb / sii_hb)
/Users/Igniz/Desktop/ICRAR/extended/SFR+Z.py:1309: RuntimeWarning: divide by zero encountered in log10
  o3s2_ratio = np.log10(oiii_hb / sii_hb)
Calculating all 6 C20 metallicities for IC3392...
Combined C20 metallicity: median = 8.661, range = (8.277, 8.873)
Combined C20 dominant-weight method usage: O3N2=41403, O3S2=0, RS32=1366, R3=9042, N2=0, S2=17639
Galaxy IC3392 inclination: 68.0° (cos θ = 0.375)
Inclination correction ENABLED: applying b/a = 0.418 (adopting intrinsic thickness q₀ = 0.2 for disc galaxy)
/Users/Igniz/Desktop/ICRAR/extended/SFR+Z.py:2019: RuntimeWarning: divide by zero encountered in divide
  logO3  = np.log10(OIII5006_FLUX_corr / HB4861_FLUX_corr)       # [O III]/Hβ
/Users/Igniz/Desktop/ICRAR/extended/SFR+Z.py:2019: RuntimeWarning: invalid value encountered in divide
  logO3  = np.log10(OIII5006_FLUX_corr / HB4861_FLUX_corr)       # [O III]/Hβ
/Users/Igniz/Desktop/ICRAR/extended/SFR+Z.py:2019: RuntimeWarning: divide by zero encountered in log10
  logO3  = np.log10(OIII5006_FLUX_corr / HB4861_FLUX_corr)       # [O III]/Hβ
/Users/Igniz/Desktop/ICRAR/extended/SFR+Z.py:2107: RuntimeWarning: invalid value encountered in add
  mask_N2_up, mask_S2_up = apply_bpt_masks(logN2=logN2, logS2=logS2, logO3=logO3+logO3_err)
Extended file written ➜ /Users/Igniz/Desktop/ICRAR/extended/IC3392_gas_BIN_maps_extended.fits
--------------------------------------------------------------
Total non-nan spaxels: 73168
Number of pixels with Halpha not detected: 4221
Number of pixels with Halpha detected, Hbeta not detected: 46475
Number of pixels with Halpha detected, Hbeta detected, NII not detected, OIII not detected and unclassified1: 0
Number of pixels with Halpha detected, Hbeta detected, NII not detected, OIII detected and unclassified1: 0
Number of pixels with Halpha detected, Hbeta detected, NII detected, OIII not detected and unclassified1: 857
Number of pixels with Halpha detected, Hbeta detected, NII detected, OIII detected and unclassified1: 2794
Number of pixels with Halpha detected, Hbeta detected, SII not detected, OIII not detected and unclassified1: 479
Number of pixels with Halpha detected, Hbeta detected, SII not detected, OIII detected and unclassified1: 888
Number of pixels with Halpha detected, Hbeta detected, SII detected, OIII not detected and unclassified1: 378
Number of pixels with Halpha detected, Hbeta detected, SII detected, OIII detected and unclassified1: 1906
--------------------------------------------------------------
Total Halpha luminosity map sum (detections + upper-limit substitutions): 2.93e+40 erg/s
Total corrected Halpha luminosity from SF region: 2.82e+40 erg/s
Total Halpha SFR map sum (detections + upper-limit substitutions): 0.15 M☉/yr or in log10 scale: -0.84 log(M☉/yr)
Total Halpha SFR from SF region: 0.14 M☉/yr or in log10 scale: -0.85 log(M☉/yr)
Total Halpha SFR from HII region: 0.13 M☉/yr or in log10 scale: -0.88 log(M☉/yr)
--------------------------------------------------------------
[O/H] D16 SF: Total metallicity in SF region:  8.783343782426744
[O/H] PG16 SF: Total metallicity in SF region:  8.540631412139827
[O/H] N2S2-N06 SF: Total metallicity in SF region:  9.09178598097622
[O/H] O3N2-M13 SF: Total metallicity in SF region:  8.560152849933024
[O/H] N2-M13 SF: Total metallicity in SF region:  8.499497902262009
[O/H] O3N2-PP04 SF: Total metallicity in SF region:  8.770602392423216
[O/H] N2-PP04 SF: Total metallicity in SF region:  8.60323341751359
[O/H] O3N2-C20 SF: Total metallicity in SF region:  8.77237028443244
[O/H] O3S2-C20 SF: Total metallicity in SF region:  8.824528561181811
[O/H] RS32-C20 SF: Total metallicity in SF region:  8.802391296161165
[O/H] R3-C20 SF: Total metallicity in SF region:  8.786529115341729
[O/H] N2-C20 SF: Total metallicity in SF region:  8.66578493113242
[O/H] S2-C20 SF: Total metallicity in SF region:  8.843862687710125
[O/H] Combined-C20 SF: Total metallicity in SF region:  8.794707916638188 (weighted 6 methods; dominant S2)
--------------------------------------------------------------
[O/H] D16 HII: Total metallicity in HII region:  8.777440241281024
[O/H] PG16 HII: Total metallicity in HII region:  8.535837899470094
[O/H] N2S2-N06 HII: Total metallicity in HII region:  9.091220753889937
[O/H] O3N2-M13 HII: Total metallicity in HII region:  8.564902520693526
[O/H] N2-M13 HII: Total metallicity in HII region:  8.490655731491362
[O/H] O3N2-PP04 HII: Total metallicity in HII region:  8.777704703840788
[O/H] N2-PP04 HII: Total metallicity in HII region:  8.584971575169108
[O/H] O3N2-C20 HII: Total metallicity in HII region:  8.776681271280758
[O/H] O3S2-C20 HII: Total metallicity in HII region:  8.829132164686317
[O/H] RS32-C20 HII: Total metallicity in HII region:  8.81239209287717
[O/H] R3-C20 HII: Total metallicity in HII region:  8.79612512572218
[O/H] N2-C20 HII: Total metallicity in HII region:  8.654200504353021
[O/H] S2-C20 HII: Total metallicity in HII region:  8.849999440918916
[O/H] Combined-C20 HII: Total metallicity in HII region:  8.799982047716668 (weighted 6 methods; dominant S2)
--------------------------------------------------------------
[O/H] D16: Total metallicity in total region:  8.817875100624834
[O/H] PG16: Total metallicity in total region:  8.56945398150622
[O/H] N2S2-N06: Total metallicity in total region:  9.101343157194037
[O/H] O3N2-M13: Total metallicity in total region:  8.524102245027418
[O/H] N2-M13: Total metallicity in total region:  8.536575235285813
[O/H] O3N2-PP04: Total metallicity in total region:  8.716694945835393
[O/H] N2-PP04: Total metallicity in total region:  8.68598026360425
[O/H] O3N2-C20: Total metallicity in total region:  8.739098494030708
[O/H] O3S2-C20: Total metallicity in total region:  8.787428566256411
[O/H] RS32-C20: Total metallicity in total region:  8.743119331592144
[O/H] R3-C20: Total metallicity in total region:  8.724886970607791
[O/H] N2-C20: Total metallicity in total region:  8.719440909573366
[O/H] S2-C20: Total metallicity in total region:  8.818477638184408
[O/H] Combined-C20: Total metallicity in total region:  8.762193090400562 (weighted 6 methods; dominant S2)
--------------------------------------------------------------
Total runtime: 37.7 s
✅  IC3392 finished in 0m39s
