Python executable: /opt/miniconda3/envs/ICRAR/bin/python
Python 3.13.3
PYTHONUNBUFFERED: 1
CANFAR base root : /arc/projects/mauve
Local fallback   : /Users/Igniz/Desktop/ICRAR/extended

Shared input keyword ➜ <none>
Reading gas-line FITS ➜ /Users/Igniz/Desktop/ICRAR/extended/NGC4064_gas_BIN_maps.fits
Matched binning FITS ➜ /Users/Igniz/Desktop/ICRAR/extended/NGC4064_SPATIAL_BINNING_maps_extended.fits
Loading kinematic map from /Users/Igniz/Desktop/ICRAR/extended/NGC4064_KIN_maps_extended.fits
Filename: /Users/Igniz/Desktop/ICRAR/extended/NGC4064_KIN_maps_extended.fits
No.    Name      Ver    Type      Cards   Dimensions   Format
  0  PRIMARY       1 PrimaryHDU       4   ()      
  1  V             1 ImageHDU        26   (566, 665)   float64   
  2  SIGMA         1 ImageHDU        26   (566, 665)   float64   
  3  H3            1 ImageHDU        26   (566, 665)   float64   
  4  H4            1 ImageHDU        26   (566, 665)   float64   
  5  FORM_ERR_V    1 ImageHDU        26   (566, 665)   float64   
  6  FORM_ERR_SIGMA    1 ImageHDU        26   (566, 665)   float64   
  7  FORM_ERR_H3    1 ImageHDU        26   (566, 665)   float64   
  8  FORM_ERR_H4    1 ImageHDU        26   (566, 665)   float64   
  9  SNR_POSTFIT    1 ImageHDU        26   (566, 665)   float64   
 10  FOREGROUND_STAR    1 ImageHDU        26   (566, 665)   float32   
Available extensions: ['V', 'SIGMA', 'H3', 'H4', 'FORM_ERR_V', 'FORM_ERR_SIGMA', 'FORM_ERR_H3', 'FORM_ERR_H4', 'SNR_POSTFIT', 'FOREGROUND_STAR']
Loaded V: shape (665, 566)
Loaded SIGMA: shape (665, 566)
Loaded H3: shape (665, 566)
Loaded H4: shape (665, 566)
Loaded FORM_ERR_V: shape (665, 566)
Loaded FORM_ERR_SIGMA: shape (665, 566)
Loaded FORM_ERR_H3: shape (665, 566)
Loaded FORM_ERR_H4: shape (665, 566)
Loaded SNR_POSTFIT: shape (665, 566)
Loaded FOREGROUND_STAR: shape (665, 566)
All data loaded successfully!
Foreground stars are removed successfully!
/Users/Igniz/Desktop/ICRAR/extended/SFR+Z.py:619: RuntimeWarning: divide by zero encountered in divide
  BD = HA6562_FLUX / HB4861_FLUX
/Users/Igniz/Desktop/ICRAR/extended/SFR+Z.py:619: RuntimeWarning: invalid value encountered in divide
  BD = HA6562_FLUX / HB4861_FLUX
--------------------------------------------------------------
Extinction law for k(λ)=A(λ)/E(B−V): mw (mw_rv=3.1)
k(Hβ 4861Å)  = 3.6092   at λ=0.4861 µm
k(Hα 6562Å)  = 2.5355   at λ=0.6562 µm
k([OIII]5006)= 3.4736   at λ=0.5006 µm
k([NII]6583) = 2.5255   at λ=0.6583 µm
k([SII]6716) = 2.4619   at λ=0.6716 µm
k([SII]6730) = 2.4552   at λ=0.6730 µm
--------------------------------------------------------------
/Users/Igniz/Desktop/ICRAR/extended/SFR+Z.py:985: RuntimeWarning: divide by zero encountered in divide
  y = np.log10(NII6583_FLUX_corr / (SII6716_FLUX_corr + SII6730_FLUX_corr)) + 0.264*np.log10(NII6583_FLUX_corr / HA6562_FLUX_corr)
/Users/Igniz/Desktop/ICRAR/extended/SFR+Z.py:996: RuntimeWarning: divide by zero encountered in divide
  N2 = NII_scaled / HB4861_FLUX_corr   # N2 = I([N II]λ6548 + λ6584)/I(Hβ)
/Users/Igniz/Desktop/ICRAR/extended/SFR+Z.py:997: RuntimeWarning: divide by zero encountered in divide
  S2 = (SII6716_FLUX_corr + SII6730_FLUX_corr) / HB4861_FLUX_corr  # S2 = I([S II]λ6717 + λ6731)/I(Hβ)
/Users/Igniz/Desktop/ICRAR/extended/SFR+Z.py:998: RuntimeWarning: divide by zero encountered in divide
  R3 = OIII_scaled / HB4861_FLUX_corr  # R3 = I([O III]λ4959 + λ5007)/I(Hβ) (same value as R2 in this case)
/Users/Igniz/Desktop/ICRAR/extended/SFR+Z.py:998: RuntimeWarning: invalid value encountered in divide
  R3 = OIII_scaled / HB4861_FLUX_corr  # R3 = I([O III]λ4959 + λ5007)/I(Hβ) (same value as R2 in this case)
/Users/Igniz/Desktop/ICRAR/extended/SFR+Z.py:1000: RuntimeWarning: divide by zero encountered in divide
  log_R3_S2 = np.log10(R3/S2)
/Users/Igniz/Desktop/ICRAR/extended/SFR+Z.py:1000: RuntimeWarning: invalid value encountered in divide
  log_R3_S2 = np.log10(R3/S2)
/Users/Igniz/Desktop/ICRAR/extended/SFR+Z.py:1000: RuntimeWarning: divide by zero encountered in log10
  log_R3_S2 = np.log10(R3/S2)
/Users/Igniz/Desktop/ICRAR/extended/SFR+Z.py:1002: RuntimeWarning: divide by zero encountered in log10
  log_S2 = np.log10(S2)
/Users/Igniz/Desktop/ICRAR/extended/SFR+Z.py:1025: RuntimeWarning: invalid value encountered in add
  O_H_PG16[upper_mask] = (a1_upper + a2_upper * log_R3_S2[upper_mask] + a3_upper * log_N2[upper_mask] +
/Users/Igniz/Desktop/ICRAR/extended/SFR+Z.py:1050: RuntimeWarning: divide by zero encountered in divide
  n2s2_ratio = np.log10(nii6583_flux / sii_total)
/Users/Igniz/Desktop/ICRAR/extended/SFR+Z.py:1095: RuntimeWarning: divide by zero encountered in divide
  oiii_hb = oiii5006_flux / hb4861_flux
/Users/Igniz/Desktop/ICRAR/extended/SFR+Z.py:1095: RuntimeWarning: invalid value encountered in divide
  oiii_hb = oiii5006_flux / hb4861_flux
/Users/Igniz/Desktop/ICRAR/extended/SFR+Z.py:1096: RuntimeWarning: divide by zero encountered in divide
  nii_ha = nii6583_flux / ha6562_flux
/Users/Igniz/Desktop/ICRAR/extended/SFR+Z.py:1097: RuntimeWarning: invalid value encountered in divide
  o3n2_ratio = np.log10(oiii_hb / nii_ha)
/Users/Igniz/Desktop/ICRAR/extended/SFR+Z.py:1097: RuntimeWarning: divide by zero encountered in log10
  o3n2_ratio = np.log10(oiii_hb / nii_ha)
/Users/Igniz/Desktop/ICRAR/extended/SFR+Z.py:1119: RuntimeWarning: divide by zero encountered in divide
  n2_ratio = np.log10(nii6583_flux / ha6562_flux)
/Users/Igniz/Desktop/ICRAR/extended/SFR+Z.py:1142: RuntimeWarning: divide by zero encountered in divide
  oiii_hb = oiii5006_flux / hb4861_flux
/Users/Igniz/Desktop/ICRAR/extended/SFR+Z.py:1142: RuntimeWarning: invalid value encountered in divide
  oiii_hb = oiii5006_flux / hb4861_flux
/Users/Igniz/Desktop/ICRAR/extended/SFR+Z.py:1143: RuntimeWarning: divide by zero encountered in divide
  nii_ha = nii6583_flux / ha6562_flux
/Users/Igniz/Desktop/ICRAR/extended/SFR+Z.py:1144: RuntimeWarning: invalid value encountered in divide
  o3n2_ratio = np.log10(oiii_hb / nii_ha)
/Users/Igniz/Desktop/ICRAR/extended/SFR+Z.py:1144: RuntimeWarning: divide by zero encountered in log10
  o3n2_ratio = np.log10(oiii_hb / nii_ha)
/Users/Igniz/Desktop/ICRAR/extended/SFR+Z.py:1166: RuntimeWarning: divide by zero encountered in divide
  n2_ratio = np.log10(nii6583_flux / ha6562_flux)
/Users/Igniz/Desktop/ICRAR/extended/SFR+Z.py:1201: RuntimeWarning: divide by zero encountered in divide
  oiii_hb = oiii5006_flux / hb4861_flux
/Users/Igniz/Desktop/ICRAR/extended/SFR+Z.py:1201: RuntimeWarning: invalid value encountered in divide
  oiii_hb = oiii5006_flux / hb4861_flux
/Users/Igniz/Desktop/ICRAR/extended/SFR+Z.py:1202: RuntimeWarning: divide by zero encountered in divide
  nii_ha = nii6583_flux / ha6562_flux
/Users/Igniz/Desktop/ICRAR/extended/SFR+Z.py:1203: RuntimeWarning: invalid value encountered in divide
  o3n2_ratio = np.log10(oiii_hb / nii_ha)
/Users/Igniz/Desktop/ICRAR/extended/SFR+Z.py:1203: RuntimeWarning: divide by zero encountered in log10
  o3n2_ratio = np.log10(oiii_hb / nii_ha)
/Users/Igniz/Desktop/ICRAR/extended/SFR+Z.py:1303: RuntimeWarning: divide by zero encountered in divide
  oiii_hb = oiii5006_flux / hb4861_flux
/Users/Igniz/Desktop/ICRAR/extended/SFR+Z.py:1303: RuntimeWarning: invalid value encountered in divide
  oiii_hb = oiii5006_flux / hb4861_flux
/Users/Igniz/Desktop/ICRAR/extended/SFR+Z.py:1306: RuntimeWarning: divide by zero encountered in divide
  sii_hb = sii_total / hb4861_flux
/Users/Igniz/Desktop/ICRAR/extended/SFR+Z.py:1309: RuntimeWarning: divide by zero encountered in divide
  o3s2_ratio = np.log10(oiii_hb / sii_hb)
/Users/Igniz/Desktop/ICRAR/extended/SFR+Z.py:1309: RuntimeWarning: invalid value encountered in divide
  o3s2_ratio = np.log10(oiii_hb / sii_hb)
/Users/Igniz/Desktop/ICRAR/extended/SFR+Z.py:1309: RuntimeWarning: divide by zero encountered in log10
  o3s2_ratio = np.log10(oiii_hb / sii_hb)
Calculating all 6 C20 metallicities for NGC4064...
Combined C20 metallicity: median = 8.637, range = (8.184, 8.875)
Combined C20 dominant-weight method usage: O3N2=108914, O3S2=0, RS32=3738, R3=32131, N2=105, S2=7592
Galaxy NGC4064 inclination: 70.0° (cos θ = 0.342)
Inclination correction ENABLED: applying b/a = 0.390 (adopting intrinsic thickness q₀ = 0.2 for disc galaxy)
/Users/Igniz/Desktop/ICRAR/extended/SFR+Z.py:2017: RuntimeWarning: divide by zero encountered in divide
  logN2  = np.log10(NII6583_FLUX_corr / HA6562_FLUX_corr)        # [N II]/Hα
/Users/Igniz/Desktop/ICRAR/extended/SFR+Z.py:2018: RuntimeWarning: divide by zero encountered in divide
  logS2  = np.log10((SII6716_FLUX_corr+SII6730_FLUX_corr) / HA6562_FLUX_corr)   # Σ[S II]/Hα
/Users/Igniz/Desktop/ICRAR/extended/SFR+Z.py:2018: RuntimeWarning: divide by zero encountered in log10
  logS2  = np.log10((SII6716_FLUX_corr+SII6730_FLUX_corr) / HA6562_FLUX_corr)   # Σ[S II]/Hα
/Users/Igniz/Desktop/ICRAR/extended/SFR+Z.py:2019: RuntimeWarning: divide by zero encountered in divide
  logO3  = np.log10(OIII5006_FLUX_corr / HB4861_FLUX_corr)       # [O III]/Hβ
/Users/Igniz/Desktop/ICRAR/extended/SFR+Z.py:2019: RuntimeWarning: invalid value encountered in divide
  logO3  = np.log10(OIII5006_FLUX_corr / HB4861_FLUX_corr)       # [O III]/Hβ
/Users/Igniz/Desktop/ICRAR/extended/SFR+Z.py:2019: RuntimeWarning: divide by zero encountered in log10
  logO3  = np.log10(OIII5006_FLUX_corr / HB4861_FLUX_corr)       # [O III]/Hβ
/Users/Igniz/Desktop/ICRAR/extended/SFR+Z.py:2105: RuntimeWarning: invalid value encountered in add
  mask_N2_right, mask_S2_right = apply_bpt_masks(logN2=logN2+logN2_err, logS2=logS2+logS2_err, logO3=logO3)
/Users/Igniz/Desktop/ICRAR/extended/SFR+Z.py:2107: RuntimeWarning: invalid value encountered in add
  mask_N2_up, mask_S2_up = apply_bpt_masks(logN2=logN2, logS2=logS2, logO3=logO3+logO3_err)
Extended file written ➜ /Users/Igniz/Desktop/ICRAR/extended/NGC4064_gas_BIN_maps_extended.fits
--------------------------------------------------------------
Total non-nan spaxels: 155525
Number of pixels with Halpha not detected: 59365
Number of pixels with Halpha detected, Hbeta not detected: 61049
Number of pixels with Halpha detected, Hbeta detected, NII not detected, OIII not detected and unclassified1: 105
Number of pixels with Halpha detected, Hbeta detected, NII not detected, OIII detected and unclassified1: 0
Number of pixels with Halpha detected, Hbeta detected, NII detected, OIII not detected and unclassified1: 2054
Number of pixels with Halpha detected, Hbeta detected, NII detected, OIII detected and unclassified1: 14324
Number of pixels with Halpha detected, Hbeta detected, SII not detected, OIII not detected and unclassified1: 1070
Number of pixels with Halpha detected, Hbeta detected, SII not detected, OIII detected and unclassified1: 3343
Number of pixels with Halpha detected, Hbeta detected, SII detected, OIII not detected and unclassified1: 1089
Number of pixels with Halpha detected, Hbeta detected, SII detected, OIII detected and unclassified1: 10981
--------------------------------------------------------------
Total Halpha luminosity map sum (detections + upper-limit substitutions): 6.52e+40 erg/s
Total corrected Halpha luminosity from SF region: 6.16e+40 erg/s
Total Halpha SFR map sum (detections + upper-limit substitutions): 0.33 M☉/yr or in log10 scale: -0.49 log(M☉/yr)
Total Halpha SFR from SF region: 0.31 M☉/yr or in log10 scale: -0.51 log(M☉/yr)
Total Halpha SFR from HII region: 0.30 M☉/yr or in log10 scale: -0.52 log(M☉/yr)
--------------------------------------------------------------
[O/H] D16 SF: Total metallicity in SF region:  8.726177852360118
[O/H] PG16 SF: Total metallicity in SF region:  8.521682452038727
[O/H] N2S2-N06 SF: Total metallicity in SF region:  9.044136544883434
[O/H] O3N2-M13 SF: Total metallicity in SF region:  8.581233543111573
[O/H] N2-M13 SF: Total metallicity in SF region:  8.505816573683207
[O/H] O3N2-PP04 SF: Total metallicity in SF region:  8.802124924278989
[O/H] N2-PP04 SF: Total metallicity in SF region:  8.61662107611491
[O/H] O3N2-C20 SF: Total metallicity in SF region:  8.791380842355833
[O/H] O3S2-C20 SF: Total metallicity in SF region:  8.855926296569415
[O/H] RS32-C20 SF: Total metallicity in SF region:  8.8025980259884
[O/H] R3-C20 SF: Total metallicity in SF region:  8.806047888634776
[O/H] N2-C20 SF: Total metallicity in SF region:  8.67428696746454
[O/H] S2-C20 SF: Total metallicity in SF region:  8.816045198218125
[O/H] Combined-C20 SF: Total metallicity in SF region:  8.796911531442912 (weighted 6 methods; dominant S2)
--------------------------------------------------------------
[O/H] D16 HII: Total metallicity in HII region:  8.725440967302669
[O/H] PG16 HII: Total metallicity in HII region:  8.519170622805222
[O/H] N2S2-N06 HII: Total metallicity in HII region:  9.046464137474738
[O/H] O3N2-M13 HII: Total metallicity in HII region:  8.591491092541514
[O/H] N2-M13 HII: Total metallicity in HII region:  8.49955979390456
[O/H] O3N2-PP04 HII: Total metallicity in HII region:  8.817463315949928
[O/H] N2-PP04 HII: Total metallicity in HII region:  8.603363174164578
[O/H] O3N2-C20 HII: Total metallicity in HII region:  8.8005185169662
[O/H] O3S2-C20 HII: Total metallicity in HII region:  8.86468905791481
[O/H] RS32-C20 HII: Total metallicity in HII region:  8.814204990025734
[O/H] R3-C20 HII: Total metallicity in HII region:  8.819779957545123
[O/H] N2-C20 HII: Total metallicity in HII region:  8.665867251177401
[O/H] S2-C20 HII: Total metallicity in HII region:  8.822780872854688
[O/H] Combined-C20 HII: Total metallicity in HII region:  8.8048519270311 (weighted 6 methods; dominant S2)
--------------------------------------------------------------
[O/H] D16: Total metallicity in total region:  8.767522900603714
[O/H] PG16: Total metallicity in total region:  8.564966131498988
[O/H] N2S2-N06: Total metallicity in total region:  9.055515709156554
[O/H] O3N2-M13: Total metallicity in total region:  8.527580618842718
[O/H] N2-M13: Total metallicity in total region:  8.552743370492758
[O/H] O3N2-PP04: Total metallicity in total region:  8.721896252475094
[O/H] N2-PP04: Total metallicity in total region:  8.725356794150176
[O/H] O3N2-C20: Total metallicity in total region:  8.742352505555553
[O/H] O3S2-C20: Total metallicity in total region:  8.80290923894172
[O/H] RS32-C20: Total metallicity in total region:  8.72511865116153
[O/H] R3-C20: Total metallicity in total region:  8.71993535645471
[O/H] N2-C20: Total metallicity in total region:  8.747219770234596
[O/H] S2-C20: Total metallicity in total region:  8.771085187757945
[O/H] Combined-C20: Total metallicity in total region:  8.748924093350654 (weighted 6 methods; dominant S2)
--------------------------------------------------------------
Total runtime: 92.7 s
✅  NGC4064 finished in 1m34s
