Python executable: /opt/miniconda3/envs/ICRAR/bin/python
Python 3.13.3
PYTHONUNBUFFERED: 1
CANFAR base root : /arc/projects/mauve
Local fallback   : /Users/Igniz/Desktop/ICRAR/extended

Shared input keyword ➜ <none>
Reading gas-line FITS ➜ /Users/Igniz/Desktop/ICRAR/extended/NGC4192_gas_BIN_maps.fits
Matched binning FITS ➜ /Users/Igniz/Desktop/ICRAR/extended/NGC4192_SPATIAL_BINNING_maps_extended.fits
File not found: None
/Users/Igniz/Desktop/ICRAR/extended/SFR+Z.py:619: RuntimeWarning: divide by zero encountered in divide
  BD = HA6562_FLUX / HB4861_FLUX
--------------------------------------------------------------
Extinction law for k(λ)=A(λ)/E(B−V): mw (mw_rv=3.1)
k(Hβ 4861Å)  = 3.6092   at λ=0.4861 µm
k(Hα 6562Å)  = 2.5355   at λ=0.6562 µm
k([OIII]5006)= 3.4736   at λ=0.5006 µm
k([NII]6583) = 2.5255   at λ=0.6583 µm
k([SII]6716) = 2.4619   at λ=0.6716 µm
k([SII]6730) = 2.4552   at λ=0.6730 µm
--------------------------------------------------------------
/Users/Igniz/Desktop/ICRAR/extended/SFR+Z.py:985: RuntimeWarning: divide by zero encountered in divide
  y = np.log10(NII6583_FLUX_corr / (SII6716_FLUX_corr + SII6730_FLUX_corr)) + 0.264*np.log10(NII6583_FLUX_corr / HA6562_FLUX_corr)
/Users/Igniz/Desktop/ICRAR/extended/SFR+Z.py:996: RuntimeWarning: divide by zero encountered in divide
  N2 = NII_scaled / HB4861_FLUX_corr   # N2 = I([N II]λ6548 + λ6584)/I(Hβ)
/Users/Igniz/Desktop/ICRAR/extended/SFR+Z.py:997: RuntimeWarning: divide by zero encountered in divide
  S2 = (SII6716_FLUX_corr + SII6730_FLUX_corr) / HB4861_FLUX_corr  # S2 = I([S II]λ6717 + λ6731)/I(Hβ)
/Users/Igniz/Desktop/ICRAR/extended/SFR+Z.py:997: RuntimeWarning: invalid value encountered in divide
  S2 = (SII6716_FLUX_corr + SII6730_FLUX_corr) / HB4861_FLUX_corr  # S2 = I([S II]λ6717 + λ6731)/I(Hβ)
/Users/Igniz/Desktop/ICRAR/extended/SFR+Z.py:998: RuntimeWarning: divide by zero encountered in divide
  R3 = OIII_scaled / HB4861_FLUX_corr  # R3 = I([O III]λ4959 + λ5007)/I(Hβ) (same value as R2 in this case)
/Users/Igniz/Desktop/ICRAR/extended/SFR+Z.py:998: RuntimeWarning: invalid value encountered in divide
  R3 = OIII_scaled / HB4861_FLUX_corr  # R3 = I([O III]λ4959 + λ5007)/I(Hβ) (same value as R2 in this case)
/Users/Igniz/Desktop/ICRAR/extended/SFR+Z.py:1000: RuntimeWarning: invalid value encountered in divide
  log_R3_S2 = np.log10(R3/S2)
/Users/Igniz/Desktop/ICRAR/extended/SFR+Z.py:1000: RuntimeWarning: divide by zero encountered in log10
  log_R3_S2 = np.log10(R3/S2)
/Users/Igniz/Desktop/ICRAR/extended/SFR+Z.py:1002: RuntimeWarning: divide by zero encountered in log10
  log_S2 = np.log10(S2)
/Users/Igniz/Desktop/ICRAR/extended/SFR+Z.py:1025: RuntimeWarning: invalid value encountered in add
  O_H_PG16[upper_mask] = (a1_upper + a2_upper * log_R3_S2[upper_mask] + a3_upper * log_N2[upper_mask] +
/Users/Igniz/Desktop/ICRAR/extended/SFR+Z.py:1050: RuntimeWarning: divide by zero encountered in divide
  n2s2_ratio = np.log10(nii6583_flux / sii_total)
/Users/Igniz/Desktop/ICRAR/extended/SFR+Z.py:1095: RuntimeWarning: divide by zero encountered in divide
  oiii_hb = oiii5006_flux / hb4861_flux
/Users/Igniz/Desktop/ICRAR/extended/SFR+Z.py:1095: RuntimeWarning: invalid value encountered in divide
  oiii_hb = oiii5006_flux / hb4861_flux
/Users/Igniz/Desktop/ICRAR/extended/SFR+Z.py:1097: RuntimeWarning: divide by zero encountered in log10
  o3n2_ratio = np.log10(oiii_hb / nii_ha)
/Users/Igniz/Desktop/ICRAR/extended/SFR+Z.py:1142: RuntimeWarning: divide by zero encountered in divide
  oiii_hb = oiii5006_flux / hb4861_flux
/Users/Igniz/Desktop/ICRAR/extended/SFR+Z.py:1142: RuntimeWarning: invalid value encountered in divide
  oiii_hb = oiii5006_flux / hb4861_flux
/Users/Igniz/Desktop/ICRAR/extended/SFR+Z.py:1144: RuntimeWarning: divide by zero encountered in log10
  o3n2_ratio = np.log10(oiii_hb / nii_ha)
/Users/Igniz/Desktop/ICRAR/extended/SFR+Z.py:1201: RuntimeWarning: divide by zero encountered in divide
  oiii_hb = oiii5006_flux / hb4861_flux
/Users/Igniz/Desktop/ICRAR/extended/SFR+Z.py:1201: RuntimeWarning: invalid value encountered in divide
  oiii_hb = oiii5006_flux / hb4861_flux
/Users/Igniz/Desktop/ICRAR/extended/SFR+Z.py:1203: RuntimeWarning: divide by zero encountered in log10
  o3n2_ratio = np.log10(oiii_hb / nii_ha)
/Users/Igniz/Desktop/ICRAR/extended/SFR+Z.py:1303: RuntimeWarning: divide by zero encountered in divide
  oiii_hb = oiii5006_flux / hb4861_flux
/Users/Igniz/Desktop/ICRAR/extended/SFR+Z.py:1303: RuntimeWarning: invalid value encountered in divide
  oiii_hb = oiii5006_flux / hb4861_flux
/Users/Igniz/Desktop/ICRAR/extended/SFR+Z.py:1306: RuntimeWarning: divide by zero encountered in divide
  sii_hb = sii_total / hb4861_flux
/Users/Igniz/Desktop/ICRAR/extended/SFR+Z.py:1306: RuntimeWarning: invalid value encountered in divide
  sii_hb = sii_total / hb4861_flux
/Users/Igniz/Desktop/ICRAR/extended/SFR+Z.py:1309: RuntimeWarning: invalid value encountered in divide
  o3s2_ratio = np.log10(oiii_hb / sii_hb)
/Users/Igniz/Desktop/ICRAR/extended/SFR+Z.py:1309: RuntimeWarning: divide by zero encountered in log10
  o3s2_ratio = np.log10(oiii_hb / sii_hb)
Calculating all 6 C20 metallicities for NGC4192...
Combined C20 metallicity: median = 8.704, range = (8.057, 8.894)
Combined C20 dominant-weight method usage: O3N2=113896, O3S2=0, RS32=11482, R3=295427, N2=0, S2=66439
Galaxy NGC4192 inclination: 83.0° (cos θ = 0.122)
Inclination correction ENABLED: applying b/a = 0.233 (adopting intrinsic thickness q₀ = 0.2 for disc galaxy)
/Users/Igniz/Desktop/ICRAR/extended/SFR+Z.py:2018: RuntimeWarning: divide by zero encountered in log10
  logS2  = np.log10((SII6716_FLUX_corr+SII6730_FLUX_corr) / HA6562_FLUX_corr)   # Σ[S II]/Hα
/Users/Igniz/Desktop/ICRAR/extended/SFR+Z.py:2019: RuntimeWarning: divide by zero encountered in divide
  logO3  = np.log10(OIII5006_FLUX_corr / HB4861_FLUX_corr)       # [O III]/Hβ
/Users/Igniz/Desktop/ICRAR/extended/SFR+Z.py:2019: RuntimeWarning: invalid value encountered in divide
  logO3  = np.log10(OIII5006_FLUX_corr / HB4861_FLUX_corr)       # [O III]/Hβ
/Users/Igniz/Desktop/ICRAR/extended/SFR+Z.py:2019: RuntimeWarning: divide by zero encountered in log10
  logO3  = np.log10(OIII5006_FLUX_corr / HB4861_FLUX_corr)       # [O III]/Hβ
/Users/Igniz/Desktop/ICRAR/extended/SFR+Z.py:2105: RuntimeWarning: invalid value encountered in add
  mask_N2_right, mask_S2_right = apply_bpt_masks(logN2=logN2+logN2_err, logS2=logS2+logS2_err, logO3=logO3)
/Users/Igniz/Desktop/ICRAR/extended/SFR+Z.py:2107: RuntimeWarning: invalid value encountered in add
  mask_N2_up, mask_S2_up = apply_bpt_masks(logN2=logN2, logS2=logS2, logO3=logO3+logO3_err)
Extended file written ➜ /Users/Igniz/Desktop/ICRAR/extended/NGC4192_gas_BIN_maps_extended.fits
--------------------------------------------------------------
Total non-nan spaxels: 489332
Number of pixels with Halpha not detected: 552
Number of pixels with Halpha detected, Hbeta not detected: 92438
Number of pixels with Halpha detected, Hbeta detected, NII not detected, OIII not detected and unclassified1: 0
Number of pixels with Halpha detected, Hbeta detected, NII not detected, OIII detected and unclassified1: 0
Number of pixels with Halpha detected, Hbeta detected, NII detected, OIII not detected and unclassified1: 5622
Number of pixels with Halpha detected, Hbeta detected, NII detected, OIII detected and unclassified1: 63593
Number of pixels with Halpha detected, Hbeta detected, SII not detected, OIII not detected and unclassified1: 265
Number of pixels with Halpha detected, Hbeta detected, SII not detected, OIII detected and unclassified1: 1973
Number of pixels with Halpha detected, Hbeta detected, SII detected, OIII not detected and unclassified1: 5357
Number of pixels with Halpha detected, Hbeta detected, SII detected, OIII detected and unclassified1: 61620
--------------------------------------------------------------
Total Halpha luminosity map sum (detections + upper-limit substitutions): 2.73e+41 erg/s
Total corrected Halpha luminosity from SF region: 2.23e+41 erg/s
Total Halpha SFR map sum (detections + upper-limit substitutions): 1.36 M☉/yr or in log10 scale: 0.13 log(M☉/yr)
Total Halpha SFR from SF region: 1.11 M☉/yr or in log10 scale: 0.05 log(M☉/yr)
Total Halpha SFR from HII region: 0.89 M☉/yr or in log10 scale: -0.05 log(M☉/yr)
--------------------------------------------------------------
[O/H] D16 SF: Total metallicity in SF region:  8.779483171149025
[O/H] PG16 SF: Total metallicity in SF region:  8.581752050789923
[O/H] N2S2-N06 SF: Total metallicity in SF region:  9.056464045199114
[O/H] O3N2-M13 SF: Total metallicity in SF region:  8.53791585664723
[O/H] N2-M13 SF: Total metallicity in SF region:  8.571230888406182
[O/H] O3N2-PP04 SF: Total metallicity in SF region:  8.7373508136781
[O/H] N2-PP04 SF: Total metallicity in SF region:  8.772982328705085
[O/H] O3N2-C20 SF: Total metallicity in SF region:  8.751964943735608
[O/H] O3S2-C20 SF: Total metallicity in SF region:  8.81255473059218
[O/H] RS32-C20 SF: Total metallicity in SF region:  8.7204850408894
[O/H] R3-C20 SF: Total metallicity in SF region:  8.722128628394714
[O/H] N2-C20 SF: Total metallicity in SF region:  8.786487763870705
[O/H] S2-C20 SF: Total metallicity in SF region:  8.741353938569741
[O/H] Combined-C20 SF: Total metallicity in SF region:  8.746144656264978 (weighted 6 methods; dominant S2)
--------------------------------------------------------------
[O/H] D16 HII: Total metallicity in HII region:  8.782578104949565
[O/H] PG16 HII: Total metallicity in HII region:  8.573532456389884
[O/H] N2S2-N06 HII: Total metallicity in HII region:  9.064010570187591
[O/H] O3N2-M13 HII: Total metallicity in HII region:  8.544180767767514
[O/H] N2-M13 HII: Total metallicity in HII region:  8.5600860556544
[O/H] O3N2-PP04 HII: Total metallicity in HII region:  8.74671890507292
[O/H] N2-PP04 HII: Total metallicity in HII region:  8.743933856964832
[O/H] O3N2-C20 HII: Total metallicity in HII region:  8.757751491744758
[O/H] O3S2-C20 HII: Total metallicity in HII region:  8.816594869461692
[O/H] RS32-C20 HII: Total metallicity in HII region:  8.73690426647372
[O/H] R3-C20 HII: Total metallicity in HII region:  8.736054537548739
[O/H] N2-C20 HII: Total metallicity in HII region:  8.761471027163171
[O/H] S2-C20 HII: Total metallicity in HII region:  8.767585895658005
[O/H] Combined-C20 HII: Total metallicity in HII region:  8.758049615826192 (weighted 6 methods; dominant S2)
--------------------------------------------------------------
[O/H] D16: Total metallicity in total region:  8.792464239240388
[O/H] PG16: Total metallicity in total region:  8.618914725149201
[O/H] N2S2-N06: Total metallicity in total region:  9.050913068173125
[O/H] O3N2-M13: Total metallicity in total region:  8.523254512763337
[O/H] N2-M13: Total metallicity in total region:  8.605459255688297
[O/H] O3N2-PP04: Total metallicity in total region:  8.71542730880499
[O/H] N2-PP04: Total metallicity in total region:  nan
[O/H] O3N2-C20: Total metallicity in total region:  8.738303981762853
[O/H] O3S2-C20: Total metallicity in total region:  8.799915163701986
[O/H] RS32-C20: Total metallicity in total region:  8.67555799055287
[O/H] R3-C20: Total metallicity in total region:  8.682952798760057
[O/H] N2-C20: Total metallicity in total region:  nan
[O/H] S2-C20: Total metallicity in total region:  nan
[O/H] Combined-C20: Total metallicity in total region:  8.710042237813186 (weighted 4 methods; dominant R3)
--------------------------------------------------------------
Total runtime: 208.5 s
✅  NGC4192 finished in 3m30s
