Python executable: /opt/miniconda3/envs/ICRAR/bin/python
Python 3.13.3
PYTHONUNBUFFERED: 1
CANFAR base root : /arc/projects/mauve
Local fallback   : /Users/Igniz/Desktop/ICRAR/extended

Shared input keyword ➜ <none>
Reading gas-line FITS ➜ /Users/Igniz/Desktop/ICRAR/extended/NGC4383_gas_BIN_maps.fits
Matched binning FITS ➜ /Users/Igniz/Desktop/ICRAR/extended/NGC4383_SPATIAL_BINNING_maps_extended.fits
File not found: None
/Users/Igniz/Desktop/ICRAR/extended/SFR+Z.py:619: RuntimeWarning: invalid value encountered in divide
  BD = HA6562_FLUX / HB4861_FLUX
--------------------------------------------------------------
Extinction law for k(λ)=A(λ)/E(B−V): mw (mw_rv=3.1)
k(Hβ 4861Å)  = 3.6092   at λ=0.4861 µm
k(Hα 6562Å)  = 2.5355   at λ=0.6562 µm
k([OIII]5006)= 3.4736   at λ=0.5006 µm
k([NII]6583) = 2.5255   at λ=0.6583 µm
k([SII]6716) = 2.4619   at λ=0.6716 µm
k([SII]6730) = 2.4552   at λ=0.6730 µm
--------------------------------------------------------------
/Users/Igniz/Desktop/ICRAR/extended/SFR+Z.py:985: RuntimeWarning: divide by zero encountered in divide
  y = np.log10(NII6583_FLUX_corr / (SII6716_FLUX_corr + SII6730_FLUX_corr)) + 0.264*np.log10(NII6583_FLUX_corr / HA6562_FLUX_corr)
/Users/Igniz/Desktop/ICRAR/extended/SFR+Z.py:996: RuntimeWarning: divide by zero encountered in divide
  N2 = NII_scaled / HB4861_FLUX_corr   # N2 = I([N II]λ6548 + λ6584)/I(Hβ)
/Users/Igniz/Desktop/ICRAR/extended/SFR+Z.py:997: RuntimeWarning: invalid value encountered in divide
  S2 = (SII6716_FLUX_corr + SII6730_FLUX_corr) / HB4861_FLUX_corr  # S2 = I([S II]λ6717 + λ6731)/I(Hβ)
/Users/Igniz/Desktop/ICRAR/extended/SFR+Z.py:998: RuntimeWarning: invalid value encountered in divide
  R3 = OIII_scaled / HB4861_FLUX_corr  # R3 = I([O III]λ4959 + λ5007)/I(Hβ) (same value as R2 in this case)
/Users/Igniz/Desktop/ICRAR/extended/SFR+Z.py:1050: RuntimeWarning: divide by zero encountered in divide
  n2s2_ratio = np.log10(nii6583_flux / sii_total)
/Users/Igniz/Desktop/ICRAR/extended/SFR+Z.py:1095: RuntimeWarning: invalid value encountered in divide
  oiii_hb = oiii5006_flux / hb4861_flux
/Users/Igniz/Desktop/ICRAR/extended/SFR+Z.py:1096: RuntimeWarning: divide by zero encountered in divide
  nii_ha = nii6583_flux / ha6562_flux
/Users/Igniz/Desktop/ICRAR/extended/SFR+Z.py:1119: RuntimeWarning: divide by zero encountered in divide
  n2_ratio = np.log10(nii6583_flux / ha6562_flux)
/Users/Igniz/Desktop/ICRAR/extended/SFR+Z.py:1142: RuntimeWarning: invalid value encountered in divide
  oiii_hb = oiii5006_flux / hb4861_flux
/Users/Igniz/Desktop/ICRAR/extended/SFR+Z.py:1143: RuntimeWarning: divide by zero encountered in divide
  nii_ha = nii6583_flux / ha6562_flux
/Users/Igniz/Desktop/ICRAR/extended/SFR+Z.py:1166: RuntimeWarning: divide by zero encountered in divide
  n2_ratio = np.log10(nii6583_flux / ha6562_flux)
/Users/Igniz/Desktop/ICRAR/extended/SFR+Z.py:1201: RuntimeWarning: invalid value encountered in divide
  oiii_hb = oiii5006_flux / hb4861_flux
/Users/Igniz/Desktop/ICRAR/extended/SFR+Z.py:1202: RuntimeWarning: divide by zero encountered in divide
  nii_ha = nii6583_flux / ha6562_flux
/Users/Igniz/Desktop/ICRAR/extended/SFR+Z.py:1303: RuntimeWarning: invalid value encountered in divide
  oiii_hb = oiii5006_flux / hb4861_flux
/Users/Igniz/Desktop/ICRAR/extended/SFR+Z.py:1306: RuntimeWarning: invalid value encountered in divide
  sii_hb = sii_total / hb4861_flux
Calculating all 6 C20 metallicities for NGC4383...
Combined C20 metallicity: median = 8.626, range = (8.425, 8.706)
Combined C20 dominant-weight method usage: O3N2=0, O3S2=0, RS32=0, R3=116031, N2=0, S2=13093
Galaxy NGC4383 inclination: 56.0° (cos θ = 0.559)
Inclination correction ENABLED: applying b/a = 0.583 (adopting intrinsic thickness q₀ = 0.2 for disc galaxy)
/Users/Igniz/Desktop/ICRAR/extended/SFR+Z.py:2017: RuntimeWarning: divide by zero encountered in divide
  logN2  = np.log10(NII6583_FLUX_corr / HA6562_FLUX_corr)        # [N II]/Hα
/Users/Igniz/Desktop/ICRAR/extended/SFR+Z.py:2018: RuntimeWarning: invalid value encountered in divide
  logS2  = np.log10((SII6716_FLUX_corr+SII6730_FLUX_corr) / HA6562_FLUX_corr)   # Σ[S II]/Hα
/Users/Igniz/Desktop/ICRAR/extended/SFR+Z.py:2019: RuntimeWarning: invalid value encountered in divide
  logO3  = np.log10(OIII5006_FLUX_corr / HB4861_FLUX_corr)       # [O III]/Hβ
Extended file written ➜ /Users/Igniz/Desktop/ICRAR/extended/NGC4383_gas_BIN_maps_extended.fits
--------------------------------------------------------------
Total non-nan spaxels: 129210
Number of pixels with Halpha not detected: 86
Number of pixels with Halpha detected, Hbeta not detected: 17458
Number of pixels with Halpha detected, Hbeta detected, NII not detected, OIII not detected and unclassified1: 0
Number of pixels with Halpha detected, Hbeta detected, NII not detected, OIII detected and unclassified1: 0
Number of pixels with Halpha detected, Hbeta detected, NII detected, OIII not detected and unclassified1: 0
Number of pixels with Halpha detected, Hbeta detected, NII detected, OIII detected and unclassified1: 0
Number of pixels with Halpha detected, Hbeta detected, SII not detected, OIII not detected and unclassified1: 0
Number of pixels with Halpha detected, Hbeta detected, SII not detected, OIII detected and unclassified1: 0
Number of pixels with Halpha detected, Hbeta detected, SII detected, OIII not detected and unclassified1: 0
Number of pixels with Halpha detected, Hbeta detected, SII detected, OIII detected and unclassified1: 0
--------------------------------------------------------------
Total Halpha luminosity map sum (detections + upper-limit substitutions): 1.95e+41 erg/s
Total corrected Halpha luminosity from SF region: 1.91e+41 erg/s
Total Halpha SFR map sum (detections + upper-limit substitutions): 0.97 M☉/yr or in log10 scale: -0.01 log(M☉/yr)
Total Halpha SFR from SF region: 0.95 M☉/yr or in log10 scale: -0.02 log(M☉/yr)
Total Halpha SFR from HII region: 0.95 M☉/yr or in log10 scale: -0.02 log(M☉/yr)
--------------------------------------------------------------
[O/H] D16 SF: Total metallicity in SF region:  8.395066620479623
[O/H] PG16 SF: Total metallicity in SF region:  8.358302826429094
[O/H] N2S2-N06 SF: Total metallicity in SF region:  8.774782976631526
[O/H] O3N2-M13 SF: Total metallicity in SF region:  8.371377462934396
[O/H] N2-M13 SF: Total metallicity in SF region:  8.410660800558285
[O/H] O3N2-PP04 SF: Total metallicity in SF region:  8.488321439901902
[O/H] N2-PP04 SF: Total metallicity in SF region:  8.44260927560079
[O/H] O3N2-C20 SF: Total metallicity in SF region:  8.585250577628676
[O/H] O3S2-C20 SF: Total metallicity in SF region:  8.707787067781984
[O/H] RS32-C20 SF: Total metallicity in SF region:  8.608956417447425
[O/H] R3-C20 SF: Total metallicity in SF region:  8.592459741806925
[O/H] N2-C20 SF: Total metallicity in SF region:  8.559324757001509
[O/H] S2-C20 SF: Total metallicity in SF region:  8.510992417771952
[O/H] Combined-C20 SF: Total metallicity in SF region:  8.576865226508113 (weighted 6 methods; dominant S2)
--------------------------------------------------------------
[O/H] D16 HII: Total metallicity in HII region:  8.395066620479623
[O/H] PG16 HII: Total metallicity in HII region:  8.358302826429094
[O/H] N2S2-N06 HII: Total metallicity in HII region:  8.774782976631526
[O/H] O3N2-M13 HII: Total metallicity in HII region:  8.371377462934396
[O/H] N2-M13 HII: Total metallicity in HII region:  8.410660800558285
[O/H] O3N2-PP04 HII: Total metallicity in HII region:  8.488321439901902
[O/H] N2-PP04 HII: Total metallicity in HII region:  8.44260927560079
[O/H] O3N2-C20 HII: Total metallicity in HII region:  8.585250577628676
[O/H] O3S2-C20 HII: Total metallicity in HII region:  8.707787067781984
[O/H] RS32-C20 HII: Total metallicity in HII region:  8.608956417447425
[O/H] R3-C20 HII: Total metallicity in HII region:  8.592459741806925
[O/H] N2-C20 HII: Total metallicity in HII region:  8.559324757001509
[O/H] S2-C20 HII: Total metallicity in HII region:  8.510992417771952
[O/H] Combined-C20 HII: Total metallicity in HII region:  8.576865226508113 (weighted 6 methods; dominant S2)
--------------------------------------------------------------
[O/H] D16: Total metallicity in total region:  8.384219056820578
[O/H] PG16: Total metallicity in total region:  8.35532995108306
[O/H] N2S2-N06: Total metallicity in total region:  8.759916484984524
[O/H] O3N2-M13: Total metallicity in total region:  8.372786628527628
[O/H] N2-M13: Total metallicity in total region:  8.413383243978453
[O/H] O3N2-PP04: Total metallicity in total region:  8.4904286034058
[O/H] N2-PP04: Total metallicity in total region:  8.446836556468572
[O/H] O3N2-C20: Total metallicity in total region:  8.586784323704878
[O/H] O3S2-C20: Total metallicity in total region:  8.712109015847332
[O/H] RS32-C20: Total metallicity in total region:  8.607425354721157
[O/H] R3-C20: Total metallicity in total region:  8.592700333491125
[O/H] N2-C20: Total metallicity in total region:  8.562373978811616
[O/H] S2-C20: Total metallicity in total region:  8.52728011634825
[O/H] Combined-C20: Total metallicity in total region:  8.582357315329274 (weighted 6 methods; dominant S2)
--------------------------------------------------------------
Total runtime: 81.0 s
✅  NGC4383 finished in 1m22s
