Python executable: /opt/miniconda3/envs/ICRAR/bin/python
Python 3.13.3
PYTHONUNBUFFERED: 1
CANFAR base root : /arc/projects/mauve
Local fallback   : /Users/Igniz/Desktop/ICRAR/extended

Shared input keyword ➜ <none>
Reading gas-line FITS ➜ /Users/Igniz/Desktop/ICRAR/extended/NGC4330_gas_BIN_maps.fits
Matched binning FITS ➜ /Users/Igniz/Desktop/ICRAR/extended/NGC4330_SPATIAL_BINNING_maps_extended.fits
File not found: None
/Users/Igniz/Desktop/ICRAR/extended/SFR+Z.py:619: RuntimeWarning: divide by zero encountered in divide
  BD = HA6562_FLUX / HB4861_FLUX
/Users/Igniz/Desktop/ICRAR/extended/SFR+Z.py:619: RuntimeWarning: invalid value encountered in divide
  BD = HA6562_FLUX / HB4861_FLUX
--------------------------------------------------------------
Extinction law for k(λ)=A(λ)/E(B−V): mw (mw_rv=3.1)
k(Hβ 4861Å)  = 3.6092   at λ=0.4861 µm
k(Hα 6562Å)  = 2.5355   at λ=0.6562 µm
k([OIII]5006)= 3.4736   at λ=0.5006 µm
k([NII]6583) = 2.5255   at λ=0.6583 µm
k([SII]6716) = 2.4619   at λ=0.6716 µm
k([SII]6730) = 2.4552   at λ=0.6730 µm
--------------------------------------------------------------
/Users/Igniz/Desktop/ICRAR/extended/SFR+Z.py:985: RuntimeWarning: divide by zero encountered in divide
  y = np.log10(NII6583_FLUX_corr / (SII6716_FLUX_corr + SII6730_FLUX_corr)) + 0.264*np.log10(NII6583_FLUX_corr / HA6562_FLUX_corr)
/Users/Igniz/Desktop/ICRAR/extended/SFR+Z.py:985: RuntimeWarning: invalid value encountered in divide
  y = np.log10(NII6583_FLUX_corr / (SII6716_FLUX_corr + SII6730_FLUX_corr)) + 0.264*np.log10(NII6583_FLUX_corr / HA6562_FLUX_corr)
/Users/Igniz/Desktop/ICRAR/extended/SFR+Z.py:985: RuntimeWarning: divide by zero encountered in log10
  y = np.log10(NII6583_FLUX_corr / (SII6716_FLUX_corr + SII6730_FLUX_corr)) + 0.264*np.log10(NII6583_FLUX_corr / HA6562_FLUX_corr)
/Users/Igniz/Desktop/ICRAR/extended/SFR+Z.py:996: RuntimeWarning: divide by zero encountered in divide
  N2 = NII_scaled / HB4861_FLUX_corr   # N2 = I([N II]λ6548 + λ6584)/I(Hβ)
/Users/Igniz/Desktop/ICRAR/extended/SFR+Z.py:996: RuntimeWarning: invalid value encountered in divide
  N2 = NII_scaled / HB4861_FLUX_corr   # N2 = I([N II]λ6548 + λ6584)/I(Hβ)
/Users/Igniz/Desktop/ICRAR/extended/SFR+Z.py:997: RuntimeWarning: divide by zero encountered in divide
  S2 = (SII6716_FLUX_corr + SII6730_FLUX_corr) / HB4861_FLUX_corr  # S2 = I([S II]λ6717 + λ6731)/I(Hβ)
/Users/Igniz/Desktop/ICRAR/extended/SFR+Z.py:997: RuntimeWarning: invalid value encountered in divide
  S2 = (SII6716_FLUX_corr + SII6730_FLUX_corr) / HB4861_FLUX_corr  # S2 = I([S II]λ6717 + λ6731)/I(Hβ)
/Users/Igniz/Desktop/ICRAR/extended/SFR+Z.py:998: RuntimeWarning: divide by zero encountered in divide
  R3 = OIII_scaled / HB4861_FLUX_corr  # R3 = I([O III]λ4959 + λ5007)/I(Hβ) (same value as R2 in this case)
/Users/Igniz/Desktop/ICRAR/extended/SFR+Z.py:998: RuntimeWarning: invalid value encountered in divide
  R3 = OIII_scaled / HB4861_FLUX_corr  # R3 = I([O III]λ4959 + λ5007)/I(Hβ) (same value as R2 in this case)
/Users/Igniz/Desktop/ICRAR/extended/SFR+Z.py:1000: RuntimeWarning: divide by zero encountered in divide
  log_R3_S2 = np.log10(R3/S2)
/Users/Igniz/Desktop/ICRAR/extended/SFR+Z.py:1000: RuntimeWarning: invalid value encountered in divide
  log_R3_S2 = np.log10(R3/S2)
/Users/Igniz/Desktop/ICRAR/extended/SFR+Z.py:1000: RuntimeWarning: divide by zero encountered in log10
  log_R3_S2 = np.log10(R3/S2)
/Users/Igniz/Desktop/ICRAR/extended/SFR+Z.py:1001: RuntimeWarning: divide by zero encountered in log10
  log_N2 = np.log10(N2)
/Users/Igniz/Desktop/ICRAR/extended/SFR+Z.py:1002: RuntimeWarning: divide by zero encountered in log10
  log_S2 = np.log10(S2)
/Users/Igniz/Desktop/ICRAR/extended/SFR+Z.py:1025: RuntimeWarning: invalid value encountered in add
  O_H_PG16[upper_mask] = (a1_upper + a2_upper * log_R3_S2[upper_mask] + a3_upper * log_N2[upper_mask] +
/Users/Igniz/Desktop/ICRAR/extended/SFR+Z.py:1028: RuntimeWarning: invalid value encountered in add
  O_H_PG16[lower_mask] = (a1_lower + a2_lower * log_R3_S2[lower_mask] + a3_lower * log_N2[lower_mask] +
/Users/Igniz/Desktop/ICRAR/extended/SFR+Z.py:1029: RuntimeWarning: invalid value encountered in add
  (a4_lower + a5_lower * log_R3_S2[lower_mask] + a6_lower * log_N2[lower_mask]) * log_S2[lower_mask])
/Users/Igniz/Desktop/ICRAR/extended/SFR+Z.py:1050: RuntimeWarning: divide by zero encountered in divide
  n2s2_ratio = np.log10(nii6583_flux / sii_total)
/Users/Igniz/Desktop/ICRAR/extended/SFR+Z.py:1050: RuntimeWarning: invalid value encountered in divide
  n2s2_ratio = np.log10(nii6583_flux / sii_total)
/Users/Igniz/Desktop/ICRAR/extended/SFR+Z.py:1050: RuntimeWarning: divide by zero encountered in log10
  n2s2_ratio = np.log10(nii6583_flux / sii_total)
/Users/Igniz/Desktop/ICRAR/extended/SFR+Z.py:1095: RuntimeWarning: divide by zero encountered in divide
  oiii_hb = oiii5006_flux / hb4861_flux
/Users/Igniz/Desktop/ICRAR/extended/SFR+Z.py:1095: RuntimeWarning: invalid value encountered in divide
  oiii_hb = oiii5006_flux / hb4861_flux
/Users/Igniz/Desktop/ICRAR/extended/SFR+Z.py:1096: RuntimeWarning: divide by zero encountered in divide
  nii_ha = nii6583_flux / ha6562_flux
/Users/Igniz/Desktop/ICRAR/extended/SFR+Z.py:1096: RuntimeWarning: invalid value encountered in divide
  nii_ha = nii6583_flux / ha6562_flux
/Users/Igniz/Desktop/ICRAR/extended/SFR+Z.py:1097: RuntimeWarning: divide by zero encountered in divide
  o3n2_ratio = np.log10(oiii_hb / nii_ha)
/Users/Igniz/Desktop/ICRAR/extended/SFR+Z.py:1097: RuntimeWarning: invalid value encountered in divide
  o3n2_ratio = np.log10(oiii_hb / nii_ha)
/Users/Igniz/Desktop/ICRAR/extended/SFR+Z.py:1097: RuntimeWarning: divide by zero encountered in log10
  o3n2_ratio = np.log10(oiii_hb / nii_ha)
/Users/Igniz/Desktop/ICRAR/extended/SFR+Z.py:1119: RuntimeWarning: divide by zero encountered in divide
  n2_ratio = np.log10(nii6583_flux / ha6562_flux)
/Users/Igniz/Desktop/ICRAR/extended/SFR+Z.py:1119: RuntimeWarning: invalid value encountered in divide
  n2_ratio = np.log10(nii6583_flux / ha6562_flux)
/Users/Igniz/Desktop/ICRAR/extended/SFR+Z.py:1119: RuntimeWarning: divide by zero encountered in log10
  n2_ratio = np.log10(nii6583_flux / ha6562_flux)
/Users/Igniz/Desktop/ICRAR/extended/SFR+Z.py:1142: RuntimeWarning: divide by zero encountered in divide
  oiii_hb = oiii5006_flux / hb4861_flux
/Users/Igniz/Desktop/ICRAR/extended/SFR+Z.py:1142: RuntimeWarning: invalid value encountered in divide
  oiii_hb = oiii5006_flux / hb4861_flux
/Users/Igniz/Desktop/ICRAR/extended/SFR+Z.py:1143: RuntimeWarning: divide by zero encountered in divide
  nii_ha = nii6583_flux / ha6562_flux
/Users/Igniz/Desktop/ICRAR/extended/SFR+Z.py:1143: RuntimeWarning: invalid value encountered in divide
  nii_ha = nii6583_flux / ha6562_flux
/Users/Igniz/Desktop/ICRAR/extended/SFR+Z.py:1144: RuntimeWarning: divide by zero encountered in divide
  o3n2_ratio = np.log10(oiii_hb / nii_ha)
/Users/Igniz/Desktop/ICRAR/extended/SFR+Z.py:1144: RuntimeWarning: invalid value encountered in divide
  o3n2_ratio = np.log10(oiii_hb / nii_ha)
/Users/Igniz/Desktop/ICRAR/extended/SFR+Z.py:1144: RuntimeWarning: divide by zero encountered in log10
  o3n2_ratio = np.log10(oiii_hb / nii_ha)
/Users/Igniz/Desktop/ICRAR/extended/SFR+Z.py:1166: RuntimeWarning: divide by zero encountered in divide
  n2_ratio = np.log10(nii6583_flux / ha6562_flux)
/Users/Igniz/Desktop/ICRAR/extended/SFR+Z.py:1166: RuntimeWarning: invalid value encountered in divide
  n2_ratio = np.log10(nii6583_flux / ha6562_flux)
/Users/Igniz/Desktop/ICRAR/extended/SFR+Z.py:1166: RuntimeWarning: divide by zero encountered in log10
  n2_ratio = np.log10(nii6583_flux / ha6562_flux)
/Users/Igniz/Desktop/ICRAR/extended/SFR+Z.py:1201: RuntimeWarning: divide by zero encountered in divide
  oiii_hb = oiii5006_flux / hb4861_flux
/Users/Igniz/Desktop/ICRAR/extended/SFR+Z.py:1201: RuntimeWarning: invalid value encountered in divide
  oiii_hb = oiii5006_flux / hb4861_flux
/Users/Igniz/Desktop/ICRAR/extended/SFR+Z.py:1202: RuntimeWarning: divide by zero encountered in divide
  nii_ha = nii6583_flux / ha6562_flux
/Users/Igniz/Desktop/ICRAR/extended/SFR+Z.py:1202: RuntimeWarning: invalid value encountered in divide
  nii_ha = nii6583_flux / ha6562_flux
/Users/Igniz/Desktop/ICRAR/extended/SFR+Z.py:1203: RuntimeWarning: divide by zero encountered in divide
  o3n2_ratio = np.log10(oiii_hb / nii_ha)
/Users/Igniz/Desktop/ICRAR/extended/SFR+Z.py:1203: RuntimeWarning: invalid value encountered in divide
  o3n2_ratio = np.log10(oiii_hb / nii_ha)
/Users/Igniz/Desktop/ICRAR/extended/SFR+Z.py:1203: RuntimeWarning: divide by zero encountered in log10
  o3n2_ratio = np.log10(oiii_hb / nii_ha)
/Users/Igniz/Desktop/ICRAR/extended/SFR+Z.py:1303: RuntimeWarning: divide by zero encountered in divide
  oiii_hb = oiii5006_flux / hb4861_flux
/Users/Igniz/Desktop/ICRAR/extended/SFR+Z.py:1303: RuntimeWarning: invalid value encountered in divide
  oiii_hb = oiii5006_flux / hb4861_flux
/Users/Igniz/Desktop/ICRAR/extended/SFR+Z.py:1306: RuntimeWarning: divide by zero encountered in divide
  sii_hb = sii_total / hb4861_flux
/Users/Igniz/Desktop/ICRAR/extended/SFR+Z.py:1306: RuntimeWarning: invalid value encountered in divide
  sii_hb = sii_total / hb4861_flux
/Users/Igniz/Desktop/ICRAR/extended/SFR+Z.py:1309: RuntimeWarning: divide by zero encountered in divide
  o3s2_ratio = np.log10(oiii_hb / sii_hb)
/Users/Igniz/Desktop/ICRAR/extended/SFR+Z.py:1309: RuntimeWarning: invalid value encountered in divide
  o3s2_ratio = np.log10(oiii_hb / sii_hb)
/Users/Igniz/Desktop/ICRAR/extended/SFR+Z.py:1309: RuntimeWarning: divide by zero encountered in log10
  o3s2_ratio = np.log10(oiii_hb / sii_hb)
Calculating all 6 C20 metallicities for NGC4330...
Combined C20 metallicity: median = 8.706, range = (8.166, 8.975)
Combined C20 dominant-weight method usage: O3N2=13602, O3S2=758, RS32=3935, R3=85496, N2=13301, S2=10001
Galaxy NGC4330 inclination: 90.0° (cos θ = 0.000)
Inclination correction ENABLED: applying b/a = 0.200 (adopting intrinsic thickness q₀ = 0.2 for disc galaxy)
/Users/Igniz/Desktop/ICRAR/extended/SFR+Z.py:2017: RuntimeWarning: divide by zero encountered in divide
  logN2  = np.log10(NII6583_FLUX_corr / HA6562_FLUX_corr)        # [N II]/Hα
/Users/Igniz/Desktop/ICRAR/extended/SFR+Z.py:2017: RuntimeWarning: invalid value encountered in divide
  logN2  = np.log10(NII6583_FLUX_corr / HA6562_FLUX_corr)        # [N II]/Hα
/Users/Igniz/Desktop/ICRAR/extended/SFR+Z.py:2017: RuntimeWarning: divide by zero encountered in log10
  logN2  = np.log10(NII6583_FLUX_corr / HA6562_FLUX_corr)        # [N II]/Hα
/Users/Igniz/Desktop/ICRAR/extended/SFR+Z.py:2018: RuntimeWarning: divide by zero encountered in divide
  logS2  = np.log10((SII6716_FLUX_corr+SII6730_FLUX_corr) / HA6562_FLUX_corr)   # Σ[S II]/Hα
/Users/Igniz/Desktop/ICRAR/extended/SFR+Z.py:2018: RuntimeWarning: invalid value encountered in divide
  logS2  = np.log10((SII6716_FLUX_corr+SII6730_FLUX_corr) / HA6562_FLUX_corr)   # Σ[S II]/Hα
/Users/Igniz/Desktop/ICRAR/extended/SFR+Z.py:2018: RuntimeWarning: divide by zero encountered in log10
  logS2  = np.log10((SII6716_FLUX_corr+SII6730_FLUX_corr) / HA6562_FLUX_corr)   # Σ[S II]/Hα
/Users/Igniz/Desktop/ICRAR/extended/SFR+Z.py:2019: RuntimeWarning: divide by zero encountered in divide
  logO3  = np.log10(OIII5006_FLUX_corr / HB4861_FLUX_corr)       # [O III]/Hβ
/Users/Igniz/Desktop/ICRAR/extended/SFR+Z.py:2019: RuntimeWarning: invalid value encountered in divide
  logO3  = np.log10(OIII5006_FLUX_corr / HB4861_FLUX_corr)       # [O III]/Hβ
/Users/Igniz/Desktop/ICRAR/extended/SFR+Z.py:2019: RuntimeWarning: divide by zero encountered in log10
  logO3  = np.log10(OIII5006_FLUX_corr / HB4861_FLUX_corr)       # [O III]/Hβ
/Users/Igniz/Desktop/ICRAR/extended/SFR+Z.py:2105: RuntimeWarning: invalid value encountered in add
  mask_N2_right, mask_S2_right = apply_bpt_masks(logN2=logN2+logN2_err, logS2=logS2+logS2_err, logO3=logO3)
/Users/Igniz/Desktop/ICRAR/extended/SFR+Z.py:2107: RuntimeWarning: invalid value encountered in add
  mask_N2_up, mask_S2_up = apply_bpt_masks(logN2=logN2, logS2=logS2, logO3=logO3+logO3_err)
Extended file written ➜ /Users/Igniz/Desktop/ICRAR/extended/NGC4330_gas_BIN_maps_extended.fits
--------------------------------------------------------------
Total non-nan spaxels: 157381
Number of pixels with Halpha not detected: 67769
Number of pixels with Halpha detected, Hbeta not detected: 34329
Number of pixels with Halpha detected, Hbeta detected, NII not detected, OIII not detected and unclassified1: 476
Number of pixels with Halpha detected, Hbeta detected, NII not detected, OIII detected and unclassified1: 15
Number of pixels with Halpha detected, Hbeta detected, NII detected, OIII not detected and unclassified1: 235
Number of pixels with Halpha detected, Hbeta detected, NII detected, OIII detected and unclassified1: 417
Number of pixels with Halpha detected, Hbeta detected, SII not detected, OIII not detected and unclassified1: 514
Number of pixels with Halpha detected, Hbeta detected, SII not detected, OIII detected and unclassified1: 73
Number of pixels with Halpha detected, Hbeta detected, SII detected, OIII not detected and unclassified1: 197
Number of pixels with Halpha detected, Hbeta detected, SII detected, OIII detected and unclassified1: 359
--------------------------------------------------------------
Total Halpha luminosity map sum (detections + upper-limit substitutions): 3.27e+40 erg/s
Total corrected Halpha luminosity from SF region: 3.02e+40 erg/s
Total Halpha SFR map sum (detections + upper-limit substitutions): 0.16 M☉/yr or in log10 scale: -0.79 log(M☉/yr)
Total Halpha SFR from SF region: 0.15 M☉/yr or in log10 scale: -0.82 log(M☉/yr)
Total Halpha SFR from HII region: 0.15 M☉/yr or in log10 scale: -0.82 log(M☉/yr)
--------------------------------------------------------------
[O/H] D16 SF: Total metallicity in SF region:  8.442994689131872
[O/H] PG16 SF: Total metallicity in SF region:  8.405502055973605
[O/H] N2S2-N06 SF: Total metallicity in SF region:  8.779399781062907
[O/H] O3N2-M13 SF: Total metallicity in SF region:  8.486109091254699
[O/H] N2-M13 SF: Total metallicity in SF region:  8.487694421305076
[O/H] O3N2-PP04 SF: Total metallicity in SF region:  8.659882753278055
[O/H] N2-PP04 SF: Total metallicity in SF region:  8.578976682817723
[O/H] O3N2-C20 SF: Total metallicity in SF region:  8.70290781297045
[O/H] O3S2-C20 SF: Total metallicity in SF region:  8.821762414978034
[O/H] RS32-C20 SF: Total metallicity in SF region:  8.688839334217814
[O/H] R3-C20 SF: Total metallicity in SF region:  8.705668421724283
[O/H] N2-C20 SF: Total metallicity in SF region:  8.650393354940292
[O/H] S2-C20 SF: Total metallicity in SF region:  nan
[O/H] Combined-C20 SF: Total metallicity in SF region:  8.707314020700021 (weighted 5 methods; dominant R3)
--------------------------------------------------------------
[O/H] D16 HII: Total metallicity in HII region:  8.441757823609716
[O/H] PG16 HII: Total metallicity in HII region:  8.4044789566254
[O/H] N2S2-N06 HII: Total metallicity in HII region:  8.778527020886377
[O/H] O3N2-M13 HII: Total metallicity in HII region:  8.485820057096008
[O/H] N2-M13 HII: Total metallicity in HII region:  8.486826284023909
[O/H] O3N2-PP04 HII: Total metallicity in HII region:  8.659450552666929
[O/H] N2-PP04 HII: Total metallicity in HII region:  8.577230605804262
[O/H] O3N2-C20 HII: Total metallicity in HII region:  8.702627769263762
[O/H] O3S2-C20 HII: Total metallicity in HII region:  8.821639332100448
[O/H] RS32-C20 HII: Total metallicity in HII region:  8.689161883569826
[O/H] R3-C20 HII: Total metallicity in HII region:  8.70581269720272
[O/H] N2-C20 HII: Total metallicity in HII region:  8.649283620443619
[O/H] S2-C20 HII: Total metallicity in HII region:  nan
[O/H] Combined-C20 HII: Total metallicity in HII region:  8.707200165903862 (weighted 5 methods; dominant R3)
--------------------------------------------------------------
[O/H] D16: Total metallicity in total region:  8.44029660852277
[O/H] PG16: Total metallicity in total region:  8.414675517606918
[O/H] N2S2-N06: Total metallicity in total region:  8.766298958625088
[O/H] O3N2-M13: Total metallicity in total region:  8.484067101618479
[O/H] N2-M13: Total metallicity in total region:  8.502256486698396
[O/H] O3N2-PP04: Total metallicity in total region:  8.656829310831371
[O/H] N2-PP04: Total metallicity in total region:  8.609043174056453
[O/H] O3N2-C20: Total metallicity in total region:  8.700927756801219
[O/H] O3S2-C20: Total metallicity in total region:  8.822060501844305
[O/H] RS32-C20: Total metallicity in total region:  8.672189173585775
[O/H] R3-C20: Total metallicity in total region:  8.69432911667293
[O/H] N2-C20: Total metallicity in total region:  8.66947198945927
[O/H] S2-C20: Total metallicity in total region:  nan
[O/H] Combined-C20: Total metallicity in total region:  8.70247079781275 (weighted 5 methods; dominant R3)
--------------------------------------------------------------
Total runtime: 71.4 s
✅  NGC4330 finished in 1m13s
