Python executable: /opt/miniconda3/envs/ICRAR/bin/python
Python 3.13.3
PYTHONUNBUFFERED: 1
CANFAR base root : /arc/projects/mauve
Local fallback   : /Users/Igniz/Desktop/ICRAR/extended

Shared input keyword ➜ <none>
Reading gas-line FITS ➜ /Users/Igniz/Desktop/ICRAR/extended/NGC4694_gas_BIN_maps.fits
Matched binning FITS ➜ /Users/Igniz/Desktop/ICRAR/extended/NGC4694_SPATIAL_BINNING_maps_extended.fits
Loading kinematic map from /Users/Igniz/Desktop/ICRAR/extended/NGC4694_KIN_maps_extended.fits
Filename: /Users/Igniz/Desktop/ICRAR/extended/NGC4694_KIN_maps_extended.fits
No.    Name      Ver    Type      Cards   Dimensions   Format
  0  PRIMARY       1 PrimaryHDU       4   ()      
  1  V             1 ImageHDU        26   (439, 440)   float64   
  2  SIGMA         1 ImageHDU        26   (439, 440)   float64   
  3  H3            1 ImageHDU        26   (439, 440)   float64   
  4  H4            1 ImageHDU        26   (439, 440)   float64   
  5  FORM_ERR_V    1 ImageHDU        26   (439, 440)   float64   
  6  FORM_ERR_SIGMA    1 ImageHDU        26   (439, 440)   float64   
  7  FORM_ERR_H3    1 ImageHDU        26   (439, 440)   float64   
  8  FORM_ERR_H4    1 ImageHDU        26   (439, 440)   float64   
  9  SNR_POSTFIT    1 ImageHDU        26   (439, 440)   float64   
 10  FOREGROUND_STAR    1 ImageHDU        26   (439, 440)   float32   
Available extensions: ['V', 'SIGMA', 'H3', 'H4', 'FORM_ERR_V', 'FORM_ERR_SIGMA', 'FORM_ERR_H3', 'FORM_ERR_H4', 'SNR_POSTFIT', 'FOREGROUND_STAR']
Loaded V: shape (440, 439)
Loaded SIGMA: shape (440, 439)
Loaded H3: shape (440, 439)
Loaded H4: shape (440, 439)
Loaded FORM_ERR_V: shape (440, 439)
Loaded FORM_ERR_SIGMA: shape (440, 439)
Loaded FORM_ERR_H3: shape (440, 439)
Loaded FORM_ERR_H4: shape (440, 439)
Loaded SNR_POSTFIT: shape (440, 439)
Loaded FOREGROUND_STAR: shape (440, 439)
All data loaded successfully!
Foreground stars are removed successfully!
/Users/Igniz/Desktop/ICRAR/extended/SFR+Z.py:619: RuntimeWarning: divide by zero encountered in divide
  BD = HA6562_FLUX / HB4861_FLUX
--------------------------------------------------------------
Extinction law for k(λ)=A(λ)/E(B−V): mw (mw_rv=3.1)
k(Hβ 4861Å)  = 3.6092   at λ=0.4861 µm
k(Hα 6562Å)  = 2.5355   at λ=0.6562 µm
k([OIII]5006)= 3.4736   at λ=0.5006 µm
k([NII]6583) = 2.5255   at λ=0.6583 µm
k([SII]6716) = 2.4619   at λ=0.6716 µm
k([SII]6730) = 2.4552   at λ=0.6730 µm
--------------------------------------------------------------
/Users/Igniz/Desktop/ICRAR/extended/SFR+Z.py:985: RuntimeWarning: divide by zero encountered in divide
  y = np.log10(NII6583_FLUX_corr / (SII6716_FLUX_corr + SII6730_FLUX_corr)) + 0.264*np.log10(NII6583_FLUX_corr / HA6562_FLUX_corr)
/Users/Igniz/Desktop/ICRAR/extended/SFR+Z.py:985: RuntimeWarning: divide by zero encountered in log10
  y = np.log10(NII6583_FLUX_corr / (SII6716_FLUX_corr + SII6730_FLUX_corr)) + 0.264*np.log10(NII6583_FLUX_corr / HA6562_FLUX_corr)
/Users/Igniz/Desktop/ICRAR/extended/SFR+Z.py:996: RuntimeWarning: divide by zero encountered in divide
  N2 = NII_scaled / HB4861_FLUX_corr   # N2 = I([N II]λ6548 + λ6584)/I(Hβ)
/Users/Igniz/Desktop/ICRAR/extended/SFR+Z.py:997: RuntimeWarning: divide by zero encountered in divide
  S2 = (SII6716_FLUX_corr + SII6730_FLUX_corr) / HB4861_FLUX_corr  # S2 = I([S II]λ6717 + λ6731)/I(Hβ)
/Users/Igniz/Desktop/ICRAR/extended/SFR+Z.py:998: RuntimeWarning: divide by zero encountered in divide
  R3 = OIII_scaled / HB4861_FLUX_corr  # R3 = I([O III]λ4959 + λ5007)/I(Hβ) (same value as R2 in this case)
/Users/Igniz/Desktop/ICRAR/extended/SFR+Z.py:998: RuntimeWarning: invalid value encountered in divide
  R3 = OIII_scaled / HB4861_FLUX_corr  # R3 = I([O III]λ4959 + λ5007)/I(Hβ) (same value as R2 in this case)
/Users/Igniz/Desktop/ICRAR/extended/SFR+Z.py:1000: RuntimeWarning: divide by zero encountered in divide
  log_R3_S2 = np.log10(R3/S2)
/Users/Igniz/Desktop/ICRAR/extended/SFR+Z.py:1000: RuntimeWarning: invalid value encountered in divide
  log_R3_S2 = np.log10(R3/S2)
/Users/Igniz/Desktop/ICRAR/extended/SFR+Z.py:1000: RuntimeWarning: divide by zero encountered in log10
  log_R3_S2 = np.log10(R3/S2)
/Users/Igniz/Desktop/ICRAR/extended/SFR+Z.py:1001: RuntimeWarning: divide by zero encountered in log10
  log_N2 = np.log10(N2)
/Users/Igniz/Desktop/ICRAR/extended/SFR+Z.py:1002: RuntimeWarning: divide by zero encountered in log10
  log_S2 = np.log10(S2)
/Users/Igniz/Desktop/ICRAR/extended/SFR+Z.py:1025: RuntimeWarning: invalid value encountered in add
  O_H_PG16[upper_mask] = (a1_upper + a2_upper * log_R3_S2[upper_mask] + a3_upper * log_N2[upper_mask] +
/Users/Igniz/Desktop/ICRAR/extended/SFR+Z.py:1050: RuntimeWarning: divide by zero encountered in divide
  n2s2_ratio = np.log10(nii6583_flux / sii_total)
/Users/Igniz/Desktop/ICRAR/extended/SFR+Z.py:1050: RuntimeWarning: divide by zero encountered in log10
  n2s2_ratio = np.log10(nii6583_flux / sii_total)
/Users/Igniz/Desktop/ICRAR/extended/SFR+Z.py:1095: RuntimeWarning: divide by zero encountered in divide
  oiii_hb = oiii5006_flux / hb4861_flux
/Users/Igniz/Desktop/ICRAR/extended/SFR+Z.py:1095: RuntimeWarning: invalid value encountered in divide
  oiii_hb = oiii5006_flux / hb4861_flux
/Users/Igniz/Desktop/ICRAR/extended/SFR+Z.py:1097: RuntimeWarning: divide by zero encountered in divide
  o3n2_ratio = np.log10(oiii_hb / nii_ha)
/Users/Igniz/Desktop/ICRAR/extended/SFR+Z.py:1097: RuntimeWarning: divide by zero encountered in log10
  o3n2_ratio = np.log10(oiii_hb / nii_ha)
/Users/Igniz/Desktop/ICRAR/extended/SFR+Z.py:1119: RuntimeWarning: divide by zero encountered in log10
  n2_ratio = np.log10(nii6583_flux / ha6562_flux)
/Users/Igniz/Desktop/ICRAR/extended/SFR+Z.py:1142: RuntimeWarning: divide by zero encountered in divide
  oiii_hb = oiii5006_flux / hb4861_flux
/Users/Igniz/Desktop/ICRAR/extended/SFR+Z.py:1142: RuntimeWarning: invalid value encountered in divide
  oiii_hb = oiii5006_flux / hb4861_flux
/Users/Igniz/Desktop/ICRAR/extended/SFR+Z.py:1144: RuntimeWarning: divide by zero encountered in divide
  o3n2_ratio = np.log10(oiii_hb / nii_ha)
/Users/Igniz/Desktop/ICRAR/extended/SFR+Z.py:1144: RuntimeWarning: divide by zero encountered in log10
  o3n2_ratio = np.log10(oiii_hb / nii_ha)
/Users/Igniz/Desktop/ICRAR/extended/SFR+Z.py:1166: RuntimeWarning: divide by zero encountered in log10
  n2_ratio = np.log10(nii6583_flux / ha6562_flux)
/Users/Igniz/Desktop/ICRAR/extended/SFR+Z.py:1201: RuntimeWarning: divide by zero encountered in divide
  oiii_hb = oiii5006_flux / hb4861_flux
/Users/Igniz/Desktop/ICRAR/extended/SFR+Z.py:1201: RuntimeWarning: invalid value encountered in divide
  oiii_hb = oiii5006_flux / hb4861_flux
/Users/Igniz/Desktop/ICRAR/extended/SFR+Z.py:1203: RuntimeWarning: divide by zero encountered in divide
  o3n2_ratio = np.log10(oiii_hb / nii_ha)
/Users/Igniz/Desktop/ICRAR/extended/SFR+Z.py:1203: RuntimeWarning: divide by zero encountered in log10
  o3n2_ratio = np.log10(oiii_hb / nii_ha)
/Users/Igniz/Desktop/ICRAR/extended/SFR+Z.py:1303: RuntimeWarning: divide by zero encountered in divide
  oiii_hb = oiii5006_flux / hb4861_flux
/Users/Igniz/Desktop/ICRAR/extended/SFR+Z.py:1303: RuntimeWarning: invalid value encountered in divide
  oiii_hb = oiii5006_flux / hb4861_flux
/Users/Igniz/Desktop/ICRAR/extended/SFR+Z.py:1306: RuntimeWarning: divide by zero encountered in divide
  sii_hb = sii_total / hb4861_flux
/Users/Igniz/Desktop/ICRAR/extended/SFR+Z.py:1309: RuntimeWarning: divide by zero encountered in divide
  o3s2_ratio = np.log10(oiii_hb / sii_hb)
/Users/Igniz/Desktop/ICRAR/extended/SFR+Z.py:1309: RuntimeWarning: invalid value encountered in divide
  o3s2_ratio = np.log10(oiii_hb / sii_hb)
/Users/Igniz/Desktop/ICRAR/extended/SFR+Z.py:1309: RuntimeWarning: divide by zero encountered in log10
  o3s2_ratio = np.log10(oiii_hb / sii_hb)
Calculating all 6 C20 metallicities for NGC4694...
Combined C20 metallicity: median = 8.639, range = (8.062, 8.835)
Combined C20 dominant-weight method usage: O3N2=53418, O3S2=73, RS32=4326, R3=21348, N2=50, S2=459
Galaxy NGC4694 inclination: 62.0° (cos θ = 0.469)
Inclination correction ENABLED: applying b/a = 0.502 (adopting intrinsic thickness q₀ = 0.2 for disc galaxy)
/Users/Igniz/Desktop/ICRAR/extended/SFR+Z.py:2017: RuntimeWarning: divide by zero encountered in log10
  logN2  = np.log10(NII6583_FLUX_corr / HA6562_FLUX_corr)        # [N II]/Hα
/Users/Igniz/Desktop/ICRAR/extended/SFR+Z.py:2018: RuntimeWarning: divide by zero encountered in log10
  logS2  = np.log10((SII6716_FLUX_corr+SII6730_FLUX_corr) / HA6562_FLUX_corr)   # Σ[S II]/Hα
/Users/Igniz/Desktop/ICRAR/extended/SFR+Z.py:2019: RuntimeWarning: divide by zero encountered in divide
  logO3  = np.log10(OIII5006_FLUX_corr / HB4861_FLUX_corr)       # [O III]/Hβ
/Users/Igniz/Desktop/ICRAR/extended/SFR+Z.py:2019: RuntimeWarning: invalid value encountered in divide
  logO3  = np.log10(OIII5006_FLUX_corr / HB4861_FLUX_corr)       # [O III]/Hβ
/Users/Igniz/Desktop/ICRAR/extended/SFR+Z.py:2019: RuntimeWarning: divide by zero encountered in log10
  logO3  = np.log10(OIII5006_FLUX_corr / HB4861_FLUX_corr)       # [O III]/Hβ
/Users/Igniz/Desktop/ICRAR/extended/SFR+Z.py:2105: RuntimeWarning: invalid value encountered in add
  mask_N2_right, mask_S2_right = apply_bpt_masks(logN2=logN2+logN2_err, logS2=logS2+logS2_err, logO3=logO3)
/Users/Igniz/Desktop/ICRAR/extended/SFR+Z.py:2107: RuntimeWarning: invalid value encountered in add
  mask_N2_up, mask_S2_up = apply_bpt_masks(logN2=logN2, logS2=logS2, logO3=logO3+logO3_err)
Extended file written ➜ /Users/Igniz/Desktop/ICRAR/extended/NGC4694_gas_BIN_maps_extended.fits
--------------------------------------------------------------
Total non-nan spaxels: 81435
Number of pixels with Halpha not detected: 11652
Number of pixels with Halpha detected, Hbeta not detected: 41067
Number of pixels with Halpha detected, Hbeta detected, NII not detected, OIII not detected and unclassified1: 8
Number of pixels with Halpha detected, Hbeta detected, NII not detected, OIII detected and unclassified1: 22
Number of pixels with Halpha detected, Hbeta detected, NII detected, OIII not detected and unclassified1: 996
Number of pixels with Halpha detected, Hbeta detected, NII detected, OIII detected and unclassified1: 13696
Number of pixels with Halpha detected, Hbeta detected, SII not detected, OIII not detected and unclassified1: 250
Number of pixels with Halpha detected, Hbeta detected, SII not detected, OIII detected and unclassified1: 1546
Number of pixels with Halpha detected, Hbeta detected, SII detected, OIII not detected and unclassified1: 754
Number of pixels with Halpha detected, Hbeta detected, SII detected, OIII detected and unclassified1: 12172
--------------------------------------------------------------
Total Halpha luminosity map sum (detections + upper-limit substitutions): 1.77e+40 erg/s
Total corrected Halpha luminosity from SF region: 1.26e+40 erg/s
Total Halpha SFR map sum (detections + upper-limit substitutions): 0.09 M☉/yr or in log10 scale: -1.05 log(M☉/yr)
Total Halpha SFR from SF region: 0.06 M☉/yr or in log10 scale: -1.20 log(M☉/yr)
Total Halpha SFR from HII region: 0.06 M☉/yr or in log10 scale: -1.22 log(M☉/yr)
--------------------------------------------------------------
[O/H] D16 SF: Total metallicity in SF region:  8.623026383509295
[O/H] PG16 SF: Total metallicity in SF region:  8.502024315065912
[O/H] N2S2-N06 SF: Total metallicity in SF region:  8.940778317343918
[O/H] O3N2-M13 SF: Total metallicity in SF region:  8.519651195732786
[O/H] N2-M13 SF: Total metallicity in SF region:  8.532788297773443
[O/H] O3N2-PP04 SF: Total metallicity in SF region:  8.710039171189214
[O/H] N2-PP04 SF: Total metallicity in SF region:  8.67705467288075
[O/H] O3N2-C20 SF: Total metallicity in SF region:  8.734920447808292
[O/H] O3S2-C20 SF: Total metallicity in SF region:  8.822269399828638
[O/H] RS32-C20 SF: Total metallicity in SF region:  8.711244714464758
[O/H] R3-C20 SF: Total metallicity in SF region:  8.721562664427532
[O/H] N2-C20 SF: Total metallicity in SF region:  8.713442803771157
[O/H] S2-C20 SF: Total metallicity in SF region:  nan
[O/H] Combined-C20 SF: Total metallicity in SF region:  8.732888571081483 (weighted 5 methods; dominant R3)
--------------------------------------------------------------
[O/H] D16 HII: Total metallicity in HII region:  8.623692625535545
[O/H] PG16 HII: Total metallicity in HII region:  8.500113217086867
[O/H] N2S2-N06 HII: Total metallicity in HII region:  8.942861309630747
[O/H] O3N2-M13 HII: Total metallicity in HII region:  8.521152550085485
[O/H] N2-M13 HII: Total metallicity in HII region:  8.530058948170678
[O/H] O3N2-PP04 HII: Total metallicity in HII region:  8.712284187043718
[O/H] N2-PP04 HII: Total metallicity in HII region:  8.670690409042846
[O/H] O3N2-C20 HII: Total metallicity in HII region:  8.736331496042737
[O/H] O3S2-C20 HII: Total metallicity in HII region:  8.823235264288707
[O/H] RS32-C20 HII: Total metallicity in HII region:  8.715270985768068
[O/H] R3-C20 HII: Total metallicity in HII region:  8.724971337275852
[O/H] N2-C20 HII: Total metallicity in HII region:  8.709213053538276
[O/H] S2-C20 HII: Total metallicity in HII region:  nan
[O/H] Combined-C20 HII: Total metallicity in HII region:  8.734622908526806 (weighted 5 methods; dominant R3)
--------------------------------------------------------------
[O/H] D16: Total metallicity in total region:  8.600777552208196
[O/H] PG16: Total metallicity in total region:  8.552337768461731
[O/H] N2S2-N06: Total metallicity in total region:  8.88914849431339
[O/H] O3N2-M13: Total metallicity in total region:  8.482436976871323
[O/H] N2-M13: Total metallicity in total region:  8.586966318021407
[O/H] O3N2-PP04: Total metallicity in total region:  8.654391741115997
[O/H] N2-PP04: Total metallicity in total region:  8.815791859654347
[O/H] O3N2-C20: Total metallicity in total region:  8.699344418344964
[O/H] O3S2-C20: Total metallicity in total region:  8.797615459842577
[O/H] RS32-C20: Total metallicity in total region:  8.613836320281436
[O/H] R3-C20: Total metallicity in total region:  8.637820872965774
[O/H] N2-C20: Total metallicity in total region:  8.843285962396333
[O/H] S2-C20: Total metallicity in total region:  nan
[O/H] Combined-C20: Total metallicity in total region:  8.694230044324101 (weighted 5 methods; dominant R3)
--------------------------------------------------------------
Total runtime: 48.3 s
✅  NGC4694 finished in 0m55s
