Python executable: /opt/miniconda3/envs/ICRAR/bin/python
Python 3.13.3
PYTHONUNBUFFERED: 1
CANFAR base root : /arc/projects/mauve
Local fallback   : /Users/Igniz/Desktop/ICRAR/extended

Shared input keyword ➜ <none>
Reading gas-line FITS ➜ /Users/Igniz/Desktop/ICRAR/extended/NGC4298_gas_BIN_maps.fits
Matched binning FITS ➜ /Users/Igniz/Desktop/ICRAR/extended/NGC4298_SPATIAL_BINNING_maps_extended.fits
Loading kinematic map from /Users/Igniz/Desktop/ICRAR/extended/NGC4298_KIN_maps_extended.fits
Filename: /Users/Igniz/Desktop/ICRAR/extended/NGC4298_KIN_maps_extended.fits
No.    Name      Ver    Type      Cards   Dimensions   Format
  0  PRIMARY       1 PrimaryHDU       4   ()      
  1  V             1 ImageHDU        26   (1042, 995)   float64   
  2  SIGMA         1 ImageHDU        26   (1042, 995)   float64   
  3  H3            1 ImageHDU        26   (1042, 995)   float64   
  4  H4            1 ImageHDU        26   (1042, 995)   float64   
  5  FORM_ERR_V    1 ImageHDU        26   (1042, 995)   float64   
  6  FORM_ERR_SIGMA    1 ImageHDU        26   (1042, 995)   float64   
  7  FORM_ERR_H3    1 ImageHDU        26   (1042, 995)   float64   
  8  FORM_ERR_H4    1 ImageHDU        26   (1042, 995)   float64   
  9  SNR_POSTFIT    1 ImageHDU        26   (1042, 995)   float64   
 10  FOREGROUND_STAR    1 ImageHDU        26   (1042, 995)   float32   
Available extensions: ['V', 'SIGMA', 'H3', 'H4', 'FORM_ERR_V', 'FORM_ERR_SIGMA', 'FORM_ERR_H3', 'FORM_ERR_H4', 'SNR_POSTFIT', 'FOREGROUND_STAR']
Loaded V: shape (995, 1042)
Loaded SIGMA: shape (995, 1042)
Loaded H3: shape (995, 1042)
Loaded H4: shape (995, 1042)
Loaded FORM_ERR_V: shape (995, 1042)
Loaded FORM_ERR_SIGMA: shape (995, 1042)
Loaded FORM_ERR_H3: shape (995, 1042)
Loaded FORM_ERR_H4: shape (995, 1042)
Loaded SNR_POSTFIT: shape (995, 1042)
Loaded FOREGROUND_STAR: shape (995, 1042)
All data loaded successfully!
Foreground stars are removed successfully!
/Users/Igniz/Desktop/ICRAR/extended/SFR+Z.py:619: RuntimeWarning: divide by zero encountered in divide
  BD = HA6562_FLUX / HB4861_FLUX
/Users/Igniz/Desktop/ICRAR/extended/SFR+Z.py:619: RuntimeWarning: invalid value encountered in divide
  BD = HA6562_FLUX / HB4861_FLUX
--------------------------------------------------------------
Extinction law for k(λ)=A(λ)/E(B−V): mw (mw_rv=3.1)
k(Hβ 4861Å)  = 3.6092   at λ=0.4861 µm
k(Hα 6562Å)  = 2.5355   at λ=0.6562 µm
k([OIII]5006)= 3.4736   at λ=0.5006 µm
k([NII]6583) = 2.5255   at λ=0.6583 µm
k([SII]6716) = 2.4619   at λ=0.6716 µm
k([SII]6730) = 2.4552   at λ=0.6730 µm
--------------------------------------------------------------
/Users/Igniz/Desktop/ICRAR/extended/SFR+Z.py:985: RuntimeWarning: divide by zero encountered in divide
  y = np.log10(NII6583_FLUX_corr / (SII6716_FLUX_corr + SII6730_FLUX_corr)) + 0.264*np.log10(NII6583_FLUX_corr / HA6562_FLUX_corr)
/Users/Igniz/Desktop/ICRAR/extended/SFR+Z.py:985: RuntimeWarning: divide by zero encountered in log10
  y = np.log10(NII6583_FLUX_corr / (SII6716_FLUX_corr + SII6730_FLUX_corr)) + 0.264*np.log10(NII6583_FLUX_corr / HA6562_FLUX_corr)
/Users/Igniz/Desktop/ICRAR/extended/SFR+Z.py:996: RuntimeWarning: divide by zero encountered in divide
  N2 = NII_scaled / HB4861_FLUX_corr   # N2 = I([N II]λ6548 + λ6584)/I(Hβ)
/Users/Igniz/Desktop/ICRAR/extended/SFR+Z.py:996: RuntimeWarning: invalid value encountered in divide
  N2 = NII_scaled / HB4861_FLUX_corr   # N2 = I([N II]λ6548 + λ6584)/I(Hβ)
/Users/Igniz/Desktop/ICRAR/extended/SFR+Z.py:997: RuntimeWarning: divide by zero encountered in divide
  S2 = (SII6716_FLUX_corr + SII6730_FLUX_corr) / HB4861_FLUX_corr  # S2 = I([S II]λ6717 + λ6731)/I(Hβ)
/Users/Igniz/Desktop/ICRAR/extended/SFR+Z.py:997: RuntimeWarning: invalid value encountered in divide
  S2 = (SII6716_FLUX_corr + SII6730_FLUX_corr) / HB4861_FLUX_corr  # S2 = I([S II]λ6717 + λ6731)/I(Hβ)
/Users/Igniz/Desktop/ICRAR/extended/SFR+Z.py:998: RuntimeWarning: divide by zero encountered in divide
  R3 = OIII_scaled / HB4861_FLUX_corr  # R3 = I([O III]λ4959 + λ5007)/I(Hβ) (same value as R2 in this case)
/Users/Igniz/Desktop/ICRAR/extended/SFR+Z.py:998: RuntimeWarning: invalid value encountered in divide
  R3 = OIII_scaled / HB4861_FLUX_corr  # R3 = I([O III]λ4959 + λ5007)/I(Hβ) (same value as R2 in this case)
/Users/Igniz/Desktop/ICRAR/extended/SFR+Z.py:1000: RuntimeWarning: divide by zero encountered in divide
  log_R3_S2 = np.log10(R3/S2)
/Users/Igniz/Desktop/ICRAR/extended/SFR+Z.py:1000: RuntimeWarning: invalid value encountered in divide
  log_R3_S2 = np.log10(R3/S2)
/Users/Igniz/Desktop/ICRAR/extended/SFR+Z.py:1000: RuntimeWarning: divide by zero encountered in log10
  log_R3_S2 = np.log10(R3/S2)
/Users/Igniz/Desktop/ICRAR/extended/SFR+Z.py:1001: RuntimeWarning: divide by zero encountered in log10
  log_N2 = np.log10(N2)
/Users/Igniz/Desktop/ICRAR/extended/SFR+Z.py:1002: RuntimeWarning: divide by zero encountered in log10
  log_S2 = np.log10(S2)
/Users/Igniz/Desktop/ICRAR/extended/SFR+Z.py:1025: RuntimeWarning: invalid value encountered in add
  O_H_PG16[upper_mask] = (a1_upper + a2_upper * log_R3_S2[upper_mask] + a3_upper * log_N2[upper_mask] +
/Users/Igniz/Desktop/ICRAR/extended/SFR+Z.py:1028: RuntimeWarning: invalid value encountered in add
  O_H_PG16[lower_mask] = (a1_lower + a2_lower * log_R3_S2[lower_mask] + a3_lower * log_N2[lower_mask] +
/Users/Igniz/Desktop/ICRAR/extended/SFR+Z.py:1050: RuntimeWarning: divide by zero encountered in divide
  n2s2_ratio = np.log10(nii6583_flux / sii_total)
/Users/Igniz/Desktop/ICRAR/extended/SFR+Z.py:1050: RuntimeWarning: divide by zero encountered in log10
  n2s2_ratio = np.log10(nii6583_flux / sii_total)
/Users/Igniz/Desktop/ICRAR/extended/SFR+Z.py:1095: RuntimeWarning: divide by zero encountered in divide
  oiii_hb = oiii5006_flux / hb4861_flux
/Users/Igniz/Desktop/ICRAR/extended/SFR+Z.py:1095: RuntimeWarning: invalid value encountered in divide
  oiii_hb = oiii5006_flux / hb4861_flux
/Users/Igniz/Desktop/ICRAR/extended/SFR+Z.py:1096: RuntimeWarning: divide by zero encountered in divide
  nii_ha = nii6583_flux / ha6562_flux
/Users/Igniz/Desktop/ICRAR/extended/SFR+Z.py:1097: RuntimeWarning: divide by zero encountered in divide
  o3n2_ratio = np.log10(oiii_hb / nii_ha)
/Users/Igniz/Desktop/ICRAR/extended/SFR+Z.py:1097: RuntimeWarning: invalid value encountered in divide
  o3n2_ratio = np.log10(oiii_hb / nii_ha)
/Users/Igniz/Desktop/ICRAR/extended/SFR+Z.py:1097: RuntimeWarning: divide by zero encountered in log10
  o3n2_ratio = np.log10(oiii_hb / nii_ha)
/Users/Igniz/Desktop/ICRAR/extended/SFR+Z.py:1119: RuntimeWarning: divide by zero encountered in divide
  n2_ratio = np.log10(nii6583_flux / ha6562_flux)
/Users/Igniz/Desktop/ICRAR/extended/SFR+Z.py:1119: RuntimeWarning: divide by zero encountered in log10
  n2_ratio = np.log10(nii6583_flux / ha6562_flux)
/Users/Igniz/Desktop/ICRAR/extended/SFR+Z.py:1142: RuntimeWarning: divide by zero encountered in divide
  oiii_hb = oiii5006_flux / hb4861_flux
/Users/Igniz/Desktop/ICRAR/extended/SFR+Z.py:1142: RuntimeWarning: invalid value encountered in divide
  oiii_hb = oiii5006_flux / hb4861_flux
/Users/Igniz/Desktop/ICRAR/extended/SFR+Z.py:1143: RuntimeWarning: divide by zero encountered in divide
  nii_ha = nii6583_flux / ha6562_flux
/Users/Igniz/Desktop/ICRAR/extended/SFR+Z.py:1144: RuntimeWarning: divide by zero encountered in divide
  o3n2_ratio = np.log10(oiii_hb / nii_ha)
/Users/Igniz/Desktop/ICRAR/extended/SFR+Z.py:1144: RuntimeWarning: invalid value encountered in divide
  o3n2_ratio = np.log10(oiii_hb / nii_ha)
/Users/Igniz/Desktop/ICRAR/extended/SFR+Z.py:1144: RuntimeWarning: divide by zero encountered in log10
  o3n2_ratio = np.log10(oiii_hb / nii_ha)
/Users/Igniz/Desktop/ICRAR/extended/SFR+Z.py:1166: RuntimeWarning: divide by zero encountered in divide
  n2_ratio = np.log10(nii6583_flux / ha6562_flux)
/Users/Igniz/Desktop/ICRAR/extended/SFR+Z.py:1166: RuntimeWarning: divide by zero encountered in log10
  n2_ratio = np.log10(nii6583_flux / ha6562_flux)
/Users/Igniz/Desktop/ICRAR/extended/SFR+Z.py:1201: RuntimeWarning: divide by zero encountered in divide
  oiii_hb = oiii5006_flux / hb4861_flux
/Users/Igniz/Desktop/ICRAR/extended/SFR+Z.py:1201: RuntimeWarning: invalid value encountered in divide
  oiii_hb = oiii5006_flux / hb4861_flux
/Users/Igniz/Desktop/ICRAR/extended/SFR+Z.py:1202: RuntimeWarning: divide by zero encountered in divide
  nii_ha = nii6583_flux / ha6562_flux
/Users/Igniz/Desktop/ICRAR/extended/SFR+Z.py:1203: RuntimeWarning: divide by zero encountered in divide
  o3n2_ratio = np.log10(oiii_hb / nii_ha)
/Users/Igniz/Desktop/ICRAR/extended/SFR+Z.py:1203: RuntimeWarning: invalid value encountered in divide
  o3n2_ratio = np.log10(oiii_hb / nii_ha)
/Users/Igniz/Desktop/ICRAR/extended/SFR+Z.py:1203: RuntimeWarning: divide by zero encountered in log10
  o3n2_ratio = np.log10(oiii_hb / nii_ha)
/Users/Igniz/Desktop/ICRAR/extended/SFR+Z.py:1303: RuntimeWarning: divide by zero encountered in divide
  oiii_hb = oiii5006_flux / hb4861_flux
/Users/Igniz/Desktop/ICRAR/extended/SFR+Z.py:1303: RuntimeWarning: invalid value encountered in divide
  oiii_hb = oiii5006_flux / hb4861_flux
/Users/Igniz/Desktop/ICRAR/extended/SFR+Z.py:1306: RuntimeWarning: divide by zero encountered in divide
  sii_hb = sii_total / hb4861_flux
/Users/Igniz/Desktop/ICRAR/extended/SFR+Z.py:1306: RuntimeWarning: invalid value encountered in divide
  sii_hb = sii_total / hb4861_flux
/Users/Igniz/Desktop/ICRAR/extended/SFR+Z.py:1309: RuntimeWarning: divide by zero encountered in divide
  o3s2_ratio = np.log10(oiii_hb / sii_hb)
/Users/Igniz/Desktop/ICRAR/extended/SFR+Z.py:1309: RuntimeWarning: invalid value encountered in divide
  o3s2_ratio = np.log10(oiii_hb / sii_hb)
/Users/Igniz/Desktop/ICRAR/extended/SFR+Z.py:1309: RuntimeWarning: divide by zero encountered in log10
  o3s2_ratio = np.log10(oiii_hb / sii_hb)
Calculating all 6 C20 metallicities for NGC4298...
Combined C20 metallicity: median = 8.724, range = (8.245, 8.895)
Combined C20 dominant-weight method usage: O3N2=61814, O3S2=0, RS32=7356, R3=154351, N2=158, S2=97925
Galaxy NGC4298 inclination: 52.0° (cos θ = 0.616)
Inclination correction ENABLED: applying b/a = 0.636 (adopting intrinsic thickness q₀ = 0.2 for disc galaxy)
/Users/Igniz/Desktop/ICRAR/extended/SFR+Z.py:2017: RuntimeWarning: divide by zero encountered in divide
  logN2  = np.log10(NII6583_FLUX_corr / HA6562_FLUX_corr)        # [N II]/Hα
/Users/Igniz/Desktop/ICRAR/extended/SFR+Z.py:2017: RuntimeWarning: divide by zero encountered in log10
  logN2  = np.log10(NII6583_FLUX_corr / HA6562_FLUX_corr)        # [N II]/Hα
/Users/Igniz/Desktop/ICRAR/extended/SFR+Z.py:2018: RuntimeWarning: invalid value encountered in divide
  logS2  = np.log10((SII6716_FLUX_corr+SII6730_FLUX_corr) / HA6562_FLUX_corr)   # Σ[S II]/Hα
/Users/Igniz/Desktop/ICRAR/extended/SFR+Z.py:2018: RuntimeWarning: divide by zero encountered in log10
  logS2  = np.log10((SII6716_FLUX_corr+SII6730_FLUX_corr) / HA6562_FLUX_corr)   # Σ[S II]/Hα
/Users/Igniz/Desktop/ICRAR/extended/SFR+Z.py:2019: RuntimeWarning: divide by zero encountered in divide
  logO3  = np.log10(OIII5006_FLUX_corr / HB4861_FLUX_corr)       # [O III]/Hβ
/Users/Igniz/Desktop/ICRAR/extended/SFR+Z.py:2019: RuntimeWarning: invalid value encountered in divide
  logO3  = np.log10(OIII5006_FLUX_corr / HB4861_FLUX_corr)       # [O III]/Hβ
/Users/Igniz/Desktop/ICRAR/extended/SFR+Z.py:2019: RuntimeWarning: divide by zero encountered in log10
  logO3  = np.log10(OIII5006_FLUX_corr / HB4861_FLUX_corr)       # [O III]/Hβ
/Users/Igniz/Desktop/ICRAR/extended/SFR+Z.py:2105: RuntimeWarning: invalid value encountered in add
  mask_N2_right, mask_S2_right = apply_bpt_masks(logN2=logN2+logN2_err, logS2=logS2+logS2_err, logO3=logO3)
/Users/Igniz/Desktop/ICRAR/extended/SFR+Z.py:2107: RuntimeWarning: invalid value encountered in add
  mask_N2_up, mask_S2_up = apply_bpt_masks(logN2=logN2, logS2=logS2, logO3=logO3+logO3_err)
Extended file written ➜ /Users/Igniz/Desktop/ICRAR/extended/NGC4298_gas_BIN_maps_extended.fits
--------------------------------------------------------------
Total non-nan spaxels: 340245
Number of pixels with Halpha not detected: 78040
Number of pixels with Halpha detected, Hbeta not detected: 76748
Number of pixels with Halpha detected, Hbeta detected, NII not detected, OIII not detected and unclassified1: 0
Number of pixels with Halpha detected, Hbeta detected, NII not detected, OIII detected and unclassified1: 0
Number of pixels with Halpha detected, Hbeta detected, NII detected, OIII not detected and unclassified1: 314
Number of pixels with Halpha detected, Hbeta detected, NII detected, OIII detected and unclassified1: 1585
Number of pixels with Halpha detected, Hbeta detected, SII not detected, OIII not detected and unclassified1: 95
Number of pixels with Halpha detected, Hbeta detected, SII not detected, OIII detected and unclassified1: 223
Number of pixels with Halpha detected, Hbeta detected, SII detected, OIII not detected and unclassified1: 219
Number of pixels with Halpha detected, Hbeta detected, SII detected, OIII detected and unclassified1: 1362
--------------------------------------------------------------
Total Halpha luminosity map sum (detections + upper-limit substitutions): 1.24e+41 erg/s
Total corrected Halpha luminosity from SF region: 1.21e+41 erg/s
Total Halpha SFR map sum (detections + upper-limit substitutions): 0.62 M☉/yr or in log10 scale: -0.21 log(M☉/yr)
Total Halpha SFR from SF region: 0.60 M☉/yr or in log10 scale: -0.22 log(M☉/yr)
Total Halpha SFR from HII region: 0.58 M☉/yr or in log10 scale: -0.24 log(M☉/yr)
--------------------------------------------------------------
[O/H] D16 SF: Total metallicity in SF region:  8.717983636983114
[O/H] PG16 SF: Total metallicity in SF region:  8.518434355537382
[O/H] N2S2-N06 SF: Total metallicity in SF region:  9.037834687006846
[O/H] O3N2-M13 SF: Total metallicity in SF region:  8.564377399131168
[O/H] N2-M13 SF: Total metallicity in SF region:  8.505013121139946
[O/H] O3N2-PP04 SF: Total metallicity in SF region:  8.776919475336328
[O/H] N2-PP04 SF: Total metallicity in SF region:  8.614902940328479
[O/H] O3N2-C20 SF: Total metallicity in SF region:  8.776205454309755
[O/H] O3S2-C20 SF: Total metallicity in SF region:  8.841955117467458
[O/H] RS32-C20 SF: Total metallicity in SF region:  8.789946905870508
[O/H] R3-C20 SF: Total metallicity in SF region:  8.788353500184854
[O/H] N2-C20 SF: Total metallicity in SF region:  8.673194516725907
[O/H] S2-C20 SF: Total metallicity in SF region:  8.81351648873426
[O/H] Combined-C20 SF: Total metallicity in SF region:  8.786926825382656 (weighted 6 methods; dominant S2)
--------------------------------------------------------------
[O/H] D16 HII: Total metallicity in HII region:  8.71449568538947
[O/H] PG16 HII: Total metallicity in HII region:  8.514337743451334
[O/H] N2S2-N06 HII: Total metallicity in HII region:  9.038231972526736
[O/H] O3N2-M13 HII: Total metallicity in HII region:  8.570140691543688
[O/H] N2-M13 HII: Total metallicity in HII region:  8.49811684008935
[O/H] O3N2-PP04 HII: Total metallicity in HII region:  8.785537482682152
[O/H] N2-PP04 HII: Total metallicity in HII region:  8.600345033671044
[O/H] O3N2-C20 HII: Total metallicity in HII region:  8.781416768017802
[O/H] O3S2-C20 HII: Total metallicity in HII region:  8.847174288190626
[O/H] RS32-C20 HII: Total metallicity in HII region:  8.799246504633244
[O/H] R3-C20 HII: Total metallicity in HII region:  8.79803858952559
[O/H] N2-C20 HII: Total metallicity in HII region:  8.663952704919492
[O/H] S2-C20 HII: Total metallicity in HII region:  8.819988482704558
[O/H] Combined-C20 HII: Total metallicity in HII region:  8.792622496909054 (weighted 6 methods; dominant S2)
--------------------------------------------------------------
[O/H] D16: Total metallicity in total region:  8.717638270391836
[O/H] PG16: Total metallicity in total region:  8.52290264274127
[O/H] N2S2-N06: Total metallicity in total region:  9.033076137938327
[O/H] O3N2-M13: Total metallicity in total region:  8.552754923517481
[O/H] N2-M13: Total metallicity in total region:  8.51446744687496
[O/H] O3N2-PP04: Total metallicity in total region:  8.759540072549507
[O/H] N2-PP04: Total metallicity in total region:  8.635416499575534
[O/H] O3N2-C20: Total metallicity in total region:  8.765622766414754
[O/H] O3S2-C20: Total metallicity in total region:  8.832302114911764
[O/H] RS32-C20: Total metallicity in total region:  8.772930160996978
[O/H] R3-C20: Total metallicity in total region:  8.770616264042427
[O/H] N2-C20: Total metallicity in total region:  8.686282758528327
[O/H] S2-C20: Total metallicity in total region:  8.801624246538491
[O/H] Combined-C20: Total metallicity in total region:  8.775936100973796 (weighted 6 methods; dominant S2)
--------------------------------------------------------------
Total runtime: 166.2 s
✅  NGC4298 finished in 2m48s
